#
# A fatal error has been detected by the Java Runtime Environment:
#
#  EXCEPTION_ACCESS_VIOLATION (0xc0000005) at pc=0x00007ffbd432fb3b, pid=1052, tid=16420
#
# JRE version: OpenJDK Runtime Environment Corretto-11.0.13.8.1 (11.0.13+8) (build 11.0.13+8-LTS)
# Java VM: OpenJDK 64-Bit Server VM Corretto-11.0.13.8.1 (11.0.13+8-LTS, mixed mode, tiered, compressed oops, g1 gc, windows-amd64)
# Problematic frame:
# V  [jvm.dll+0x6efb3b]
#
# No core dump will be written. Minidumps are not enabled by default on client versions of Windows
#
# If you would like to submit a bug report, please visit:
#   https://github.com/corretto/corretto-11/issues/
#

---------------  S U M M A R Y ------------

Command Line: -agentlib:jdwp=transport=dt_socket,suspend=y,address=localhost:60758 -ea -javaagent:C:\Users\leong\eclipse\java-2021-12\eclipse\configuration\org.eclipse.osgi\221\0\.cp\lib\javaagent-shaded.jar -Dfile.encoding=UTF-8 org.eclipse.jdt.internal.junit.runner.RemoteTestRunner -version 3 -port 60756 -testLoaderClass org.eclipse.jdt.internal.junit5.runner.JUnit5TestLoader -loaderpluginname org.eclipse.jdt.junit5.runtime -test com.nphcswe.service.EmployeeServiceTest:TestCrudEmployee -uniqueId [engine:junit-jupiter]/[class:com.nphcswe.service.EmployeeServiceTest]/[method:TestCrudEmployee()]

Host: Intel(R) Core(TM) i5-9400F CPU @ 2.90GHz, 6 cores, 15G,  Windows 10 , 64 bit Build 19041 (10.0.19041.1503)
Time: Sat Feb 26 16:46:46 2022 Malay Peninsula Standard Time elapsed time: 463.277275 seconds (0d 0h 7m 43s)

---------------  T H R E A D  ---------------

Current thread (0x000001f8bd68c000):  VMThread "VM Thread" [stack: 0x000000de29f00000,0x000000de2a000000] [id=16420]

Stack: [0x000000de29f00000,0x000000de2a000000],  sp=0x000000de29ffe980,  free space=1018k
Native frames: (J=compiled Java code, j=interpreted, Vv=VM code, C=native code)
V  [jvm.dll+0x6efb3b]
V  [jvm.dll+0x32d483]
V  [jvm.dll+0x32f1dd]
V  [jvm.dll+0x32fa7e]
V  [jvm.dll+0x32d2dc]
V  [jvm.dll+0x32c512]
V  [jvm.dll+0x60bc65]
V  [jvm.dll+0x60b9ed]
V  [jvm.dll+0x5d0523]
V  [jvm.dll+0x4dd271]
V  [jvm.dll+0x7acc5c]
V  [jvm.dll+0x7b0d97]
V  [jvm.dll+0x7b1609]
V  [jvm.dll+0x7b1997]
V  [jvm.dll+0x765274]
V  [jvm.dll+0x61bb46]
C  [ucrtbase.dll+0x21bb2]
C  [KERNEL32.DLL+0x17034]
C  [ntdll.dll+0x52651]


siginfo: EXCEPTION_ACCESS_VIOLATION (0xc0000005), reading address 0x0000000000000006


Register to memory mapping:

RIP=0x00007ffbd432fb3b jvm.dll
RAX=0x000000de29ffea20 points into unknown readable memory: 0x0000000046000037 | 37 00 00 46 00 00 00 00
RBX=0x000000de29ffe9f0 points into unknown readable memory: 0x00007ffbd44fa888 | 88 a8 4f d4 fb 7f 00 00
RCX=0x0 is NULL
RDX=0x0 is NULL
RSP=0x000000de29ffe980 points into unknown readable memory: 0x000000de29ffe9f0 | f0 e9 ff 29 de 00 00 00
RBP=0x000000de29ffef40 points into unknown readable memory: 0x000001f8bd6467d8 | d8 67 64 bd f8 01 00 00
RSI=0x0 is NULL
RDI=0x0 is NULL
R8 =0x0 is NULL
R9 =0x000001f8bf03b470 is pointing into metadata
R10=0x00007ffbd3c40000 jvm.dll
R11=0x000000de29ffee50 points into unknown readable memory: 0x000000de29ffef10 | 10 ef ff 29 de 00 00 00
R12=0x000001f8bd646500 points into unknown readable memory: 0x00000000d4537100 | 00 71 53 d4 00 00 00 00
R13=0x0 is NULL
R14=0x000001f8bf03c1f2 is pointing into metadata
R15=0x00000000000002a4 is an unknown value


Registers:
RAX=0x000000de29ffea20, RBX=0x000000de29ffe9f0, RCX=0x0000000000000000, RDX=0x0000000000000000
RSP=0x000000de29ffe980, RBP=0x000000de29ffef40, RSI=0x0000000000000000, RDI=0x0000000000000000
R8 =0x0000000000000000, R9 =0x000001f8bf03b470, R10=0x00007ffbd3c40000, R11=0x000000de29ffee50
R12=0x000001f8bd646500, R13=0x0000000000000000, R14=0x000001f8bf03c1f2, R15=0x00000000000002a4
RIP=0x00007ffbd432fb3b, EFLAGS=0x0000000000010246

Top of Stack: (sp=0x000000de29ffe980)
0x000000de29ffe980:   000000de29ffe9f0 00007ffbd3e8842e
0x000000de29ffe990:   000001f8c0d4efb0 000001f897b9f370
0x000000de29ffe9a0:   000000de29ffeca9 00007ffc2fd3db07
0x000000de29ffe9b0:   0000000000000000 00007ffbd3f6d483
0x000000de29ffe9c0:   0000000000000000 000000de29fff0b0
0x000000de29ffe9d0:   000000de29ffea40 00007ffbd3e8842e
0x000000de29ffe9e0:   00007ffbd3c40000 0000000000000323
0x000000de29ffe9f0:   00007ffbd44fa888 0000000000000000
0x000000de29ffea00:   0000000000000000 000000000000000c
0x000000de29ffea10:   000000de29ffea20 000000de00000000
0x000000de29ffea20:   0000000046000037 000001f80000037f
0x000000de29ffea30:   4fffffff4fffffff 4fffffff4fffffff
0x000000de29ffea40:   00000000000002a3 00000000000003ff
0x000000de29ffea50:   000001f8c0d4efb0 000000000000000e
0x000000de29ffea60:   0000000000000323 00007ffc2d6d2437
0x000000de29ffea70:   0000000000000000 00007ffc2d7af0b0 

Instructions: (pc=0x00007ffbd432fb3b)
0x00007ffbd432fa3b:   03 48 8b cb ff 50 30 ff 43 14 48 c1 ef 04 eb 86
0x00007ffbd432fa4b:   48 8b 03 45 33 c0 33 d2 48 8b cb ff 50 48 ff 43
0x00007ffbd432fa5b:   14 48 c1 ef 04 e9 6c ff ff ff 48 8b 03 48 8b cb
0x00007ffbd432fa6b:   ff 50 38 83 43 14 02 48 c1 ef 04 e9 56 ff ff ff
0x00007ffbd432fa7b:   48 8b 03 48 8b cb ff 50 10 ff 43 14 48 c1 ef 04
0x00007ffbd432fa8b:   e9 41 ff ff ff 48 8b 03 48 8b cb ff 50 18 83 43
0x00007ffbd432fa9b:   14 02 48 c1 ef 04 e9 2b ff ff ff 48 8b 0d c3 fb
0x00007ffbd432faab:   3c 00 48 8d 15 bc 41 22 00 e8 a7 f3 f2 ff 48 8b
0x00007ffbd432fabb:   0d b0 fb 3c 00 48 8d 15 c1 41 22 00 4c 8b c6 e8
0x00007ffbd432facb:   91 f3 f2 ff ba cb 00 00 00 48 8d 0d 45 41 22 00
0x00007ffbd432fadb:   e8 90 f9 b5 ff e8 fb 53 f2 ff 48 c1 ef 04 e9 e3
0x00007ffbd432faeb:   fe ff ff 66 90 f2 f9 6e 00 03 fa 6e 00 15 fa 6e
0x00007ffbd432fafb:   00 27 fa 6e 00 39 fa 6e 00 65 fa 6e 00 7b fa 6e
0x00007ffbd432fb0b:   00 90 fa 6e 00 4b fa 6e 00 b1 f9 6e 00 cc cc cc
0x00007ffbd432fb1b:   cc cc cc cc cc 40 53 48 83 ec 30 c7 41 10 00 00
0x00007ffbd432fb2b:   00 00 48 8b d9 48 89 7c 24 48 48 8b 79 08 33 c9
0x00007ffbd432fb3b:   80 7f 06 28 74 30 44 8d 41 35 c7 44 24 20 28 00
0x00007ffbd432fb4b:   00 00 b9 00 00 00 e0 4c 8d 0d b7 40 22 00 48 8d
0x00007ffbd432fb5b:   15 c0 40 22 00 e8 7b f7 b5 ff e8 76 53 f2 ff 8b
0x00007ffbd432fb6b:   4b 10 48 8b 7b 08 8d 41 01 48 63 c9 89 43 10 80
0x00007ffbd432fb7b:   7c 39 07 29 0f 84 f9 00 00 00 48 89 74 24 40 44
0x00007ffbd432fb8b:   8b c0 48 8d 35 6c 04 91 ff 0f 1f 40 00 0f 1f 84
0x00007ffbd432fb9b:   00 00 00 00 00 4d 63 c8 41 0f be 4c 39 06 83 c1
0x00007ffbd432fbab:   be 83 f9 19 0f 87 96 00 00 00 48 63 c9 0f b6 8c
0x00007ffbd432fbbb:   0e 34 fd 6e 00 8b 94 8e 24 fd 6e 00 48 03 d6 ff
0x00007ffbd432fbcb:   e2 41 8d 40 01 89 43 10 e9 8c 00 00 00 0f 1f 84
0x00007ffbd432fbdb:   00 00 00 00 00 48 63 c8 ff c0 89 43 10 44 8b c0
0x00007ffbd432fbeb:   80 7c 39 06 3b 75 ee eb 73 41 8d 40 01 89 43 10
0x00007ffbd432fbfb:   41 80 7c 39 07 5b 75 1c 0f 1f 40 00 66 0f 1f 84
0x00007ffbd432fc0b:   00 00 00 00 00 48 63 c8 ff c0 89 43 10 80 7c 39
0x00007ffbd432fc1b:   07 5b 74 f1 48 63 c8 80 7c 39 06 4c 75 1b 0f 1f
0x00007ffbd432fc2b:   80 00 00 00 00 48 63 c8 ff c0 89 43 10 44 8b c0 


Stack slot to memory mapping:
stack at sp + 0 slots: 0x000000de29ffe9f0 points into unknown readable memory: 0x00007ffbd44fa888 | 88 a8 4f d4 fb 7f 00 00
stack at sp + 1 slots: 0x00007ffbd3e8842e jvm.dll
stack at sp + 2 slots: 0x000001f8c0d4efb0 points into unknown readable memory: 0x0000000000000000 | 00 00 00 00 00 00 00 00
stack at sp + 3 slots: 0x000001f897b9f370 points into unknown readable memory: 0x0000000000000000 | 00 00 00 00 00 00 00 00
stack at sp + 4 slots: 0x000000de29ffeca9 points into unknown readable memory: d2 1b 00 00 00 00 00
stack at sp + 5 slots: 0x00007ffc2fd3db07 ntdll.dll
stack at sp + 6 slots: 0x0 is NULL
stack at sp + 7 slots: 0x00007ffbd3f6d483 jvm.dll

VM_Operation (0x000000de2aaff5a0): GetOrSetLocal, mode: safepoint, requested by thread 0x000001f8be1da800


---------------  P R O C E S S  ---------------

Threads class SMR info:
_java_thread_list=0x000001f8c643f290, length=15, elements={
0x000001f899d8a000, 0x000001f8bd68e800, 0x000001f8bd698000, 0x000001f8bd6a3800,
0x000001f8bd6a4800, 0x000001f8bdf95800, 0x000001f8bdf98000, 0x000001f8bd6aa800,
0x000001f8be012000, 0x000001f8bd647000, 0x000001f8be1da800, 0x000001f8be41b800,
0x000001f8be41c000, 0x000001f8bea6a000, 0x000001f8c3b7b000
}

Java Threads: ( => current thread )
  0x000001f899d8a000 JavaThread "main" [_thread_blocked, id=2288, stack(0x000000de29900000,0x000000de29a00000)]
  0x000001f8bd68e800 JavaThread "Reference Handler" daemon [_thread_blocked, id=9760, stack(0x000000de2a000000,0x000000de2a100000)]
  0x000001f8bd698000 JavaThread "Finalizer" daemon [_thread_blocked, id=4956, stack(0x000000de2a100000,0x000000de2a200000)]
  0x000001f8bd6a3800 JavaThread "Signal Dispatcher" daemon [_thread_blocked, id=17632, stack(0x000000de2a200000,0x000000de2a300000)]
  0x000001f8bd6a4800 JavaThread "Attach Listener" daemon [_thread_blocked, id=3460, stack(0x000000de2a300000,0x000000de2a400000)]
  0x000001f8bdf95800 JavaThread "Service Thread" daemon [_thread_blocked, id=612, stack(0x000000de2a400000,0x000000de2a500000)]
  0x000001f8bdf98000 JavaThread "C2 CompilerThread0" daemon [_thread_blocked, id=10300, stack(0x000000de2a500000,0x000000de2a600000)]
  0x000001f8bd6aa800 JavaThread "C1 CompilerThread0" daemon [_thread_blocked, id=2040, stack(0x000000de2a600000,0x000000de2a700000)]
  0x000001f8be012000 JavaThread "Sweeper thread" daemon [_thread_blocked, id=1300, stack(0x000000de2a700000,0x000000de2a800000)]
  0x000001f8bd647000 JavaThread "Common-Cleaner" daemon [_thread_blocked, id=17752, stack(0x000000de2a800000,0x000000de2a900000)]
  0x000001f8be1da800 JavaThread "JDWP Transport Listener: dt_socket" daemon [_thread_blocked, id=7796, stack(0x000000de2aa00000,0x000000de2ab00000)] _threads_hazard_ptr=0x000001f8c643f290
  0x000001f8be41b800 JavaThread "JDWP Event Helper Thread" daemon [_thread_blocked, id=13764, stack(0x000000de2ab00000,0x000000de2ac00000)]
  0x000001f8be41c000 JavaThread "JDWP Command Reader" daemon [_thread_in_native, id=7128, stack(0x000000de2ac00000,0x000000de2ad00000)]
  0x000001f8bea6a000 JavaThread "ReaderThread" [_thread_in_native, id=16244, stack(0x000000de2ae00000,0x000000de2af00000)]
  0x000001f8c3b7b000 JavaThread "HikariPool-1 housekeeper" daemon [_thread_blocked, id=6032, stack(0x000000de2b500000,0x000000de2b600000)]

Other Threads:
=>0x000001f8bd68c000 VMThread "VM Thread" [stack: 0x000000de29f00000,0x000000de2a000000] [id=16420]
  0x000001f8be5ed800 WatcherThread [stack: 0x000000de2ad00000,0x000000de2ae00000] [id=5704]
  0x000001f899da2000 GCTaskThread "GC Thread#0" [stack: 0x000000de29a00000,0x000000de29b00000] [id=1596]
  0x000001f8beb1c000 GCTaskThread "GC Thread#1" [stack: 0x000000de2af00000,0x000000de2b000000] [id=15560]
  0x000001f8beb1d000 GCTaskThread "GC Thread#2" [stack: 0x000000de2b000000,0x000000de2b100000] [id=11768]
  0x000001f8bf2cf800 GCTaskThread "GC Thread#3" [stack: 0x000000de2b100000,0x000000de2b200000] [id=10964]
  0x000001f8bf2d0800 GCTaskThread "GC Thread#4" [stack: 0x000000de2b200000,0x000000de2b300000] [id=16336]
  0x000001f8bf2e3800 GCTaskThread "GC Thread#5" [stack: 0x000000de2b300000,0x000000de2b400000] [id=18720]
  0x000001f899dff000 ConcurrentGCThread "G1 Main Marker" [stack: 0x000000de29b00000,0x000000de29c00000] [id=8512]
  0x000001f899e02000 ConcurrentGCThread "G1 Conc#0" [stack: 0x000000de29c00000,0x000000de29d00000] [id=14520]
  0x000001f8bf9f0800 ConcurrentGCThread "G1 Conc#1" [stack: 0x000000de2b400000,0x000000de2b500000] [id=14064]
  0x000001f8bd568800 ConcurrentGCThread "G1 Refine#0" [stack: 0x000000de29d00000,0x000000de29e00000] [id=8824]
  0x000001f8bd569000 ConcurrentGCThread "G1 Young RemSet Sampling" [stack: 0x000000de29e00000,0x000000de29f00000] [id=16808]

Threads with active compile tasks:

VM state:at safepoint (normal execution)

VM Mutex/Monitor currently owned by a thread:  ([mutex/lock_event])
[0x000001f899d86c00] Threads_lock - owner thread: 0x000001f8bd68c000

Heap address: 0x0000000701000000, size: 4080 MB, Compressed Oops mode: Zero based, Oop shift amount: 3
Narrow klass base: 0x0000000800000000, Narrow klass shift: 0
Compressed class space size: 1073741824 Address: 0x0000000800000000

Heap:
 garbage-first heap   total 315392K, used 48902K [0x0000000701000000, 0x0000000800000000)
  region size 1024K, 40 young (40960K), 16 survivors (16384K)
 Metaspace       used 67914K, capacity 69896K, committed 70044K, reserved 1110016K
  class space    used 8560K, capacity 9371K, committed 9452K, reserved 1048576K
Heap Regions: E=young(eden), S=young(survivor), O=old, HS=humongous(starts), HC=humongous(continues), CS=collection set, F=free, A=archive, TAMS=top-at-mark-start (previous, next)
|   0|0x0000000701000000, 0x0000000701100000, 0x0000000701100000|100%|HS|  |TAMS 0x0000000701100000, 0x0000000701000000| Complete 
|   1|0x0000000701100000, 0x0000000701200000, 0x0000000701200000|100%| O|  |TAMS 0x0000000701200000, 0x0000000701100000| Untracked 
|   2|0x0000000701200000, 0x0000000701300000, 0x0000000701300000|100%| O|  |TAMS 0x0000000701300000, 0x0000000701200000| Untracked 
|   3|0x0000000701300000, 0x0000000701400000, 0x0000000701400000|100%| O|  |TAMS 0x0000000701400000, 0x0000000701300000| Untracked 
|   4|0x0000000701400000, 0x0000000701500000, 0x0000000701500000|100%| O|  |TAMS 0x0000000701500000, 0x0000000701400000| Untracked 
|   5|0x0000000701500000, 0x0000000701600000, 0x0000000701600000|100%| O|  |TAMS 0x0000000701600000, 0x0000000701500000| Untracked 
|   6|0x0000000701600000, 0x0000000701700000, 0x0000000701700000|100%| O|  |TAMS 0x00000007016c3a00, 0x0000000701600000| Untracked 
|   7|0x0000000701700000, 0x0000000701800000, 0x0000000701800000|100%| O|  |TAMS 0x0000000701700000, 0x0000000701700000| Untracked 
|   8|0x0000000701800000, 0x00000007018ee800, 0x0000000701900000| 93%| O|  |TAMS 0x0000000701800000, 0x0000000701800000| Untracked 
|   9|0x0000000701900000, 0x0000000701900000, 0x0000000701a00000|  0%| F|  |TAMS 0x0000000701900000, 0x0000000701900000| Untracked 
|  10|0x0000000701a00000, 0x0000000701a00000, 0x0000000701b00000|  0%| F|  |TAMS 0x0000000701a00000, 0x0000000701a00000| Untracked 
|  11|0x0000000701b00000, 0x0000000701b00000, 0x0000000701c00000|  0%| F|  |TAMS 0x0000000701b00000, 0x0000000701b00000| Untracked 
|  12|0x0000000701c00000, 0x0000000701c00000, 0x0000000701d00000|  0%| F|  |TAMS 0x0000000701c00000, 0x0000000701c00000| Untracked 
|  13|0x0000000701d00000, 0x0000000701d00000, 0x0000000701e00000|  0%| F|  |TAMS 0x0000000701d00000, 0x0000000701d00000| Untracked 
|  14|0x0000000701e00000, 0x0000000701e00000, 0x0000000701f00000|  0%| F|  |TAMS 0x0000000701e00000, 0x0000000701e00000| Untracked 
|  15|0x0000000701f00000, 0x0000000701f00000, 0x0000000702000000|  0%| F|  |TAMS 0x0000000701f00000, 0x0000000701f00000| Untracked 
|  16|0x0000000702000000, 0x0000000702000000, 0x0000000702100000|  0%| F|  |TAMS 0x0000000702000000, 0x0000000702000000| Untracked 
|  17|0x0000000702100000, 0x0000000702100000, 0x0000000702200000|  0%| F|  |TAMS 0x0000000702100000, 0x0000000702100000| Untracked 
|  18|0x0000000702200000, 0x0000000702200000, 0x0000000702300000|  0%| F|  |TAMS 0x0000000702200000, 0x0000000702200000| Untracked 
|  19|0x0000000702300000, 0x0000000702300000, 0x0000000702400000|  0%| F|  |TAMS 0x0000000702300000, 0x0000000702300000| Untracked 
|  20|0x0000000702400000, 0x0000000702400000, 0x0000000702500000|  0%| F|  |TAMS 0x0000000702400000, 0x0000000702400000| Untracked 
|  21|0x0000000702500000, 0x0000000702500000, 0x0000000702600000|  0%| F|  |TAMS 0x0000000702500000, 0x0000000702500000| Untracked 
|  22|0x0000000702600000, 0x0000000702600000, 0x0000000702700000|  0%| F|  |TAMS 0x0000000702600000, 0x0000000702600000| Untracked 
|  23|0x0000000702700000, 0x0000000702700000, 0x0000000702800000|  0%| F|  |TAMS 0x0000000702700000, 0x0000000702700000| Untracked 
|  24|0x0000000702800000, 0x0000000702800000, 0x0000000702900000|  0%| F|  |TAMS 0x0000000702800000, 0x0000000702800000| Untracked 
|  25|0x0000000702900000, 0x0000000702900000, 0x0000000702a00000|  0%| F|  |TAMS 0x0000000702900000, 0x0000000702900000| Untracked 
|  26|0x0000000702a00000, 0x0000000702a00000, 0x0000000702b00000|  0%| F|  |TAMS 0x0000000702a00000, 0x0000000702a00000| Untracked 
|  27|0x0000000702b00000, 0x0000000702b00000, 0x0000000702c00000|  0%| F|  |TAMS 0x0000000702b00000, 0x0000000702b00000| Untracked 
|  28|0x0000000702c00000, 0x0000000702c00000, 0x0000000702d00000|  0%| F|  |TAMS 0x0000000702c00000, 0x0000000702c00000| Untracked 
|  29|0x0000000702d00000, 0x0000000702d00000, 0x0000000702e00000|  0%| F|  |TAMS 0x0000000702d00000, 0x0000000702d00000| Untracked 
|  30|0x0000000702e00000, 0x0000000702e00000, 0x0000000702f00000|  0%| F|  |TAMS 0x0000000702e00000, 0x0000000702e00000| Untracked 
|  31|0x0000000702f00000, 0x0000000702f00000, 0x0000000703000000|  0%| F|  |TAMS 0x0000000702f00000, 0x0000000702f00000| Untracked 
|  32|0x0000000703000000, 0x0000000703000000, 0x0000000703100000|  0%| F|  |TAMS 0x0000000703000000, 0x0000000703000000| Untracked 
|  33|0x0000000703100000, 0x0000000703100000, 0x0000000703200000|  0%| F|  |TAMS 0x0000000703100000, 0x0000000703100000| Untracked 
|  34|0x0000000703200000, 0x0000000703200000, 0x0000000703300000|  0%| F|  |TAMS 0x0000000703200000, 0x0000000703200000| Untracked 
|  35|0x0000000703300000, 0x0000000703300000, 0x0000000703400000|  0%| F|  |TAMS 0x0000000703300000, 0x0000000703300000| Untracked 
|  36|0x0000000703400000, 0x0000000703400000, 0x0000000703500000|  0%| F|  |TAMS 0x0000000703400000, 0x0000000703400000| Untracked 
|  37|0x0000000703500000, 0x0000000703500000, 0x0000000703600000|  0%| F|  |TAMS 0x0000000703500000, 0x0000000703500000| Untracked 
|  38|0x0000000703600000, 0x0000000703600000, 0x0000000703700000|  0%| F|  |TAMS 0x0000000703600000, 0x0000000703600000| Untracked 
|  39|0x0000000703700000, 0x0000000703700000, 0x0000000703800000|  0%| F|  |TAMS 0x0000000703700000, 0x0000000703700000| Untracked 
|  40|0x0000000703800000, 0x0000000703800000, 0x0000000703900000|  0%| F|  |TAMS 0x0000000703800000, 0x0000000703800000| Untracked 
|  41|0x0000000703900000, 0x0000000703900000, 0x0000000703a00000|  0%| F|  |TAMS 0x0000000703900000, 0x0000000703900000| Untracked 
|  42|0x0000000703a00000, 0x0000000703a00000, 0x0000000703b00000|  0%| F|  |TAMS 0x0000000703a00000, 0x0000000703a00000| Untracked 
|  43|0x0000000703b00000, 0x0000000703b00000, 0x0000000703c00000|  0%| F|  |TAMS 0x0000000703b00000, 0x0000000703b00000| Untracked 
|  44|0x0000000703c00000, 0x0000000703c00000, 0x0000000703d00000|  0%| F|  |TAMS 0x0000000703c00000, 0x0000000703c00000| Untracked 
|  45|0x0000000703d00000, 0x0000000703d00000, 0x0000000703e00000|  0%| F|  |TAMS 0x0000000703d00000, 0x0000000703d00000| Untracked 
|  46|0x0000000703e00000, 0x0000000703e00000, 0x0000000703f00000|  0%| F|  |TAMS 0x0000000703e00000, 0x0000000703e00000| Untracked 
|  47|0x0000000703f00000, 0x0000000703f00000, 0x0000000704000000|  0%| F|  |TAMS 0x0000000703f00000, 0x0000000703f00000| Untracked 
|  48|0x0000000704000000, 0x0000000704000000, 0x0000000704100000|  0%| F|  |TAMS 0x0000000704000000, 0x0000000704000000| Untracked 
|  49|0x0000000704100000, 0x0000000704100000, 0x0000000704200000|  0%| F|  |TAMS 0x0000000704100000, 0x0000000704100000| Untracked 
|  50|0x0000000704200000, 0x0000000704200000, 0x0000000704300000|  0%| F|  |TAMS 0x0000000704200000, 0x0000000704200000| Untracked 
|  51|0x0000000704300000, 0x0000000704300000, 0x0000000704400000|  0%| F|  |TAMS 0x0000000704300000, 0x0000000704300000| Untracked 
|  52|0x0000000704400000, 0x0000000704400000, 0x0000000704500000|  0%| F|  |TAMS 0x0000000704400000, 0x0000000704400000| Untracked 
|  53|0x0000000704500000, 0x0000000704500000, 0x0000000704600000|  0%| F|  |TAMS 0x0000000704500000, 0x0000000704500000| Untracked 
|  54|0x0000000704600000, 0x0000000704600000, 0x0000000704700000|  0%| F|  |TAMS 0x0000000704600000, 0x0000000704600000| Untracked 
|  55|0x0000000704700000, 0x0000000704700000, 0x0000000704800000|  0%| F|  |TAMS 0x0000000704700000, 0x0000000704700000| Untracked 
|  56|0x0000000704800000, 0x0000000704800000, 0x0000000704900000|  0%| F|  |TAMS 0x0000000704800000, 0x0000000704800000| Untracked 
|  57|0x0000000704900000, 0x0000000704900000, 0x0000000704a00000|  0%| F|  |TAMS 0x0000000704900000, 0x0000000704900000| Untracked 
|  58|0x0000000704a00000, 0x0000000704a00000, 0x0000000704b00000|  0%| F|  |TAMS 0x0000000704a00000, 0x0000000704a00000| Untracked 
|  59|0x0000000704b00000, 0x0000000704b00000, 0x0000000704c00000|  0%| F|  |TAMS 0x0000000704b00000, 0x0000000704b00000| Untracked 
|  60|0x0000000704c00000, 0x0000000704c00000, 0x0000000704d00000|  0%| F|  |TAMS 0x0000000704c00000, 0x0000000704c00000| Untracked 
|  61|0x0000000704d00000, 0x0000000704d00000, 0x0000000704e00000|  0%| F|  |TAMS 0x0000000704d00000, 0x0000000704d00000| Untracked 
|  62|0x0000000704e00000, 0x0000000704e00000, 0x0000000704f00000|  0%| F|  |TAMS 0x0000000704e00000, 0x0000000704e00000| Untracked 
|  63|0x0000000704f00000, 0x0000000704f00000, 0x0000000705000000|  0%| F|  |TAMS 0x0000000704f00000, 0x0000000704f00000| Untracked 
|  64|0x0000000705000000, 0x0000000705000000, 0x0000000705100000|  0%| F|  |TAMS 0x0000000705000000, 0x0000000705000000| Untracked 
|  65|0x0000000705100000, 0x0000000705100000, 0x0000000705200000|  0%| F|  |TAMS 0x0000000705100000, 0x0000000705100000| Untracked 
|  66|0x0000000705200000, 0x0000000705200000, 0x0000000705300000|  0%| F|  |TAMS 0x0000000705200000, 0x0000000705200000| Untracked 
|  67|0x0000000705300000, 0x0000000705300000, 0x0000000705400000|  0%| F|  |TAMS 0x0000000705300000, 0x0000000705300000| Untracked 
|  68|0x0000000705400000, 0x0000000705400000, 0x0000000705500000|  0%| F|  |TAMS 0x0000000705400000, 0x0000000705400000| Untracked 
|  69|0x0000000705500000, 0x0000000705500000, 0x0000000705600000|  0%| F|  |TAMS 0x0000000705500000, 0x0000000705500000| Untracked 
|  70|0x0000000705600000, 0x0000000705600000, 0x0000000705700000|  0%| F|  |TAMS 0x0000000705600000, 0x0000000705600000| Untracked 
|  71|0x0000000705700000, 0x0000000705700000, 0x0000000705800000|  0%| F|  |TAMS 0x0000000705700000, 0x0000000705700000| Untracked 
|  72|0x0000000705800000, 0x0000000705800000, 0x0000000705900000|  0%| F|  |TAMS 0x0000000705800000, 0x0000000705800000| Untracked 
|  73|0x0000000705900000, 0x0000000705900000, 0x0000000705a00000|  0%| F|  |TAMS 0x0000000705900000, 0x0000000705900000| Untracked 
|  74|0x0000000705a00000, 0x0000000705a00000, 0x0000000705b00000|  0%| F|  |TAMS 0x0000000705a00000, 0x0000000705a00000| Untracked 
|  75|0x0000000705b00000, 0x0000000705b00000, 0x0000000705c00000|  0%| F|  |TAMS 0x0000000705b00000, 0x0000000705b00000| Untracked 
|  76|0x0000000705c00000, 0x0000000705c00000, 0x0000000705d00000|  0%| F|  |TAMS 0x0000000705c00000, 0x0000000705c00000| Untracked 
|  77|0x0000000705d00000, 0x0000000705d00000, 0x0000000705e00000|  0%| F|  |TAMS 0x0000000705d00000, 0x0000000705d00000| Untracked 
|  78|0x0000000705e00000, 0x0000000705e00000, 0x0000000705f00000|  0%| F|  |TAMS 0x0000000705e00000, 0x0000000705e00000| Untracked 
|  79|0x0000000705f00000, 0x0000000705f00000, 0x0000000706000000|  0%| F|  |TAMS 0x0000000705f00000, 0x0000000705f00000| Untracked 
|  80|0x0000000706000000, 0x0000000706000000, 0x0000000706100000|  0%| F|  |TAMS 0x0000000706000000, 0x0000000706000000| Untracked 
|  81|0x0000000706100000, 0x0000000706100000, 0x0000000706200000|  0%| F|  |TAMS 0x0000000706100000, 0x0000000706100000| Untracked 
|  82|0x0000000706200000, 0x0000000706200000, 0x0000000706300000|  0%| F|  |TAMS 0x0000000706200000, 0x0000000706200000| Untracked 
|  83|0x0000000706300000, 0x0000000706300000, 0x0000000706400000|  0%| F|  |TAMS 0x0000000706300000, 0x0000000706300000| Untracked 
|  84|0x0000000706400000, 0x0000000706400000, 0x0000000706500000|  0%| F|  |TAMS 0x0000000706400000, 0x0000000706400000| Untracked 
|  85|0x0000000706500000, 0x0000000706500000, 0x0000000706600000|  0%| F|  |TAMS 0x0000000706500000, 0x0000000706500000| Untracked 
|  86|0x0000000706600000, 0x0000000706600000, 0x0000000706700000|  0%| F|  |TAMS 0x0000000706600000, 0x0000000706600000| Untracked 
|  87|0x0000000706700000, 0x0000000706700000, 0x0000000706800000|  0%| F|  |TAMS 0x0000000706700000, 0x0000000706700000| Untracked 
|  88|0x0000000706800000, 0x0000000706800000, 0x0000000706900000|  0%| F|  |TAMS 0x0000000706800000, 0x0000000706800000| Untracked 
|  89|0x0000000706900000, 0x0000000706900000, 0x0000000706a00000|  0%| F|  |TAMS 0x0000000706900000, 0x0000000706900000| Untracked 
|  90|0x0000000706a00000, 0x0000000706a00000, 0x0000000706b00000|  0%| F|  |TAMS 0x0000000706a00000, 0x0000000706a00000| Untracked 
|  91|0x0000000706b00000, 0x0000000706b00000, 0x0000000706c00000|  0%| F|  |TAMS 0x0000000706b00000, 0x0000000706b00000| Untracked 
|  92|0x0000000706c00000, 0x0000000706c00000, 0x0000000706d00000|  0%| F|  |TAMS 0x0000000706c00000, 0x0000000706c00000| Untracked 
|  93|0x0000000706d00000, 0x0000000706d00000, 0x0000000706e00000|  0%| F|  |TAMS 0x0000000706d00000, 0x0000000706d00000| Untracked 
|  94|0x0000000706e00000, 0x0000000706e00000, 0x0000000706f00000|  0%| F|  |TAMS 0x0000000706e00000, 0x0000000706e00000| Untracked 
|  95|0x0000000706f00000, 0x0000000706f00000, 0x0000000707000000|  0%| F|  |TAMS 0x0000000706f00000, 0x0000000706f00000| Untracked 
|  96|0x0000000707000000, 0x0000000707000000, 0x0000000707100000|  0%| F|  |TAMS 0x0000000707000000, 0x0000000707000000| Untracked 
|  97|0x0000000707100000, 0x0000000707100000, 0x0000000707200000|  0%| F|  |TAMS 0x0000000707100000, 0x0000000707100000| Untracked 
|  98|0x0000000707200000, 0x0000000707200000, 0x0000000707300000|  0%| F|  |TAMS 0x0000000707200000, 0x0000000707200000| Untracked 
|  99|0x0000000707300000, 0x0000000707300000, 0x0000000707400000|  0%| F|  |TAMS 0x0000000707300000, 0x0000000707300000| Untracked 
| 100|0x0000000707400000, 0x0000000707400000, 0x0000000707500000|  0%| F|  |TAMS 0x0000000707400000, 0x0000000707400000| Untracked 
| 101|0x0000000707500000, 0x0000000707500000, 0x0000000707600000|  0%| F|  |TAMS 0x0000000707500000, 0x0000000707500000| Untracked 
| 102|0x0000000707600000, 0x0000000707600000, 0x0000000707700000|  0%| F|  |TAMS 0x0000000707600000, 0x0000000707600000| Untracked 
| 103|0x0000000707700000, 0x0000000707700000, 0x0000000707800000|  0%| F|  |TAMS 0x0000000707700000, 0x0000000707700000| Untracked 
| 104|0x0000000707800000, 0x0000000707800000, 0x0000000707900000|  0%| F|  |TAMS 0x0000000707800000, 0x0000000707800000| Untracked 
| 105|0x0000000707900000, 0x0000000707900000, 0x0000000707a00000|  0%| F|  |TAMS 0x0000000707900000, 0x0000000707900000| Untracked 
| 106|0x0000000707a00000, 0x0000000707a00000, 0x0000000707b00000|  0%| F|  |TAMS 0x0000000707a00000, 0x0000000707a00000| Untracked 
| 107|0x0000000707b00000, 0x0000000707b00000, 0x0000000707c00000|  0%| F|  |TAMS 0x0000000707b00000, 0x0000000707b00000| Untracked 
| 108|0x0000000707c00000, 0x0000000707cd3020, 0x0000000707d00000| 82%| S|CS|TAMS 0x0000000707c00000, 0x0000000707c00000| Complete 
| 109|0x0000000707d00000, 0x0000000707e00000, 0x0000000707e00000|100%| S|CS|TAMS 0x0000000707d00000, 0x0000000707d00000| Complete 
| 110|0x0000000707e00000, 0x0000000707f00000, 0x0000000707f00000|100%| S|CS|TAMS 0x0000000707e00000, 0x0000000707e00000| Complete 
| 111|0x0000000707f00000, 0x0000000708000000, 0x0000000708000000|100%| S|CS|TAMS 0x0000000707f00000, 0x0000000707f00000| Complete 
| 112|0x0000000708000000, 0x0000000708100000, 0x0000000708100000|100%| S|CS|TAMS 0x0000000708000000, 0x0000000708000000| Complete 
| 113|0x0000000708100000, 0x0000000708200000, 0x0000000708200000|100%| S|CS|TAMS 0x0000000708100000, 0x0000000708100000| Complete 
| 114|0x0000000708200000, 0x0000000708300000, 0x0000000708300000|100%| S|CS|TAMS 0x0000000708200000, 0x0000000708200000| Complete 
| 115|0x0000000708300000, 0x0000000708400000, 0x0000000708400000|100%| S|CS|TAMS 0x0000000708300000, 0x0000000708300000| Complete 
| 116|0x0000000708400000, 0x0000000708500000, 0x0000000708500000|100%| S|CS|TAMS 0x0000000708400000, 0x0000000708400000| Complete 
| 117|0x0000000708500000, 0x0000000708600000, 0x0000000708600000|100%| S|CS|TAMS 0x0000000708500000, 0x0000000708500000| Complete 
| 118|0x0000000708600000, 0x0000000708700000, 0x0000000708700000|100%| S|CS|TAMS 0x0000000708600000, 0x0000000708600000| Complete 
| 119|0x0000000708700000, 0x0000000708800000, 0x0000000708800000|100%| S|CS|TAMS 0x0000000708700000, 0x0000000708700000| Complete 
| 120|0x0000000708800000, 0x0000000708900000, 0x0000000708900000|100%| S|CS|TAMS 0x0000000708800000, 0x0000000708800000| Complete 
| 121|0x0000000708900000, 0x0000000708a00000, 0x0000000708a00000|100%| S|CS|TAMS 0x0000000708900000, 0x0000000708900000| Complete 
| 122|0x0000000708a00000, 0x0000000708b00000, 0x0000000708b00000|100%| S|CS|TAMS 0x0000000708a00000, 0x0000000708a00000| Complete 
| 123|0x0000000708b00000, 0x0000000708c00000, 0x0000000708c00000|100%| S|CS|TAMS 0x0000000708b00000, 0x0000000708b00000| Complete 
| 124|0x0000000708c00000, 0x0000000708c00000, 0x0000000708d00000|  0%| F|  |TAMS 0x0000000708c00000, 0x0000000708c00000| Untracked 
| 125|0x0000000708d00000, 0x0000000708d00000, 0x0000000708e00000|  0%| F|  |TAMS 0x0000000708d00000, 0x0000000708d00000| Untracked 
| 126|0x0000000708e00000, 0x0000000708e00000, 0x0000000708f00000|  0%| F|  |TAMS 0x0000000708e00000, 0x0000000708e00000| Untracked 
| 127|0x0000000708f00000, 0x0000000708f00000, 0x0000000709000000|  0%| F|  |TAMS 0x0000000708f00000, 0x0000000708f00000| Untracked 
| 128|0x0000000709000000, 0x0000000709000000, 0x0000000709100000|  0%| F|  |TAMS 0x0000000709000000, 0x0000000709000000| Untracked 
| 129|0x0000000709100000, 0x0000000709100000, 0x0000000709200000|  0%| F|  |TAMS 0x0000000709100000, 0x0000000709100000| Untracked 
| 130|0x0000000709200000, 0x0000000709200000, 0x0000000709300000|  0%| F|  |TAMS 0x0000000709200000, 0x0000000709200000| Untracked 
| 131|0x0000000709300000, 0x0000000709300000, 0x0000000709400000|  0%| F|  |TAMS 0x0000000709300000, 0x0000000709300000| Untracked 
| 132|0x0000000709400000, 0x0000000709400000, 0x0000000709500000|  0%| F|  |TAMS 0x0000000709400000, 0x0000000709400000| Untracked 
| 133|0x0000000709500000, 0x0000000709500000, 0x0000000709600000|  0%| F|  |TAMS 0x0000000709500000, 0x0000000709500000| Untracked 
| 134|0x0000000709600000, 0x0000000709600000, 0x0000000709700000|  0%| F|  |TAMS 0x0000000709600000, 0x0000000709600000| Untracked 
| 135|0x0000000709700000, 0x0000000709700000, 0x0000000709800000|  0%| F|  |TAMS 0x0000000709700000, 0x0000000709700000| Untracked 
| 136|0x0000000709800000, 0x0000000709800000, 0x0000000709900000|  0%| F|  |TAMS 0x0000000709800000, 0x0000000709800000| Untracked 
| 137|0x0000000709900000, 0x0000000709900000, 0x0000000709a00000|  0%| F|  |TAMS 0x0000000709900000, 0x0000000709900000| Untracked 
| 138|0x0000000709a00000, 0x0000000709a00000, 0x0000000709b00000|  0%| F|  |TAMS 0x0000000709a00000, 0x0000000709a00000| Untracked 
| 139|0x0000000709b00000, 0x0000000709b00000, 0x0000000709c00000|  0%| F|  |TAMS 0x0000000709b00000, 0x0000000709b00000| Untracked 
| 140|0x0000000709c00000, 0x0000000709c00000, 0x0000000709d00000|  0%| F|  |TAMS 0x0000000709c00000, 0x0000000709c00000| Untracked 
| 141|0x0000000709d00000, 0x0000000709d00000, 0x0000000709e00000|  0%| F|  |TAMS 0x0000000709d00000, 0x0000000709d00000| Untracked 
| 142|0x0000000709e00000, 0x0000000709e00000, 0x0000000709f00000|  0%| F|  |TAMS 0x0000000709e00000, 0x0000000709e00000| Untracked 
| 143|0x0000000709f00000, 0x0000000709f00000, 0x000000070a000000|  0%| F|  |TAMS 0x0000000709f00000, 0x0000000709f00000| Untracked 
| 144|0x000000070a000000, 0x000000070a000000, 0x000000070a100000|  0%| F|  |TAMS 0x000000070a000000, 0x000000070a000000| Untracked 
| 145|0x000000070a100000, 0x000000070a100000, 0x000000070a200000|  0%| F|  |TAMS 0x000000070a100000, 0x000000070a100000| Untracked 
| 146|0x000000070a200000, 0x000000070a200000, 0x000000070a300000|  0%| F|  |TAMS 0x000000070a200000, 0x000000070a200000| Untracked 
| 147|0x000000070a300000, 0x000000070a300000, 0x000000070a400000|  0%| F|  |TAMS 0x000000070a300000, 0x000000070a300000| Untracked 
| 148|0x000000070a400000, 0x000000070a400000, 0x000000070a500000|  0%| F|  |TAMS 0x000000070a400000, 0x000000070a400000| Untracked 
| 149|0x000000070a500000, 0x000000070a500000, 0x000000070a600000|  0%| F|  |TAMS 0x000000070a500000, 0x000000070a500000| Untracked 
| 150|0x000000070a600000, 0x000000070a600000, 0x000000070a700000|  0%| F|  |TAMS 0x000000070a600000, 0x000000070a600000| Untracked 
| 151|0x000000070a700000, 0x000000070a700000, 0x000000070a800000|  0%| F|  |TAMS 0x000000070a700000, 0x000000070a700000| Untracked 
| 152|0x000000070a800000, 0x000000070a800000, 0x000000070a900000|  0%| F|  |TAMS 0x000000070a800000, 0x000000070a800000| Untracked 
| 153|0x000000070a900000, 0x000000070a900000, 0x000000070aa00000|  0%| F|  |TAMS 0x000000070a900000, 0x000000070a900000| Untracked 
| 154|0x000000070aa00000, 0x000000070aa00000, 0x000000070ab00000|  0%| F|  |TAMS 0x000000070aa00000, 0x000000070aa00000| Untracked 
| 155|0x000000070ab00000, 0x000000070ab00000, 0x000000070ac00000|  0%| F|  |TAMS 0x000000070ab00000, 0x000000070ab00000| Untracked 
| 156|0x000000070ac00000, 0x000000070ac00000, 0x000000070ad00000|  0%| F|  |TAMS 0x000000070ac00000, 0x000000070ac00000| Untracked 
| 157|0x000000070ad00000, 0x000000070ad00000, 0x000000070ae00000|  0%| F|  |TAMS 0x000000070ad00000, 0x000000070ad00000| Untracked 
| 158|0x000000070ae00000, 0x000000070ae00000, 0x000000070af00000|  0%| F|  |TAMS 0x000000070ae00000, 0x000000070ae00000| Untracked 
| 159|0x000000070af00000, 0x000000070af00000, 0x000000070b000000|  0%| F|  |TAMS 0x000000070af00000, 0x000000070af00000| Untracked 
| 160|0x000000070b000000, 0x000000070b000000, 0x000000070b100000|  0%| F|  |TAMS 0x000000070b000000, 0x000000070b000000| Untracked 
| 161|0x000000070b100000, 0x000000070b100000, 0x000000070b200000|  0%| F|  |TAMS 0x000000070b100000, 0x000000070b100000| Untracked 
| 162|0x000000070b200000, 0x000000070b200000, 0x000000070b300000|  0%| F|  |TAMS 0x000000070b200000, 0x000000070b200000| Untracked 
| 163|0x000000070b300000, 0x000000070b300000, 0x000000070b400000|  0%| F|  |TAMS 0x000000070b300000, 0x000000070b300000| Untracked 
| 164|0x000000070b400000, 0x000000070b400000, 0x000000070b500000|  0%| F|  |TAMS 0x000000070b400000, 0x000000070b400000| Untracked 
| 165|0x000000070b500000, 0x000000070b500000, 0x000000070b600000|  0%| F|  |TAMS 0x000000070b500000, 0x000000070b500000| Untracked 
| 166|0x000000070b600000, 0x000000070b600000, 0x000000070b700000|  0%| F|  |TAMS 0x000000070b600000, 0x000000070b600000| Untracked 
| 167|0x000000070b700000, 0x000000070b700000, 0x000000070b800000|  0%| F|  |TAMS 0x000000070b700000, 0x000000070b700000| Untracked 
| 168|0x000000070b800000, 0x000000070b800000, 0x000000070b900000|  0%| F|  |TAMS 0x000000070b800000, 0x000000070b800000| Untracked 
| 169|0x000000070b900000, 0x000000070b900000, 0x000000070ba00000|  0%| F|  |TAMS 0x000000070b900000, 0x000000070b900000| Untracked 
| 170|0x000000070ba00000, 0x000000070ba00000, 0x000000070bb00000|  0%| F|  |TAMS 0x000000070ba00000, 0x000000070ba00000| Untracked 
| 171|0x000000070bb00000, 0x000000070bb00000, 0x000000070bc00000|  0%| F|  |TAMS 0x000000070bb00000, 0x000000070bb00000| Untracked 
| 172|0x000000070bc00000, 0x000000070bc00000, 0x000000070bd00000|  0%| F|  |TAMS 0x000000070bc00000, 0x000000070bc00000| Untracked 
| 173|0x000000070bd00000, 0x000000070bd00000, 0x000000070be00000|  0%| F|  |TAMS 0x000000070bd00000, 0x000000070bd00000| Untracked 
| 174|0x000000070be00000, 0x000000070be00000, 0x000000070bf00000|  0%| F|  |TAMS 0x000000070be00000, 0x000000070be00000| Untracked 
| 175|0x000000070bf00000, 0x000000070bf00000, 0x000000070c000000|  0%| F|  |TAMS 0x000000070bf00000, 0x000000070bf00000| Untracked 
| 176|0x000000070c000000, 0x000000070c000000, 0x000000070c100000|  0%| F|  |TAMS 0x000000070c000000, 0x000000070c000000| Untracked 
| 177|0x000000070c100000, 0x000000070c100000, 0x000000070c200000|  0%| F|  |TAMS 0x000000070c100000, 0x000000070c100000| Untracked 
| 178|0x000000070c200000, 0x000000070c200000, 0x000000070c300000|  0%| F|  |TAMS 0x000000070c200000, 0x000000070c200000| Untracked 
| 179|0x000000070c300000, 0x000000070c300000, 0x000000070c400000|  0%| F|  |TAMS 0x000000070c300000, 0x000000070c300000| Untracked 
| 180|0x000000070c400000, 0x000000070c400000, 0x000000070c500000|  0%| F|  |TAMS 0x000000070c400000, 0x000000070c400000| Untracked 
| 181|0x000000070c500000, 0x000000070c500000, 0x000000070c600000|  0%| F|  |TAMS 0x000000070c500000, 0x000000070c500000| Untracked 
| 182|0x000000070c600000, 0x000000070c600000, 0x000000070c700000|  0%| F|  |TAMS 0x000000070c600000, 0x000000070c600000| Untracked 
| 183|0x000000070c700000, 0x000000070c700000, 0x000000070c800000|  0%| F|  |TAMS 0x000000070c700000, 0x000000070c700000| Untracked 
| 184|0x000000070c800000, 0x000000070c800000, 0x000000070c900000|  0%| F|  |TAMS 0x000000070c800000, 0x000000070c800000| Untracked 
| 185|0x000000070c900000, 0x000000070c900000, 0x000000070ca00000|  0%| F|  |TAMS 0x000000070c900000, 0x000000070c900000| Untracked 
| 186|0x000000070ca00000, 0x000000070ca00000, 0x000000070cb00000|  0%| F|  |TAMS 0x000000070ca00000, 0x000000070ca00000| Untracked 
| 187|0x000000070cb00000, 0x000000070cb00000, 0x000000070cc00000|  0%| F|  |TAMS 0x000000070cb00000, 0x000000070cb00000| Untracked 
| 188|0x000000070cc00000, 0x000000070cc00000, 0x000000070cd00000|  0%| F|  |TAMS 0x000000070cc00000, 0x000000070cc00000| Untracked 
| 189|0x000000070cd00000, 0x000000070cd00000, 0x000000070ce00000|  0%| F|  |TAMS 0x000000070cd00000, 0x000000070cd00000| Untracked 
| 190|0x000000070ce00000, 0x000000070ce00000, 0x000000070cf00000|  0%| F|  |TAMS 0x000000070ce00000, 0x000000070ce00000| Untracked 
| 191|0x000000070cf00000, 0x000000070cf00000, 0x000000070d000000|  0%| F|  |TAMS 0x000000070cf00000, 0x000000070cf00000| Untracked 
| 192|0x000000070d000000, 0x000000070d000000, 0x000000070d100000|  0%| F|  |TAMS 0x000000070d000000, 0x000000070d000000| Untracked 
| 193|0x000000070d100000, 0x000000070d100000, 0x000000070d200000|  0%| F|  |TAMS 0x000000070d100000, 0x000000070d100000| Untracked 
| 194|0x000000070d200000, 0x000000070d200000, 0x000000070d300000|  0%| F|  |TAMS 0x000000070d200000, 0x000000070d200000| Untracked 
| 195|0x000000070d300000, 0x000000070d300000, 0x000000070d400000|  0%| F|  |TAMS 0x000000070d300000, 0x000000070d300000| Untracked 
| 196|0x000000070d400000, 0x000000070d400000, 0x000000070d500000|  0%| F|  |TAMS 0x000000070d400000, 0x000000070d400000| Untracked 
| 197|0x000000070d500000, 0x000000070d500000, 0x000000070d600000|  0%| F|  |TAMS 0x000000070d500000, 0x000000070d500000| Untracked 
| 198|0x000000070d600000, 0x000000070d600000, 0x000000070d700000|  0%| F|  |TAMS 0x000000070d600000, 0x000000070d600000| Untracked 
| 199|0x000000070d700000, 0x000000070d700000, 0x000000070d800000|  0%| F|  |TAMS 0x000000070d700000, 0x000000070d700000| Untracked 
| 200|0x000000070d800000, 0x000000070d800000, 0x000000070d900000|  0%| F|  |TAMS 0x000000070d800000, 0x000000070d800000| Untracked 
| 201|0x000000070d900000, 0x000000070d900000, 0x000000070da00000|  0%| F|  |TAMS 0x000000070d900000, 0x000000070d900000| Untracked 
| 202|0x000000070da00000, 0x000000070da00000, 0x000000070db00000|  0%| F|  |TAMS 0x000000070da00000, 0x000000070da00000| Untracked 
| 203|0x000000070db00000, 0x000000070db00000, 0x000000070dc00000|  0%| F|  |TAMS 0x000000070db00000, 0x000000070db00000| Untracked 
| 204|0x000000070dc00000, 0x000000070dc00000, 0x000000070dd00000|  0%| F|  |TAMS 0x000000070dc00000, 0x000000070dc00000| Untracked 
| 205|0x000000070dd00000, 0x000000070dd00000, 0x000000070de00000|  0%| F|  |TAMS 0x000000070dd00000, 0x000000070dd00000| Untracked 
| 206|0x000000070de00000, 0x000000070de00000, 0x000000070df00000|  0%| F|  |TAMS 0x000000070de00000, 0x000000070de00000| Untracked 
| 207|0x000000070df00000, 0x000000070df00000, 0x000000070e000000|  0%| F|  |TAMS 0x000000070df00000, 0x000000070df00000| Untracked 
| 208|0x000000070e000000, 0x000000070e000000, 0x000000070e100000|  0%| F|  |TAMS 0x000000070e000000, 0x000000070e000000| Untracked 
| 209|0x000000070e100000, 0x000000070e100000, 0x000000070e200000|  0%| F|  |TAMS 0x000000070e100000, 0x000000070e100000| Untracked 
| 210|0x000000070e200000, 0x000000070e200000, 0x000000070e300000|  0%| F|  |TAMS 0x000000070e200000, 0x000000070e200000| Untracked 
| 211|0x000000070e300000, 0x000000070e300000, 0x000000070e400000|  0%| F|  |TAMS 0x000000070e300000, 0x000000070e300000| Untracked 
| 212|0x000000070e400000, 0x000000070e400000, 0x000000070e500000|  0%| F|  |TAMS 0x000000070e400000, 0x000000070e400000| Untracked 
| 213|0x000000070e500000, 0x000000070e500000, 0x000000070e600000|  0%| F|  |TAMS 0x000000070e500000, 0x000000070e500000| Untracked 
| 214|0x000000070e600000, 0x000000070e600000, 0x000000070e700000|  0%| F|  |TAMS 0x000000070e600000, 0x000000070e600000| Untracked 
| 215|0x000000070e700000, 0x000000070e700000, 0x000000070e800000|  0%| F|  |TAMS 0x000000070e700000, 0x000000070e700000| Untracked 
| 216|0x000000070e800000, 0x000000070e800000, 0x000000070e900000|  0%| F|  |TAMS 0x000000070e800000, 0x000000070e800000| Untracked 
| 217|0x000000070e900000, 0x000000070e900000, 0x000000070ea00000|  0%| F|  |TAMS 0x000000070e900000, 0x000000070e900000| Untracked 
| 218|0x000000070ea00000, 0x000000070ea00000, 0x000000070eb00000|  0%| F|  |TAMS 0x000000070ea00000, 0x000000070ea00000| Untracked 
| 219|0x000000070eb00000, 0x000000070eb00000, 0x000000070ec00000|  0%| F|  |TAMS 0x000000070eb00000, 0x000000070eb00000| Untracked 
| 220|0x000000070ec00000, 0x000000070ec00000, 0x000000070ed00000|  0%| F|  |TAMS 0x000000070ec00000, 0x000000070ec00000| Untracked 
| 221|0x000000070ed00000, 0x000000070ed00000, 0x000000070ee00000|  0%| F|  |TAMS 0x000000070ed00000, 0x000000070ed00000| Untracked 
| 222|0x000000070ee00000, 0x000000070ee00000, 0x000000070ef00000|  0%| F|  |TAMS 0x000000070ee00000, 0x000000070ee00000| Untracked 
| 223|0x000000070ef00000, 0x000000070ef00000, 0x000000070f000000|  0%| F|  |TAMS 0x000000070ef00000, 0x000000070ef00000| Untracked 
| 224|0x000000070f000000, 0x000000070f000000, 0x000000070f100000|  0%| F|  |TAMS 0x000000070f000000, 0x000000070f000000| Untracked 
| 225|0x000000070f100000, 0x000000070f100000, 0x000000070f200000|  0%| F|  |TAMS 0x000000070f100000, 0x000000070f100000| Untracked 
| 226|0x000000070f200000, 0x000000070f200000, 0x000000070f300000|  0%| F|  |TAMS 0x000000070f200000, 0x000000070f200000| Untracked 
| 227|0x000000070f300000, 0x000000070f300000, 0x000000070f400000|  0%| F|  |TAMS 0x000000070f300000, 0x000000070f300000| Untracked 
| 228|0x000000070f400000, 0x000000070f400000, 0x000000070f500000|  0%| F|  |TAMS 0x000000070f400000, 0x000000070f400000| Untracked 
| 229|0x000000070f500000, 0x000000070f500000, 0x000000070f600000|  0%| F|  |TAMS 0x000000070f500000, 0x000000070f500000| Untracked 
| 230|0x000000070f600000, 0x000000070f600000, 0x000000070f700000|  0%| F|  |TAMS 0x000000070f600000, 0x000000070f600000| Untracked 
| 231|0x000000070f700000, 0x000000070f700000, 0x000000070f800000|  0%| F|  |TAMS 0x000000070f700000, 0x000000070f700000| Untracked 
| 232|0x000000070f800000, 0x000000070f800000, 0x000000070f900000|  0%| F|  |TAMS 0x000000070f800000, 0x000000070f800000| Untracked 
| 233|0x000000070f900000, 0x000000070f900000, 0x000000070fa00000|  0%| F|  |TAMS 0x000000070f900000, 0x000000070f900000| Untracked 
| 234|0x000000070fa00000, 0x000000070fa00000, 0x000000070fb00000|  0%| F|  |TAMS 0x000000070fa00000, 0x000000070fa00000| Untracked 
| 235|0x000000070fb00000, 0x000000070fb00000, 0x000000070fc00000|  0%| F|  |TAMS 0x000000070fb00000, 0x000000070fb00000| Untracked 
| 236|0x000000070fc00000, 0x000000070fc00000, 0x000000070fd00000|  0%| F|  |TAMS 0x000000070fc00000, 0x000000070fc00000| Untracked 
| 237|0x000000070fd00000, 0x000000070fd00000, 0x000000070fe00000|  0%| F|  |TAMS 0x000000070fd00000, 0x000000070fd00000| Untracked 
| 238|0x000000070fe00000, 0x000000070fe00000, 0x000000070ff00000|  0%| F|  |TAMS 0x000000070fe00000, 0x000000070fe00000| Untracked 
| 239|0x000000070ff00000, 0x000000070ff00000, 0x0000000710000000|  0%| F|  |TAMS 0x000000070ff00000, 0x000000070ff00000| Untracked 
| 240|0x0000000710000000, 0x0000000710000000, 0x0000000710100000|  0%| F|  |TAMS 0x0000000710000000, 0x0000000710000000| Untracked 
| 241|0x0000000710100000, 0x0000000710100000, 0x0000000710200000|  0%| F|  |TAMS 0x0000000710100000, 0x0000000710100000| Untracked 
| 242|0x0000000710200000, 0x0000000710200000, 0x0000000710300000|  0%| F|  |TAMS 0x0000000710200000, 0x0000000710200000| Untracked 
| 243|0x0000000710300000, 0x0000000710300000, 0x0000000710400000|  0%| F|  |TAMS 0x0000000710300000, 0x0000000710300000| Untracked 
| 244|0x0000000710400000, 0x0000000710400000, 0x0000000710500000|  0%| F|  |TAMS 0x0000000710400000, 0x0000000710400000| Untracked 
| 245|0x0000000710500000, 0x0000000710500000, 0x0000000710600000|  0%| F|  |TAMS 0x0000000710500000, 0x0000000710500000| Untracked 
| 246|0x0000000710600000, 0x0000000710600000, 0x0000000710700000|  0%| F|  |TAMS 0x0000000710600000, 0x0000000710600000| Untracked 
| 247|0x0000000710700000, 0x0000000710700000, 0x0000000710800000|  0%| F|  |TAMS 0x0000000710700000, 0x0000000710700000| Untracked 
| 248|0x0000000710800000, 0x0000000710800000, 0x0000000710900000|  0%| F|  |TAMS 0x0000000710800000, 0x0000000710800000| Untracked 
| 249|0x0000000710900000, 0x0000000710900000, 0x0000000710a00000|  0%| F|  |TAMS 0x0000000710900000, 0x0000000710900000| Untracked 
| 250|0x0000000710a00000, 0x0000000710a00000, 0x0000000710b00000|  0%| F|  |TAMS 0x0000000710a00000, 0x0000000710a00000| Untracked 
| 251|0x0000000710b00000, 0x0000000710b00000, 0x0000000710c00000|  0%| F|  |TAMS 0x0000000710b00000, 0x0000000710b00000| Untracked 
| 252|0x0000000710c00000, 0x0000000710c00000, 0x0000000710d00000|  0%| F|  |TAMS 0x0000000710c00000, 0x0000000710c00000| Untracked 
| 253|0x0000000710d00000, 0x0000000710d00000, 0x0000000710e00000|  0%| F|  |TAMS 0x0000000710d00000, 0x0000000710d00000| Untracked 
| 254|0x0000000710e00000, 0x0000000710e00000, 0x0000000710f00000|  0%| F|  |TAMS 0x0000000710e00000, 0x0000000710e00000| Untracked 
| 255|0x0000000710f00000, 0x0000000710f00000, 0x0000000711000000|  0%| F|  |TAMS 0x0000000710f00000, 0x0000000710f00000| Untracked 
| 256|0x0000000711000000, 0x0000000711000000, 0x0000000711100000|  0%| F|  |TAMS 0x0000000711000000, 0x0000000711000000| Untracked 
| 257|0x0000000711100000, 0x0000000711100000, 0x0000000711200000|  0%| F|  |TAMS 0x0000000711100000, 0x0000000711100000| Untracked 
| 258|0x0000000711200000, 0x0000000711200000, 0x0000000711300000|  0%| F|  |TAMS 0x0000000711200000, 0x0000000711200000| Untracked 
| 259|0x0000000711300000, 0x0000000711300000, 0x0000000711400000|  0%| F|  |TAMS 0x0000000711300000, 0x0000000711300000| Untracked 
| 260|0x0000000711400000, 0x0000000711400000, 0x0000000711500000|  0%| F|  |TAMS 0x0000000711400000, 0x0000000711400000| Untracked 
| 261|0x0000000711500000, 0x0000000711500000, 0x0000000711600000|  0%| F|  |TAMS 0x0000000711500000, 0x0000000711500000| Untracked 
| 262|0x0000000711600000, 0x0000000711600000, 0x0000000711700000|  0%| F|  |TAMS 0x0000000711600000, 0x0000000711600000| Untracked 
| 263|0x0000000711700000, 0x0000000711700000, 0x0000000711800000|  0%| F|  |TAMS 0x0000000711700000, 0x0000000711700000| Untracked 
| 264|0x0000000711800000, 0x0000000711800000, 0x0000000711900000|  0%| F|  |TAMS 0x0000000711800000, 0x0000000711800000| Untracked 
| 265|0x0000000711900000, 0x0000000711900000, 0x0000000711a00000|  0%| F|  |TAMS 0x0000000711900000, 0x0000000711900000| Untracked 
| 266|0x0000000711a00000, 0x0000000711a00000, 0x0000000711b00000|  0%| F|  |TAMS 0x0000000711a00000, 0x0000000711a00000| Untracked 
| 267|0x0000000711b00000, 0x0000000711b00000, 0x0000000711c00000|  0%| F|  |TAMS 0x0000000711b00000, 0x0000000711b00000| Untracked 
| 268|0x0000000711c00000, 0x0000000711c00000, 0x0000000711d00000|  0%| F|  |TAMS 0x0000000711c00000, 0x0000000711c00000| Untracked 
| 269|0x0000000711d00000, 0x0000000711d00000, 0x0000000711e00000|  0%| F|  |TAMS 0x0000000711d00000, 0x0000000711d00000| Untracked 
| 270|0x0000000711e00000, 0x0000000711e00000, 0x0000000711f00000|  0%| F|  |TAMS 0x0000000711e00000, 0x0000000711e00000| Untracked 
| 271|0x0000000711f00000, 0x0000000711f00000, 0x0000000712000000|  0%| F|  |TAMS 0x0000000711f00000, 0x0000000711f00000| Untracked 
| 272|0x0000000712000000, 0x0000000712000000, 0x0000000712100000|  0%| F|  |TAMS 0x0000000712000000, 0x0000000712000000| Untracked 
| 273|0x0000000712100000, 0x0000000712100000, 0x0000000712200000|  0%| F|  |TAMS 0x0000000712100000, 0x0000000712100000| Untracked 
| 274|0x0000000712200000, 0x0000000712200000, 0x0000000712300000|  0%| F|  |TAMS 0x0000000712200000, 0x0000000712200000| Untracked 
| 275|0x0000000712300000, 0x0000000712300000, 0x0000000712400000|  0%| F|  |TAMS 0x0000000712300000, 0x0000000712300000| Untracked 
| 276|0x0000000712400000, 0x0000000712400000, 0x0000000712500000|  0%| F|  |TAMS 0x0000000712400000, 0x0000000712400000| Untracked 
| 277|0x0000000712500000, 0x0000000712500000, 0x0000000712600000|  0%| F|  |TAMS 0x0000000712500000, 0x0000000712500000| Untracked 
| 278|0x0000000712600000, 0x0000000712600000, 0x0000000712700000|  0%| F|  |TAMS 0x0000000712600000, 0x0000000712600000| Untracked 
| 279|0x0000000712700000, 0x0000000712700000, 0x0000000712800000|  0%| F|  |TAMS 0x0000000712700000, 0x0000000712700000| Untracked 
| 280|0x0000000712800000, 0x0000000712800000, 0x0000000712900000|  0%| F|  |TAMS 0x0000000712800000, 0x0000000712800000| Untracked 
| 281|0x0000000712900000, 0x0000000712900000, 0x0000000712a00000|  0%| F|  |TAMS 0x0000000712900000, 0x0000000712900000| Untracked 
| 282|0x0000000712a00000, 0x0000000712a00000, 0x0000000712b00000|  0%| F|  |TAMS 0x0000000712a00000, 0x0000000712a00000| Untracked 
| 283|0x0000000712b00000, 0x0000000712b00000, 0x0000000712c00000|  0%| F|  |TAMS 0x0000000712b00000, 0x0000000712b00000| Untracked 
| 284|0x0000000712c00000, 0x0000000712c80800, 0x0000000712d00000| 50%| E|  |TAMS 0x0000000712c00000, 0x0000000712c00000| Complete 
| 285|0x0000000712d00000, 0x0000000712e00000, 0x0000000712e00000|100%| E|CS|TAMS 0x0000000712d00000, 0x0000000712d00000| Complete 
| 286|0x0000000712e00000, 0x0000000712f00000, 0x0000000712f00000|100%| E|CS|TAMS 0x0000000712e00000, 0x0000000712e00000| Complete 
| 287|0x0000000712f00000, 0x0000000713000000, 0x0000000713000000|100%| E|CS|TAMS 0x0000000712f00000, 0x0000000712f00000| Complete 
| 288|0x0000000713000000, 0x0000000713100000, 0x0000000713100000|100%| E|CS|TAMS 0x0000000713000000, 0x0000000713000000| Complete 
| 289|0x0000000713100000, 0x0000000713200000, 0x0000000713200000|100%| E|CS|TAMS 0x0000000713100000, 0x0000000713100000| Complete 
| 290|0x0000000713200000, 0x0000000713300000, 0x0000000713300000|100%| E|CS|TAMS 0x0000000713200000, 0x0000000713200000| Complete 
| 291|0x0000000713300000, 0x0000000713400000, 0x0000000713400000|100%| E|CS|TAMS 0x0000000713300000, 0x0000000713300000| Complete 
| 292|0x0000000713400000, 0x0000000713500000, 0x0000000713500000|100%| E|CS|TAMS 0x0000000713400000, 0x0000000713400000| Complete 
| 293|0x0000000713500000, 0x0000000713600000, 0x0000000713600000|100%| E|CS|TAMS 0x0000000713500000, 0x0000000713500000| Complete 
| 294|0x0000000713600000, 0x0000000713700000, 0x0000000713700000|100%| E|CS|TAMS 0x0000000713600000, 0x0000000713600000| Complete 
| 295|0x0000000713700000, 0x0000000713800000, 0x0000000713800000|100%| E|CS|TAMS 0x0000000713700000, 0x0000000713700000| Complete 
| 296|0x0000000713800000, 0x0000000713900000, 0x0000000713900000|100%| E|CS|TAMS 0x0000000713800000, 0x0000000713800000| Complete 
| 297|0x0000000713900000, 0x0000000713a00000, 0x0000000713a00000|100%| E|CS|TAMS 0x0000000713900000, 0x0000000713900000| Complete 
| 298|0x0000000713a00000, 0x0000000713b00000, 0x0000000713b00000|100%| E|CS|TAMS 0x0000000713a00000, 0x0000000713a00000| Complete 
| 299|0x0000000713b00000, 0x0000000713c00000, 0x0000000713c00000|100%| E|CS|TAMS 0x0000000713b00000, 0x0000000713b00000| Complete 
| 300|0x0000000713c00000, 0x0000000713d00000, 0x0000000713d00000|100%| E|CS|TAMS 0x0000000713c00000, 0x0000000713c00000| Complete 
| 301|0x0000000713d00000, 0x0000000713e00000, 0x0000000713e00000|100%| E|CS|TAMS 0x0000000713d00000, 0x0000000713d00000| Complete 
| 302|0x0000000713e00000, 0x0000000713f00000, 0x0000000713f00000|100%| E|CS|TAMS 0x0000000713e00000, 0x0000000713e00000| Complete 
| 303|0x0000000713f00000, 0x0000000714000000, 0x0000000714000000|100%| E|CS|TAMS 0x0000000713f00000, 0x0000000713f00000| Complete 
| 304|0x0000000714000000, 0x0000000714100000, 0x0000000714100000|100%| E|CS|TAMS 0x0000000714000000, 0x0000000714000000| Complete 
| 305|0x0000000714100000, 0x0000000714200000, 0x0000000714200000|100%| E|CS|TAMS 0x0000000714100000, 0x0000000714100000| Complete 
| 306|0x0000000714200000, 0x0000000714300000, 0x0000000714300000|100%| E|CS|TAMS 0x0000000714200000, 0x0000000714200000| Complete 
| 307|0x0000000714300000, 0x0000000714400000, 0x0000000714400000|100%| E|CS|TAMS 0x0000000714300000, 0x0000000714300000| Complete 

Card table byte_map: [0x000001f8b1dc0000,0x000001f8b25c0000] _byte_map_base: 0x000001f8ae5b8000

Marking Bits (Prev, Next): (CMBitMap*) 0x000001f899dee140, (CMBitMap*) 0x000001f899dee108
 Prev Bits: [0x000001f8b6d80000, 0x000001f8bad40000)
 Next Bits: [0x000001f8b2dc0000, 0x000001f8b6d80000)

Polling page: 0x000001f897d60000

Metaspace:

Usage:
  Non-class:     59.11 MB capacity,    57.96 MB ( 98%) used,   911.70 KB (  2%) free+waste,   258.94 KB ( <1%) overhead. 
      Class:      9.15 MB capacity,     8.36 MB ( 91%) used,   689.55 KB (  7%) free+waste,   121.13 KB (  1%) overhead. 
       Both:     68.26 MB capacity,    66.32 MB ( 97%) used,     1.56 MB (  2%) free+waste,   380.06 KB ( <1%) overhead. 

Virtual space:
  Non-class space:       60.00 MB reserved,      59.17 MB ( 99%) committed 
      Class space:        1.00 GB reserved,       9.23 MB ( <1%) committed 
             Both:        1.06 GB reserved,      68.40 MB (  6%) committed 

Chunk freelists:
   Non-Class:  3.00 KB
       Class:  5.00 KB
        Both:  8.00 KB

MaxMetaspaceSize: 17179869184.00 GB
CompressedClassSpaceSize: 1.00 GB
Initial GC threshold: 20.80 MB
Current GC threshold: 98.59 MB
CDS: off

CodeHeap 'non-profiled nmethods': size=120064Kb used=4151Kb max_used=4151Kb free=115912Kb
 bounds [0x000001f8a9f70000, 0x000001f8aa380000, 0x000001f8b14b0000]
CodeHeap 'profiled nmethods': size=120000Kb used=12652Kb max_used=12652Kb free=107347Kb
 bounds [0x000001f8a2a40000, 0x000001f8a36a0000, 0x000001f8a9f70000]
CodeHeap 'non-nmethods': size=5696Kb used=1375Kb max_used=1442Kb free=4320Kb
 bounds [0x000001f8a24b0000, 0x000001f8a2720000, 0x000001f8a2a40000]
 total_blobs=5891 nmethods=5300 adapters=510
 compilation: enabled
              stopped_count=0, restarted_count=0
 full_count=0

Compilation events (20 events):
Event: 10.095 Thread 0x000001f8bdf98000 nmethod 5344 0x000001f8aa36ae90 code [0x000001f8aa36b020, 0x000001f8aa36b078]
Event: 10.095 Thread 0x000001f8bdf98000 5121       4       java.util.Arrays$ArrayList::get (7 bytes)
Event: 10.096 Thread 0x000001f8bdf98000 nmethod 5121 0x000001f8aa36b190 code [0x000001f8aa36b320, 0x000001f8aa36b3f8]
Event: 10.096 Thread 0x000001f8bdf98000 4724       4       sun.reflect.generics.parser.SignatureParser::init (16 bytes)
Event: 10.097 Thread 0x000001f8bdf98000 nmethod 4724 0x000001f8aa36b490 code [0x000001f8aa36b620, 0x000001f8aa36b758]
Event: 10.097 Thread 0x000001f8bdf98000 4691       4       java.util.LinkedHashMap$LinkedValues::size (8 bytes)
Event: 10.097 Thread 0x000001f8bdf98000 nmethod 4691 0x000001f8aa36b810 code [0x000001f8aa36b9a0, 0x000001f8aa36ba38]
Event: 10.097 Thread 0x000001f8bdf98000 5323       4       net.bytebuddy.description.type.TypeDescription$AbstractBase::getSort (4 bytes)
Event: 10.097 Thread 0x000001f8bdf98000 nmethod 5323 0x000001f8aa36bb10 code [0x000001f8aa36bca0, 0x000001f8aa36bd18]
Event: 10.097 Thread 0x000001f8bdf98000 4508       4       java.util.Collections$UnmodifiableCollection::contains (11 bytes)
Event: 10.098 Thread 0x000001f8bdf98000 nmethod 4508 0x000001f8aa36be10 code [0x000001f8aa36bfa0, 0x000001f8aa36c038]
Event: 10.390 Thread 0x000001f8c34d0800 nmethod 4837 0x000001f8aa36c110 code [0x000001f8aa36cba0, 0x000001f8aa3762b8]
Event: 246.556 Thread 0x000001f8bd6aa800 5354       3       java.lang.invoke.VarHandleGuards::guard_LII_Z (70 bytes)
Event: 246.558 Thread 0x000001f8bd6aa800 nmethod 5354 0x000001f8a3699090 code [0x000001f8a3699340, 0x000001f8a369a388]
Event: 246.558 Thread 0x000001f8bd6aa800 5355       3       java.lang.invoke.VarHandleInts$FieldInstanceReadWrite::compareAndSet (24 bytes)
Event: 246.558 Thread 0x000001f8bd6aa800 nmethod 5355 0x000001f8a369a990 code [0x000001f8a369aba0, 0x000001f8a369b068]
Event: 366.606 Thread 0x000001f8bdf98000 5356       4       java.lang.Thread::interrupted (8 bytes)
Event: 366.607 Thread 0x000001f8bdf98000 nmethod 5356 0x000001f8aa37d290 code [0x000001f8aa37d420, 0x000001f8aa37d4a8]
Event: 434.830 Thread 0x000001f8bdf98000 5357       4       org.eclipse.jdt.launching.internal.org.objectweb.asm.SymbolTable::put (150 bytes)
Event: 434.834 Thread 0x000001f8bdf98000 nmethod 5357 0x000001f8aa37d590 code [0x000001f8aa37d740, 0x000001f8aa37db18]

GC Heap History (16 events):
Event: 0.733 GC heap before
{Heap before GC invocations=0 (full 0):
 garbage-first heap   total 262144K, used 22528K [0x0000000701000000, 0x0000000800000000)
  region size 1024K, 22 young (22528K), 0 survivors (0K)
 Metaspace       used 11006K, capacity 11178K, committed 11392K, reserved 1058816K
  class space    used 981K, capacity 1041K, committed 1152K, reserved 1048576K
}
Event: 0.737 GC heap after
{Heap after GC invocations=1 (full 0):
 garbage-first heap   total 262144K, used 6876K [0x0000000701000000, 0x0000000800000000)
  region size 1024K, 3 young (3072K), 3 survivors (3072K)
 Metaspace       used 11006K, capacity 11178K, committed 11392K, reserved 1058816K
  class space    used 981K, capacity 1041K, committed 1152K, reserved 1048576K
}
Event: 1.501 GC heap before
{Heap before GC invocations=1 (full 0):
 garbage-first heap   total 262144K, used 91868K [0x0000000701000000, 0x0000000800000000)
  region size 1024K, 87 young (89088K), 3 survivors (3072K)
 Metaspace       used 20532K, capacity 21126K, committed 21296K, reserved 1069056K
  class space    used 2125K, capacity 2359K, committed 2432K, reserved 1048576K
}
Event: 1.507 GC heap after
{Heap after GC invocations=2 (full 0):
 garbage-first heap   total 262144K, used 9179K [0x0000000701000000, 0x0000000800000000)
  region size 1024K, 6 young (6144K), 6 survivors (6144K)
 Metaspace       used 20532K, capacity 21126K, committed 21296K, reserved 1069056K
  class space    used 2125K, capacity 2359K, committed 2432K, reserved 1048576K
}
Event: 2.077 GC heap before
{Heap before GC invocations=3 (full 0):
 garbage-first heap   total 262144K, used 100315K [0x0000000701000000, 0x0000000800000000)
  region size 1024K, 95 young (97280K), 6 survivors (6144K)
 Metaspace       used 28330K, capacity 29235K, committed 29360K, reserved 1075200K
  class space    used 3171K, capacity 3558K, committed 3584K, reserved 1048576K
}
Event: 2.083 GC heap after
{Heap after GC invocations=4 (full 0):
 garbage-first heap   total 262144K, used 11577K [0x0000000701000000, 0x0000000800000000)
  region size 1024K, 8 young (8192K), 8 survivors (8192K)
 Metaspace       used 28330K, capacity 29235K, committed 29360K, reserved 1075200K
  class space    used 3171K, capacity 3558K, committed 3584K, reserved 1048576K
}
Event: 2.730 GC heap before
{Heap before GC invocations=4 (full 0):
 garbage-first heap   total 262144K, used 152889K [0x0000000701000000, 0x0000000800000000)
  region size 1024K, 147 young (150528K), 8 survivors (8192K)
 Metaspace       used 34244K, capacity 35372K, committed 35504K, reserved 1081344K
  class space    used 3909K, capacity 4336K, committed 4352K, reserved 1048576K
}
Event: 2.737 GC heap after
{Heap after GC invocations=5 (full 0):
 garbage-first heap   total 262144K, used 13672K [0x0000000701000000, 0x0000000800000000)
  region size 1024K, 10 young (10240K), 10 survivors (10240K)
 Metaspace       used 34244K, capacity 35372K, committed 35504K, reserved 1081344K
  class space    used 3909K, capacity 4336K, committed 4352K, reserved 1048576K
}
Event: 2.800 GC heap before
{Heap before GC invocations=5 (full 0):
 garbage-first heap   total 262144K, used 20840K [0x0000000701000000, 0x0000000800000000)
  region size 1024K, 18 young (18432K), 10 survivors (10240K)
 Metaspace       used 34683K, capacity 35829K, committed 35888K, reserved 1081344K
  class space    used 3967K, capacity 4425K, committed 4480K, reserved 1048576K
}
Event: 2.808 GC heap after
{Heap after GC invocations=6 (full 0):
 garbage-first heap   total 262144K, used 13958K [0x0000000701000000, 0x0000000800000000)
  region size 1024K, 10 young (10240K), 10 survivors (10240K)
 Metaspace       used 34683K, capacity 35829K, committed 35888K, reserved 1081344K
  class space    used 3967K, capacity 4425K, committed 4480K, reserved 1048576K
}
Event: 6.792 GC heap before
{Heap before GC invocations=7 (full 0):
 garbage-first heap   total 262144K, used 159366K [0x0000000701000000, 0x0000000800000000)
  region size 1024K, 153 young (156672K), 10 survivors (10240K)
 Metaspace       used 45994K, capacity 47312K, committed 47536K, reserved 1091584K
  class space    used 5368K, capacity 5871K, committed 5888K, reserved 1048576K
}
Event: 6.802 GC heap after
{Heap after GC invocations=8 (full 0):
 garbage-first heap   total 315392K, used 18140K [0x0000000701000000, 0x0000000800000000)
  region size 1024K, 14 young (14336K), 14 survivors (14336K)
 Metaspace       used 45994K, capacity 47312K, committed 47536K, reserved 1091584K
  class space    used 5368K, capacity 5871K, committed 5888K, reserved 1048576K
}
Event: 8.355 GC heap before
{Heap before GC invocations=8 (full 0):
 garbage-first heap   total 315392K, used 172764K [0x0000000701000000, 0x0000000800000000)
  region size 1024K, 167 young (171008K), 14 survivors (14336K)
 Metaspace       used 58696K, capacity 60170K, committed 60208K, reserved 1101824K
  class space    used 7223K, capacity 7806K, committed 7808K, reserved 1048576K
}
Event: 8.369 GC heap after
{Heap after GC invocations=9 (full 0):
 garbage-first heap   total 315392K, used 21631K [0x0000000701000000, 0x0000000800000000)
  region size 1024K, 15 young (15360K), 15 survivors (15360K)
 Metaspace       used 58696K, capacity 60170K, committed 60208K, reserved 1101824K
  class space    used 7223K, capacity 7806K, committed 7808K, reserved 1048576K
}
Event: 9.871 GC heap before
{Heap before GC invocations=10 (full 0):
 garbage-first heap   total 315392K, used 194687K [0x0000000701000000, 0x0000000800000000)
  region size 1024K, 184 young (188416K), 15 survivors (15360K)
 Metaspace       used 66233K, capacity 68205K, committed 68508K, reserved 1107968K
  class space    used 8277K, capacity 9067K, committed 9196K, reserved 1048576K
}
Event: 9.883 GC heap after
{Heap after GC invocations=11 (full 0):
 garbage-first heap   total 315392K, used 25350K [0x0000000701000000, 0x0000000800000000)
  region size 1024K, 16 young (16384K), 16 survivors (16384K)
 Metaspace       used 66233K, capacity 68205K, committed 68508K, reserved 1107968K
  class space    used 8277K, capacity 9067K, committed 9196K, reserved 1048576K
}

Deoptimization events (20 events):
Event: 10.080 Thread 0x000001f899d8a000 DEOPT PACKING pc=0x000001f8aa24de80 sp=0x000000de299fc620
Event: 10.080 Thread 0x000001f899d8a000 DEOPT UNPACKING pc=0x000001f8a24fa1af sp=0x000000de299fc540 mode 2
Event: 10.080 Thread 0x000001f899d8a000 DEOPT PACKING pc=0x000001f8a2bf80e4 sp=0x000000de299fc670
Event: 10.080 Thread 0x000001f899d8a000 DEOPT UNPACKING pc=0x000001f8a24fa95e sp=0x000000de299fbb28 mode 1
Event: 10.080 Thread 0x000001f899d8a000 DEOPT PACKING pc=0x000001f8a2d1b254 sp=0x000000de299fd110
Event: 10.080 Thread 0x000001f899d8a000 DEOPT UNPACKING pc=0x000001f8a24fa95e sp=0x000000de299fc5e8 mode 1
Event: 10.080 Thread 0x000001f899d8a000 DEOPT PACKING pc=0x000001f8a301f844 sp=0x000000de299fd1b0
Event: 10.080 Thread 0x000001f899d8a000 DEOPT UNPACKING pc=0x000001f8a24fa95e sp=0x000000de299fc748 mode 1
Event: 10.081 Thread 0x000001f899d8a000 Uncommon trap: trap_request=0xffffff9f fr.pc=0x000001f8aa24de80 relative=0x0000000000000140
Event: 10.081 Thread 0x000001f899d8a000 Uncommon trap: reason=unhandled action=none pc=0x000001f8aa24de80 method=jdk.internal.loader.BuiltinClassLoader.loadClass(Ljava/lang/String;Z)Ljava/lang/Class; @ 19 c2
Event: 10.081 Thread 0x000001f899d8a000 DEOPT PACKING pc=0x000001f8aa24de80 sp=0x000000de299fc6d0
Event: 10.081 Thread 0x000001f899d8a000 DEOPT UNPACKING pc=0x000001f8a24fa1af sp=0x000000de299fc5f0 mode 2
Event: 10.081 Thread 0x000001f899d8a000 DEOPT PACKING pc=0x000001f8a2bf80e4 sp=0x000000de299fc720
Event: 10.081 Thread 0x000001f899d8a000 DEOPT UNPACKING pc=0x000001f8a24fa95e sp=0x000000de299fbbd8 mode 1
Event: 10.081 Thread 0x000001f899d8a000 DEOPT PACKING pc=0x000001f8a2d1b254 sp=0x000000de299fd1c0
Event: 10.081 Thread 0x000001f899d8a000 DEOPT UNPACKING pc=0x000001f8a24fa95e sp=0x000000de299fc6b0 mode 1
Event: 10.092 Thread 0x000001f899d8a000 Uncommon trap: trap_request=0xffffff4d fr.pc=0x000001f8a9f852e4 relative=0x0000000000000044
Event: 10.092 Thread 0x000001f899d8a000 Uncommon trap: reason=unstable_if action=reinterpret pc=0x000001f8a9f852e4 method=java.lang.CharacterData.of(I)Ljava/lang/CharacterData; @ 4 c2
Event: 10.092 Thread 0x000001f899d8a000 DEOPT PACKING pc=0x000001f8a9f852e4 sp=0x000000de299fb5d0
Event: 10.092 Thread 0x000001f899d8a000 DEOPT UNPACKING pc=0x000001f8a24fa1af sp=0x000000de299fb570 mode 2

Classes redefined (2 events):
Event: 340.677 Thread 0x000001f8bd68c000 redefined class name=com.nphcswe.service.EmployeeServiceTest, count=1
Event: 434.862 Thread 0x000001f8bd68c000 redefined class name=com.nphcswe.service.EmployeeServiceTest, count=2

Internal exceptions (20 events):
Event: 9.757 Thread 0x000001f899d8a000 Exception <a 'java/lang/ClassNotFoundException'{0x00000007098bf6d0}: javax/servlet/FilterCustomizer> (0x00000007098bf6d0) thrown at [./src/hotspot/share/classfile/systemDictionary.cpp, line 231]
Event: 9.758 Thread 0x000001f899d8a000 Exception <a 'java/lang/ClassNotFoundException'{0x00000007098d5550}: org/springframework/core/OrderedCustomizer> (0x00000007098d5550) thrown at [./src/hotspot/share/classfile/systemDictionary.cpp, line 231]
Event: 9.759 Thread 0x000001f899d8a000 Exception <a 'java/lang/ClassNotFoundException'{0x00000007098e8c70}: javax/servlet/FilterCustomizer> (0x00000007098e8c70) thrown at [./src/hotspot/share/classfile/systemDictionary.cpp, line 231]
Event: 9.759 Thread 0x000001f899d8a000 Exception <a 'java/lang/ClassNotFoundException'{0x0000000709701848}: org/springframework/beans/factory/BeanNameAwareCustomizer> (0x0000000709701848) thrown at [./src/hotspot/share/classfile/systemDictionary.cpp, line 231]
Event: 9.760 Thread 0x000001f899d8a000 Exception <a 'java/lang/ClassNotFoundException'{0x0000000709718258}: org/springframework/beans/factory/AwareCustomizer> (0x0000000709718258) thrown at [./src/hotspot/share/classfile/systemDictionary.cpp, line 231]
Event: 9.761 Thread 0x000001f899d8a000 Exception <a 'java/lang/ClassNotFoundException'{0x000000070972f270}: org/springframework/context/EnvironmentAwareCustomizer> (0x000000070972f270) thrown at [./src/hotspot/share/classfile/systemDictionary.cpp, line 231]
Event: 9.761 Thread 0x000001f899d8a000 Exception <a 'java/lang/ClassNotFoundException'{0x0000000709745c70}: org/springframework/beans/factory/AwareCustomizer> (0x0000000709745c70) thrown at [./src/hotspot/share/classfile/systemDictionary.cpp, line 231]
Event: 9.762 Thread 0x000001f899d8a000 Exception <a 'java/lang/ClassNotFoundException'{0x000000070975cf48}: org/springframework/core/env/EnvironmentCapableCustomizer> (0x000000070975cf48) thrown at [./src/hotspot/share/classfile/systemDictionary.cpp, line 231]
Event: 9.763 Thread 0x000001f899d8a000 Exception <a 'java/lang/ClassNotFoundException'{0x0000000709775fc0}: org/springframework/web/context/ServletContextAwareCustomizer> (0x0000000709775fc0) thrown at [./src/hotspot/share/classfile/systemDictionary.cpp, line 231]
Event: 9.763 Thread 0x000001f899d8a000 Exception <a 'java/lang/ClassNotFoundException'{0x000000070978cc70}: org/springframework/beans/factory/AwareCustomizer> (0x000000070978cc70) thrown at [./src/hotspot/share/classfile/systemDictionary.cpp, line 231]
Event: 9.764 Thread 0x000001f899d8a000 Exception <a 'java/lang/ClassNotFoundException'{0x00000007097a4bf8}: org/springframework/beans/factory/InitializingBeanCustomizer> (0x00000007097a4bf8) thrown at [./src/hotspot/share/classfile/systemDictionary.cpp, line 231]
Event: 9.765 Thread 0x000001f899d8a000 Exception <a 'java/lang/ClassNotFoundException'{0x00000007097bcce0}: org/springframework/beans/factory/DisposableBeanCustomizer> (0x00000007097bcce0) thrown at [./src/hotspot/share/classfile/systemDictionary.cpp, line 231]
Event: 9.768 Thread 0x000001f899d8a000 Exception <a 'java/lang/ClassNotFoundException'{0x00000007097f0a50}: java/lang/ObjectCustomizer> (0x00000007097f0a50) thrown at [./src/hotspot/share/classfile/systemDictionary.cpp, line 231]
Event: 9.769 Thread 0x000001f899d8a000 Exception <a 'java/lang/ClassNotFoundException'{0x0000000709610650}: org/springframework/web/multipart/support/StandardServletMultipartResolverCustomizer> (0x0000000709610650) thrown at [./src/hotspot/share/classfile/systemDictionary.cpp, line 231]
Event: 9.770 Thread 0x000001f899d8a000 Exception <a 'java/lang/ClassNotFoundException'{0x000000070962e0d8}: org/springframework/web/multipart/MultipartResolverCustomizer> (0x000000070962e0d8) thrown at [./src/hotspot/share/classfile/systemDictionary.cpp, line 231]
Event: 9.865 Thread 0x000001f899d8a000 Exception <a 'java/lang/ClassNotFoundException'{0x0000000708c0a070}: java/lang/ClassLoader$ByteBuddyAccessor$K1WLeHXU> (0x0000000708c0a070) thrown at [./src/hotspot/share/classfile/systemDictionary.cpp, line 231]
Event: 10.060 Thread 0x000001f899d8a000 Exception <a 'java/lang/ClassNotFoundException'{0x0000000713213410}: java/lang/ObjectCustomizer> (0x0000000713213410) thrown at [./src/hotspot/share/classfile/systemDictionary.cpp, line 231]
Event: 10.061 Thread 0x000001f899d8a000 Exception <a 'java/lang/ClassNotFoundException'{0x000000071322b9b0}: com/nphcswe/service/EmployeeServiceTestCustomizer> (0x000000071322b9b0) thrown at [./src/hotspot/share/classfile/systemDictionary.cpp, line 231]
Event: 10.075 Thread 0x000001f899d8a000 Exception <a 'java/lang/NoSuchMethodError'{0x00000007132c8648}: 'java.lang.Object java.lang.invoke.DirectMethodHandle$Holder.invokeSpecial(java.lang.Object, java.lang.Object, java.lang.Object, java.lang.Object, java.lang.Object, int)'> (0x00000007132c8648) thrown at [./src/hotspot/share/interpreter/linkResolver.cpp, line 773]
Event: 10.075 Thread 0x000001f899d8a000 Exception <a 'java/lang/NoSuchMethodError'{0x00000007132cbd40}: 'java.lang.Object java.lang.invoke.Invokers$Holder.linkToTargetMethod(java.lang.Object, java.lang.Object, java.lang.Object, int, java.lang.Object)'> (0x00000007132cbd40) thrown at [./src/hotspot/share/interpreter/linkResolver.cpp, line 773]

Events (20 events):
Event: 340.730 Executing VM operation: GetCurrentContendedMonitor done
Event: 434.834 Executing VM operation: RedefineClasses
Event: 434.868 Executing VM operation: RedefineClasses done
Event: 434.879 Executing VM operation: ChangeBreakpoints
Event: 434.882 Executing VM operation: ChangeBreakpoints done
Event: 434.892 Executing VM operation: ChangeBreakpoints
Event: 434.895 Executing VM operation: ChangeBreakpoints done
Event: 434.896 Executing VM operation: GetFrameCount
Event: 434.896 Executing VM operation: GetFrameCount done
Event: 434.896 Executing VM operation: GetStackTrace
Event: 434.896 Executing VM operation: GetStackTrace done
Event: 434.912 Executing VM operation: GetFrameCount
Event: 434.912 Executing VM operation: GetFrameCount done
Event: 434.912 Executing VM operation: GetOwnedMonitorInfo
Event: 434.912 Executing VM operation: GetOwnedMonitorInfo done
Event: 434.913 Executing VM operation: GetCurrentContendedMonitor
Event: 434.913 Executing VM operation: GetCurrentContendedMonitor done
Event: 463.267 Executing VM operation: GetFrameLocation
Event: 463.268 Executing VM operation: GetFrameLocation done
Event: 463.268 Executing VM operation: GetOrSetLocal


Dynamic libraries:
0x00007ff6136d0000 - 0x00007ff6136dd000 	C:\Program Files\Amazon Corretto\jdk11.0.13_8\bin\javaw.exe
0x00007ffc2fd10000 - 0x00007ffc2ff05000 	C:\WINDOWS\SYSTEM32\ntdll.dll
0x00007ffc2e830000 - 0x00007ffc2e8ee000 	C:\WINDOWS\System32\KERNEL32.DLL
0x00007ffc2d7c0000 - 0x00007ffc2da88000 	C:\WINDOWS\System32\KERNELBASE.dll
0x00007ffc2d6c0000 - 0x00007ffc2d7c0000 	C:\WINDOWS\System32\ucrtbase.dll
0x00007ffc10950000 - 0x00007ffc10967000 	C:\Program Files\Amazon Corretto\jdk11.0.13_8\bin\jli.dll
0x00007ffc2f580000 - 0x00007ffc2f720000 	C:\WINDOWS\System32\USER32.dll
0x00007ffc2db80000 - 0x00007ffc2dba2000 	C:\WINDOWS\System32\win32u.dll
0x00007ffc2f520000 - 0x00007ffc2f54b000 	C:\WINDOWS\System32\GDI32.dll
0x00007ffc2d420000 - 0x00007ffc2d52d000 	C:\WINDOWS\System32\gdi32full.dll
0x00007ffc2da90000 - 0x00007ffc2db2d000 	C:\WINDOWS\System32\msvcp_win.dll
0x00007ffc0f1d0000 - 0x00007ffc0f1e9000 	C:\Program Files\Amazon Corretto\jdk11.0.13_8\bin\VCRUNTIME140.dll
0x00007ffc1cdf0000 - 0x00007ffc1d08a000 	C:\WINDOWS\WinSxS\amd64_microsoft.windows.common-controls_6595b64144ccf1df_6.0.19041.1110_none_60b5254171f9507e\COMCTL32.dll
0x00007ffc2e580000 - 0x00007ffc2e61e000 	C:\WINDOWS\System32\msvcrt.dll
0x00007ffc2f550000 - 0x00007ffc2f580000 	C:\WINDOWS\System32\IMM32.DLL
0x00007ffc0f130000 - 0x00007ffc0f1cb000 	C:\Program Files\Amazon Corretto\jdk11.0.13_8\bin\msvcp140.dll
0x00007ffbd3c40000 - 0x00007ffbd47bf000 	C:\Program Files\Amazon Corretto\jdk11.0.13_8\bin\server\jvm.dll
0x00007ffc2e470000 - 0x00007ffc2e51e000 	C:\WINDOWS\System32\ADVAPI32.dll
0x00007ffc2e3d0000 - 0x00007ffc2e46c000 	C:\WINDOWS\System32\sechost.dll
0x00007ffc2dd60000 - 0x00007ffc2de85000 	C:\WINDOWS\System32\RPCRT4.dll
0x00007ffc2f740000 - 0x00007ffc2f748000 	C:\WINDOWS\System32\PSAPI.DLL
0x00007ffc129b0000 - 0x00007ffc129b9000 	C:\WINDOWS\SYSTEM32\WSOCK32.dll
0x00007ffc2fab0000 - 0x00007ffc2fb1b000 	C:\WINDOWS\System32\WS2_32.dll
0x00007ffc14ab0000 - 0x00007ffc14ad7000 	C:\WINDOWS\SYSTEM32\WINMM.dll
0x00007ffc26460000 - 0x00007ffc2646a000 	C:\WINDOWS\SYSTEM32\VERSION.dll
0x00007ffc2bcb0000 - 0x00007ffc2bcc2000 	C:\WINDOWS\SYSTEM32\kernel.appcore.dll
0x00007ffc11f90000 - 0x00007ffc11fa0000 	C:\Program Files\Amazon Corretto\jdk11.0.13_8\bin\verify.dll
0x00007ffc2b8f0000 - 0x00007ffc2bad4000 	C:\WINDOWS\SYSTEM32\DBGHELP.DLL
0x00007ffc25d10000 - 0x00007ffc25d3c000 	C:\WINDOWS\SYSTEM32\dbgcore.DLL
0x00007ffc2dc60000 - 0x00007ffc2dce2000 	C:\WINDOWS\System32\bcryptPrimitives.dll
0x00007ffc068a0000 - 0x00007ffc068c8000 	C:\Program Files\Amazon Corretto\jdk11.0.13_8\bin\java.dll
0x00007ffc11430000 - 0x00007ffc1143a000 	C:\Program Files\Amazon Corretto\jdk11.0.13_8\bin\jimage.dll
0x00007ffc10970000 - 0x00007ffc109a8000 	C:\Program Files\Amazon Corretto\jdk11.0.13_8\bin\jdwp.dll
0x00007ffc25ee0000 - 0x00007ffc25eee000 	C:\Program Files\Amazon Corretto\jdk11.0.13_8\bin\instrument.dll
0x00007ffc06610000 - 0x00007ffc06627000 	C:\Program Files\Amazon Corretto\jdk11.0.13_8\bin\zip.dll
0x00007ffc2eae0000 - 0x00007ffc2f224000 	C:\WINDOWS\System32\SHELL32.dll
0x00007ffc2b150000 - 0x00007ffc2b8e4000 	C:\WINDOWS\SYSTEM32\windows.storage.dll
0x00007ffc2f750000 - 0x00007ffc2faa5000 	C:\WINDOWS\System32\combase.dll
0x00007ffc2cd90000 - 0x00007ffc2cdbe000 	C:\WINDOWS\SYSTEM32\Wldp.dll
0x00007ffc2e6e0000 - 0x00007ffc2e78d000 	C:\WINDOWS\System32\SHCORE.dll
0x00007ffc2e520000 - 0x00007ffc2e575000 	C:\WINDOWS\System32\shlwapi.dll
0x00007ffc2d360000 - 0x00007ffc2d37f000 	C:\WINDOWS\SYSTEM32\profapi.dll
0x00007ffc19520000 - 0x00007ffc1952a000 	C:\Program Files\Amazon Corretto\jdk11.0.13_8\bin\dt_socket.dll
0x00007ffc2cb70000 - 0x00007ffc2cbda000 	C:\WINDOWS\System32\mswsock.dll
0x00007ffc2c870000 - 0x00007ffc2c93b000 	C:\WINDOWS\SYSTEM32\DNSAPI.dll
0x00007ffc2c830000 - 0x00007ffc2c86b000 	C:\WINDOWS\SYSTEM32\IPHLPAPI.DLL
0x00007ffc2e6d0000 - 0x00007ffc2e6d8000 	C:\WINDOWS\System32\NSI.dll
0x00007ffc26c00000 - 0x00007ffc26c7f000 	C:\WINDOWS\System32\fwpuclnt.dll
0x00007ffc2d690000 - 0x00007ffc2d6b7000 	C:\WINDOWS\System32\bcrypt.dll
0x00007ffc27ac0000 - 0x00007ffc27aca000 	C:\Windows\System32\rasadhlp.dll
0x00007ffc050c0000 - 0x00007ffc050d9000 	C:\Program Files\Amazon Corretto\jdk11.0.13_8\bin\net.dll
0x00007ffc26f40000 - 0x00007ffc2704c000 	C:\WINDOWS\SYSTEM32\WINHTTP.dll
0x00007ffc05040000 - 0x00007ffc05052000 	C:\Program Files\Amazon Corretto\jdk11.0.13_8\bin\nio.dll
0x00007ffc27e40000 - 0x00007ffc27e49000 	C:\Program Files\Amazon Corretto\jdk11.0.13_8\bin\management.dll
0x00007ffc0fbe0000 - 0x00007ffc0fbeb000 	C:\Program Files\Amazon Corretto\jdk11.0.13_8\bin\management_ext.dll
0x00007ffc1ac50000 - 0x00007ffc1ac67000 	C:\WINDOWS\system32\napinsp.dll
0x00007ffc1ac30000 - 0x00007ffc1ac4b000 	C:\WINDOWS\system32\pnrpnsp.dll
0x00007ffc28590000 - 0x00007ffc285a5000 	C:\WINDOWS\system32\wshbth.dll
0x00007ffc27430000 - 0x00007ffc2744d000 	C:\WINDOWS\system32\NLAapi.dll
0x00007ffc1ac10000 - 0x00007ffc1ac22000 	C:\WINDOWS\System32\winrnr.dll
0x00007ffc2cdd0000 - 0x00007ffc2cde8000 	C:\WINDOWS\SYSTEM32\CRYPTSP.dll
0x00007ffc2c4a0000 - 0x00007ffc2c4d4000 	C:\WINDOWS\system32\rsaenh.dll
0x00007ffc2d320000 - 0x00007ffc2d34e000 	C:\WINDOWS\SYSTEM32\USERENV.dll
0x00007ffc2cd00000 - 0x00007ffc2cd0c000 	C:\WINDOWS\SYSTEM32\CRYPTBASE.dll
0x00007ffc276c0000 - 0x00007ffc276d7000 	C:\WINDOWS\SYSTEM32\dhcpcsvc6.DLL
0x00007ffc276a0000 - 0x00007ffc276bd000 	C:\WINDOWS\SYSTEM32\dhcpcsvc.DLL

dbghelp: loaded successfully - version: 4.0.5 - missing functions: none
symbol engine: initialized successfully - sym options: 0x614 - pdb path: .;C:\Program Files\Amazon Corretto\jdk11.0.13_8\bin;C:\WINDOWS\SYSTEM32;C:\WINDOWS\WinSxS\amd64_microsoft.windows.common-controls_6595b64144ccf1df_6.0.19041.1110_none_60b5254171f9507e;C:\Program Files\Amazon Corretto\jdk11.0.13_8\bin\server

VM Arguments:
jvm_args: -agentlib:jdwp=transport=dt_socket,suspend=y,address=localhost:60758 -ea -javaagent:C:\Users\leong\eclipse\java-2021-12\eclipse\configuration\org.eclipse.osgi\221\0\.cp\lib\javaagent-shaded.jar -Dfile.encoding=UTF-8 
java_command: org.eclipse.jdt.internal.junit.runner.RemoteTestRunner -version 3 -port 60756 -testLoaderClass org.eclipse.jdt.internal.junit5.runner.JUnit5TestLoader -loaderpluginname org.eclipse.jdt.junit5.runtime -test com.nphcswe.service.EmployeeServiceTest:TestCrudEmployee -uniqueId [engine:junit-jupiter]/[class:com.nphcswe.service.EmployeeServiceTest]/[method:TestCrudEmployee()]
java_class_path (initial): C:\Users\leong\eclipse-workspace\yh.nphcswe\target\test-classes;C:\Users\leong\eclipse-workspace\yh.nphcswe\target\classes;C:\Users\leong\.m2\repository\org\springframework\boot\spring-boot-starter-data-jpa\2.6.3\spring-boot-starter-data-jpa-2.6.3.jar;C:\Users\leong\.m2\repository\org\springframework\boot\spring-boot-starter-aop\2.6.3\spring-boot-starter-aop-2.6.3.jar;C:\Users\leong\.m2\repository\org\springframework\spring-aop\5.3.15\spring-aop-5.3.15.jar;C:\Users\leong\.m2\repository\org\aspectj\aspectjweaver\1.9.7\aspectjweaver-1.9.7.jar;C:\Users\leong\.m2\repository\org\springframework\boot\spring-boot-starter-jdbc\2.6.3\spring-boot-starter-jdbc-2.6.3.jar;C:\Users\leong\.m2\repository\com\zaxxer\HikariCP\4.0.3\HikariCP-4.0.3.jar;C:\Users\leong\.m2\repository\org\springframework\spring-jdbc\5.3.15\spring-jdbc-5.3.15.jar;C:\Users\leong\.m2\repository\jakarta\transaction\jakarta.transaction-api\1.3.3\jakarta.transaction-api-1.3.3.jar;C:\Users\leong\.m2\repository\jakarta\persistence\jakarta.persistence-api\2.2.3\jakarta.persistence-api-2.2.3.jar;C:\Users\leong\.m2\repository\org\hibernate\hibernate-core\5.6.4.Final\hibernate-core-5.6.4.Final.jar;C:\Users\leong\.m2\repository\net\bytebuddy\byte-buddy\1.11.22\byte-buddy-1.11.22.jar;C:\Users\leong\.m2\repository\antlr\antlr\2.7.7\antlr-2.7.7.jar;C:\Users\leong\.m2\repository\org\jboss\jandex\2.4.2.Final\jandex-2.4.2.Final.jar;C:\Users\leong\.m2\repository\com\fasterxml\classmate\1.5.1\classmate-1.5.1.jar;C:\Users\leong\.m2\repository\org\hibernate\common\hibernate-commons-annotations\5.1.2.Final\hibernate-commons-annotations-5.1.2.Final.jar;C:\Users\leong\.m2\repository\org\springframework\data\spring-data-jpa\2.6.1\spring-data-jpa-2.6.1.jar;C:\Users\leong\.m2\repository\org\springframework\data\spring-data-commons\2.6.1\spring-data-commons-2.6.1.jar;C:\Users\leong\.m2\repository\org\springframework\spring-orm\5.3.15\spring-orm-5.3.15.jar;C:\Users\leong\.m2\repository\org\springframework\s
Launcher Type: SUN_STANDARD

[Global flags]
     intx CICompilerCount                          = 3                                         {product} {ergonomic}
     uint ConcGCThreads                            = 2                                         {product} {ergonomic}
     uint G1ConcRefinementThreads                  = 6                                         {product} {ergonomic}
   size_t G1HeapRegionSize                         = 1048576                                   {product} {ergonomic}
    uintx GCDrainStackTargetSize                   = 64                                        {product} {ergonomic}
   size_t InitialHeapSize                          = 268435456                                 {product} {ergonomic}
   size_t MarkStackSize                            = 4194304                                   {product} {ergonomic}
   size_t MaxHeapSize                              = 4278190080                                {product} {ergonomic}
   size_t MaxNewSize                               = 2566914048                                {product} {ergonomic}
   size_t MinHeapDeltaBytes                        = 1048576                                   {product} {ergonomic}
    uintx NonNMethodCodeHeapSize                   = 5830732                                {pd product} {ergonomic}
    uintx NonProfiledCodeHeapSize                  = 122913754                              {pd product} {ergonomic}
    uintx ProfiledCodeHeapSize                     = 122913754                              {pd product} {ergonomic}
    uintx ReservedCodeCacheSize                    = 251658240                              {pd product} {ergonomic}
     bool SegmentedCodeCache                       = true                                      {product} {ergonomic}
     bool UseCompressedClassPointers               = true                                 {lp64_product} {ergonomic}
     bool UseCompressedOops                        = true                                 {lp64_product} {ergonomic}
     bool UseG1GC                                  = true                                      {product} {ergonomic}
     bool UseLargePagesIndividualAllocation        = false                                  {pd product} {ergonomic}

Logging:
Log output configuration:
 #0: stdout all=warning uptime,level,tags
 #1: stderr all=off uptime,level,tags

Environment Variables:
JAVA_HOME=C:\Program Files\Amazon Corretto\jdk11.0.13_8
PATH=C:/Program Files/Amazon Corretto/jdk11.0.13_8/bin/server;C:/Program Files/Amazon Corretto/jdk11.0.13_8/bin;C:\Program Files\Amazon Corretto\jdk11.0.13_8\bin;C:\Program Files (x86)\Razer Chroma SDK\bin;C:\Program Files\Razer Chroma SDK\bin;C:\Program Files (x86)\Razer\ChromaBroadcast\bin;C:\Program Files\Razer\ChromaBroadcast\bin;C:\Windows\system32;C:\Windows;C:\Windows\System32\Wbem;C:\Windows\System32\WindowsPowerShell\v1.0\;C:\Windows\System32\OpenSSH\;C:\Program Files (x86)\NVIDIA Corporation\PhysX\Common;C:\Windows\system32\config\systemprofile\AppData\Local\Microsoft\WindowsApps;;C:\WINDOWS\system32;C:\WINDOWS;C:\WINDOWS\System32\Wbem;C:\WINDOWS\System32\WindowsPowerShell\v1.0\;C:\WINDOWS\System32\OpenSSH\;C:\Program Files\Docker\Docker\resources\bin;C:\ProgramData\DockerDesktop\version-bin;C:\Program Files\MySQL\MySQL Shell 8.0\bin\;C:\Users\leong\AppData\Local\Microsoft\WindowsApps;C:\Users\leong\AppData\Local\GitHubDesktop\bin;C:\Users\leong\Desktop;
USERNAME=leong
OS=Windows_NT
PROCESSOR_IDENTIFIER=Intel64 Family 6 Model 158 Stepping 10, GenuineIntel



---------------  S Y S T E M  ---------------

OS: Windows 10 , 64 bit Build 19041 (10.0.19041.1503)
OS uptime: 8 days 8:16 hours
Hyper-V role detected

CPU:total 6 (initial active 6) (6 cores per cpu, 1 threads per core) family 6 model 158 stepping 10 microcode 0xb4, cmov, cx8, fxsr, mmx, sse, sse2, sse3, ssse3, sse4.1, sse4.2, popcnt, avx, avx2, aes, clmul, erms, 3dnowpref, lzcnt, tsc, tscinvbit, bmi1, bmi2, adx, fma

Memory: 4k page, system-wide physical 16317M (1821M free)
TotalPageFile size 26557M (AvailPageFile size 4725M)
current process WorkingSet (physical memory assigned to process): 389M, peak: 487M
current process commit charge ("private bytes"): 515M, peak: 603M

vm_info: OpenJDK 64-Bit Server VM (11.0.13+8-LTS) for windows-amd64 JRE (11.0.13+8-LTS), built on Oct 13 2021 21:32:06 by "Administrator" with unknown MS VC++:1916

END.
