#
# A fatal error has been detected by the Java Runtime Environment:
#
#  Internal Error (./src/hotspot/share/oops/generateOopMap.cpp:2164), pid=15196, tid=9264
#  fatal error: Illegal class file encountered. Try running with -Xverify:all in method getEmployeeSuccess
#
# JRE version: OpenJDK Runtime Environment Corretto-11.0.13.8.1 (11.0.13+8) (build 11.0.13+8-LTS)
# Java VM: OpenJDK 64-Bit Server VM Corretto-11.0.13.8.1 (11.0.13+8-LTS, mixed mode, tiered, compressed oops, g1 gc, windows-amd64)
# No core dump will be written. Minidumps are not enabled by default on client versions of Windows
#
# If you would like to submit a bug report, please visit:
#   https://github.com/corretto/corretto-11/issues/
#

---------------  S U M M A R Y ------------

Command Line: -agentlib:jdwp=transport=dt_socket,suspend=y,address=localhost:53421 -ea -javaagent:C:\Users\leong\eclipse\java-2021-12\eclipse\configuration\org.eclipse.osgi\221\0\.cp\lib\javaagent-shaded.jar -Dfile.encoding=UTF-8 org.eclipse.jdt.internal.junit.runner.RemoteTestRunner -version 3 -port 53420 -testLoaderClass org.eclipse.jdt.internal.junit5.runner.JUnit5TestLoader -loaderpluginname org.eclipse.jdt.junit5.runtime -test com.nphcswe.controller.EmployeeControllerTest:getEmployeeSuccess -uniqueId [engine:junit-jupiter]/[class:com.nphcswe.controller.EmployeeControllerTest]/[method:getEmployeeSuccess()]

Host: Intel(R) Core(TM) i5-9400F CPU @ 2.90GHz, 6 cores, 15G,  Windows 10 , 64 bit Build 19041 (10.0.19041.1503)
Time: Sat Feb 26 20:27:42 2022 Malay Peninsula Standard Time elapsed time: 712.321650 seconds (0d 0h 11m 52s)

---------------  T H R E A D  ---------------

Current thread (0x0000027c4bc8d000):  VMThread "VM Thread" [stack: 0x000000bea7b00000,0x000000bea7c00000] [id=9264]

Stack: [0x000000bea7b00000,0x000000bea7c00000]
[error occurred during error reporting (printing stack bounds), id 0xc0000005, EXCEPTION_ACCESS_VIOLATION (0xc0000005) at pc=0x0000027c3037112d]

Native frames: (J=compiled Java code, j=interpreted, Vv=VM code, C=native code)
V  [jvm.dll+0x61ccaa]
V  [jvm.dll+0x7a9839]
V  [jvm.dll+0x7aaeff]
V  [jvm.dll+0x7ab535]
V  [jvm.dll+0x7ab4eb]
V  [jvm.dll+0x61c193]
V  [jvm.dll+0x61c8a8]
C  [ntdll.dll+0xa20cf]
C  [ntdll.dll+0x51454]
C  [ntdll.dll+0xa0bfe]
C  0x0000027c3037112d

VM_Operation (0x000000bea86ff4b0): GetOrSetLocal, mode: safepoint, requested by thread 0x0000027c4c9d4000


---------------  P R O C E S S  ---------------

Threads class SMR info:
_java_thread_list=0x0000027c5277d000, length=14, elements={
0x0000027c2643a800, 0x0000027c4bc8e000, 0x0000027c4bc96800, 0x0000027c4bca4000,
0x0000027c4bca5800, 0x0000027c4bca6800, 0x0000027c4c5a2800, 0x0000027c4c5aa800,
0x0000027c4c5ad800, 0x0000027c4bc48000, 0x0000027c4c9d4000, 0x0000027c4ca54800,
0x0000027c4ca55000, 0x0000027c4d0b5000
}

Java Threads: ( => current thread )
  0x0000027c2643a800 JavaThread "main" [_thread_blocked, id=10044, stack(0x000000bea7500000,0x000000bea7600000)]
  0x0000027c4bc8e000 JavaThread "Reference Handler" daemon [_thread_blocked, id=12700, stack(0x000000bea7c00000,0x000000bea7d00000)]
  0x0000027c4bc96800 JavaThread "Finalizer" daemon [_thread_blocked, id=16464, stack(0x000000bea7d00000,0x000000bea7e00000)]
  0x0000027c4bca4000 JavaThread "Signal Dispatcher" daemon [_thread_blocked, id=11248, stack(0x000000bea7e00000,0x000000bea7f00000)]
  0x0000027c4bca5800 JavaThread "Attach Listener" daemon [_thread_blocked, id=3032, stack(0x000000bea7f00000,0x000000bea8000000)]
  0x0000027c4bca6800 JavaThread "Service Thread" daemon [_thread_blocked, id=21196, stack(0x000000bea8000000,0x000000bea8100000)]
  0x0000027c4c5a2800 JavaThread "C2 CompilerThread0" daemon [_thread_blocked, id=17752, stack(0x000000bea8100000,0x000000bea8200000)]
  0x0000027c4c5aa800 JavaThread "C1 CompilerThread0" daemon [_thread_blocked, id=8836, stack(0x000000bea8200000,0x000000bea8300000)]
  0x0000027c4c5ad800 JavaThread "Sweeper thread" daemon [_thread_blocked, id=11832, stack(0x000000bea8300000,0x000000bea8400000)]
  0x0000027c4bc48000 JavaThread "Common-Cleaner" daemon [_thread_blocked, id=10920, stack(0x000000bea8400000,0x000000bea8500000)]
  0x0000027c4c9d4000 JavaThread "JDWP Transport Listener: dt_socket" daemon [_thread_blocked, id=2300, stack(0x000000bea8600000,0x000000bea8700000)] _threads_hazard_ptr=0x0000027c5277d000
  0x0000027c4ca54800 JavaThread "JDWP Event Helper Thread" daemon [_thread_blocked, id=20612, stack(0x000000bea8700000,0x000000bea8800000)]
  0x0000027c4ca55000 JavaThread "JDWP Command Reader" daemon [_thread_in_native, id=9344, stack(0x000000bea8800000,0x000000bea8900000)]
  0x0000027c4d0b5000 JavaThread "ReaderThread" [_thread_in_native, id=9832, stack(0x000000bea8a00000,0x000000bea8b00000)]

Other Threads:
=>0x0000027c4bc8d000 VMThread "VM Thread" [stack: 0x000000bea7b00000,0x000000bea7c00000] [id=9264]
  0x0000027c4ce5c000 WatcherThread [stack: 0x000000bea8900000,0x000000bea8a00000] [id=14788]
  0x0000027c26451800 GCTaskThread "GC Thread#0" [stack: 0x000000bea7600000,0x000000bea7700000] [id=3504]
  0x0000027c4cea1000 GCTaskThread "GC Thread#1" [stack: 0x000000bea8b00000,0x000000bea8c00000] [id=20316]
  0x0000027c4d08d000 GCTaskThread "GC Thread#2" [stack: 0x000000bea8c00000,0x000000bea8d00000] [id=15900]
  0x0000027c4d088800 GCTaskThread "GC Thread#3" [stack: 0x000000bea8d00000,0x000000bea8e00000] [id=15956]
  0x0000027c4d070000 GCTaskThread "GC Thread#4" [stack: 0x000000bea8e00000,0x000000bea8f00000] [id=7716]
  0x0000027c4d8f4800 GCTaskThread "GC Thread#5" [stack: 0x000000bea8f00000,0x000000bea9000000] [id=10716]
  0x0000027c264b0000 ConcurrentGCThread "G1 Main Marker" [stack: 0x000000bea7700000,0x000000bea7800000] [id=19736]
  0x0000027c264b7800 ConcurrentGCThread "G1 Conc#0" [stack: 0x000000bea7800000,0x000000bea7900000] [id=17340]
  0x0000027c4df7d800 ConcurrentGCThread "G1 Conc#1" [stack: 0x000000bea9000000,0x000000bea9100000] [id=10224]
  0x0000027c4bb69800 ConcurrentGCThread "G1 Refine#0" [stack: 0x000000bea7900000,0x000000bea7a00000] [id=8892]
  0x0000027c4bb6a000 ConcurrentGCThread "G1 Young RemSet Sampling" [stack: 0x000000bea7a00000,0x000000bea7b00000] [id=9276]

Threads with active compile tasks:

VM state:at safepoint (normal execution)

VM Mutex/Monitor currently owned by a thread:  ([mutex/lock_event])
[0x0000027c26437910] Threads_lock - owner thread: 0x0000027c4bc8d000

Heap address: 0x0000000701000000, size: 4080 MB, Compressed Oops mode: Zero based, Oop shift amount: 3
Narrow klass base: 0x0000000800000000, Narrow klass shift: 0
Compressed class space size: 1073741824 Address: 0x0000000800000000

Heap:
 garbage-first heap   total 262144K, used 61427K [0x0000000701000000, 0x0000000800000000)
  region size 1024K, 55 young (56320K), 11 survivors (11264K)
 Metaspace       used 43975K, capacity 45367K, committed 45616K, reserved 1089536K
  class space    used 5452K, capacity 6013K, committed 6016K, reserved 1048576K
Heap Regions: E=young(eden), S=young(survivor), O=old, HS=humongous(starts), HC=humongous(continues), CS=collection set, F=free, A=archive, TAMS=top-at-mark-start (previous, next)
|   0|0x0000000701000000, 0x0000000701100000, 0x0000000701100000|100%|HS|  |TAMS 0x0000000701100000, 0x0000000701000000| Complete 
|   1|0x0000000701100000, 0x0000000701200000, 0x0000000701200000|100%| O|  |TAMS 0x0000000701200000, 0x0000000701100000| Untracked 
|   2|0x0000000701200000, 0x0000000701300000, 0x0000000701300000|100%| O|  |TAMS 0x0000000701300000, 0x0000000701200000| Untracked 
|   3|0x0000000701300000, 0x0000000701400000, 0x0000000701400000|100%| O|  |TAMS 0x000000070137e000, 0x0000000701300000| Untracked 
|   4|0x0000000701400000, 0x0000000701500000, 0x0000000701500000|100%| O|  |TAMS 0x0000000701400000, 0x0000000701400000| Untracked 
|   5|0x0000000701500000, 0x0000000701600000, 0x0000000701600000|100%| O|  |TAMS 0x0000000701500000, 0x0000000701500000| Untracked 
|   6|0x0000000701600000, 0x0000000701682400, 0x0000000701700000| 50%| O|  |TAMS 0x0000000701600000, 0x0000000701600000| Untracked 
|   7|0x0000000701700000, 0x0000000701700000, 0x0000000701800000|  0%| F|  |TAMS 0x0000000701700000, 0x0000000701700000| Untracked 
|   8|0x0000000701800000, 0x0000000701800000, 0x0000000701900000|  0%| F|  |TAMS 0x0000000701800000, 0x0000000701800000| Untracked 
|   9|0x0000000701900000, 0x0000000701900000, 0x0000000701a00000|  0%| F|  |TAMS 0x0000000701900000, 0x0000000701900000| Untracked 
|  10|0x0000000701a00000, 0x0000000701a00000, 0x0000000701b00000|  0%| F|  |TAMS 0x0000000701a00000, 0x0000000701a00000| Untracked 
|  11|0x0000000701b00000, 0x0000000701b00000, 0x0000000701c00000|  0%| F|  |TAMS 0x0000000701b00000, 0x0000000701b00000| Untracked 
|  12|0x0000000701c00000, 0x0000000701c00000, 0x0000000701d00000|  0%| F|  |TAMS 0x0000000701c00000, 0x0000000701c00000| Untracked 
|  13|0x0000000701d00000, 0x0000000701d00000, 0x0000000701e00000|  0%| F|  |TAMS 0x0000000701d00000, 0x0000000701d00000| Untracked 
|  14|0x0000000701e00000, 0x0000000701e00000, 0x0000000701f00000|  0%| F|  |TAMS 0x0000000701e00000, 0x0000000701e00000| Untracked 
|  15|0x0000000701f00000, 0x0000000701f00000, 0x0000000702000000|  0%| F|  |TAMS 0x0000000701f00000, 0x0000000701f00000| Untracked 
|  16|0x0000000702000000, 0x0000000702000000, 0x0000000702100000|  0%| F|  |TAMS 0x0000000702000000, 0x0000000702000000| Untracked 
|  17|0x0000000702100000, 0x0000000702100000, 0x0000000702200000|  0%| F|  |TAMS 0x0000000702100000, 0x0000000702100000| Untracked 
|  18|0x0000000702200000, 0x0000000702200000, 0x0000000702300000|  0%| F|  |TAMS 0x0000000702200000, 0x0000000702200000| Untracked 
|  19|0x0000000702300000, 0x0000000702300000, 0x0000000702400000|  0%| F|  |TAMS 0x0000000702300000, 0x0000000702300000| Untracked 
|  20|0x0000000702400000, 0x0000000702400000, 0x0000000702500000|  0%| F|  |TAMS 0x0000000702400000, 0x0000000702400000| Untracked 
|  21|0x0000000702500000, 0x0000000702500000, 0x0000000702600000|  0%| F|  |TAMS 0x0000000702500000, 0x0000000702500000| Untracked 
|  22|0x0000000702600000, 0x0000000702600000, 0x0000000702700000|  0%| F|  |TAMS 0x0000000702600000, 0x0000000702600000| Untracked 
|  23|0x0000000702700000, 0x0000000702700000, 0x0000000702800000|  0%| F|  |TAMS 0x0000000702700000, 0x0000000702700000| Untracked 
|  24|0x0000000702800000, 0x0000000702800000, 0x0000000702900000|  0%| F|  |TAMS 0x0000000702800000, 0x0000000702800000| Untracked 
|  25|0x0000000702900000, 0x0000000702900000, 0x0000000702a00000|  0%| F|  |TAMS 0x0000000702900000, 0x0000000702900000| Untracked 
|  26|0x0000000702a00000, 0x0000000702a00000, 0x0000000702b00000|  0%| F|  |TAMS 0x0000000702a00000, 0x0000000702a00000| Untracked 
|  27|0x0000000702b00000, 0x0000000702b00000, 0x0000000702c00000|  0%| F|  |TAMS 0x0000000702b00000, 0x0000000702b00000| Untracked 
|  28|0x0000000702c00000, 0x0000000702c00000, 0x0000000702d00000|  0%| F|  |TAMS 0x0000000702c00000, 0x0000000702c00000| Untracked 
|  29|0x0000000702d00000, 0x0000000702d00000, 0x0000000702e00000|  0%| F|  |TAMS 0x0000000702d00000, 0x0000000702d00000| Untracked 
|  30|0x0000000702e00000, 0x0000000702e00000, 0x0000000702f00000|  0%| F|  |TAMS 0x0000000702e00000, 0x0000000702e00000| Untracked 
|  31|0x0000000702f00000, 0x0000000702f00000, 0x0000000703000000|  0%| F|  |TAMS 0x0000000702f00000, 0x0000000702f00000| Untracked 
|  32|0x0000000703000000, 0x0000000703000000, 0x0000000703100000|  0%| F|  |TAMS 0x0000000703000000, 0x0000000703000000| Untracked 
|  33|0x0000000703100000, 0x0000000703100000, 0x0000000703200000|  0%| F|  |TAMS 0x0000000703100000, 0x0000000703100000| Untracked 
|  34|0x0000000703200000, 0x0000000703200000, 0x0000000703300000|  0%| F|  |TAMS 0x0000000703200000, 0x0000000703200000| Untracked 
|  35|0x0000000703300000, 0x0000000703300000, 0x0000000703400000|  0%| F|  |TAMS 0x0000000703300000, 0x0000000703300000| Untracked 
|  36|0x0000000703400000, 0x0000000703400000, 0x0000000703500000|  0%| F|  |TAMS 0x0000000703400000, 0x0000000703400000| Untracked 
|  37|0x0000000703500000, 0x0000000703500000, 0x0000000703600000|  0%| F|  |TAMS 0x0000000703500000, 0x0000000703500000| Untracked 
|  38|0x0000000703600000, 0x0000000703600000, 0x0000000703700000|  0%| F|  |TAMS 0x0000000703600000, 0x0000000703600000| Untracked 
|  39|0x0000000703700000, 0x0000000703700000, 0x0000000703800000|  0%| F|  |TAMS 0x0000000703700000, 0x0000000703700000| Untracked 
|  40|0x0000000703800000, 0x0000000703800000, 0x0000000703900000|  0%| F|  |TAMS 0x0000000703800000, 0x0000000703800000| Untracked 
|  41|0x0000000703900000, 0x0000000703900000, 0x0000000703a00000|  0%| F|  |TAMS 0x0000000703900000, 0x0000000703900000| Untracked 
|  42|0x0000000703a00000, 0x0000000703a00000, 0x0000000703b00000|  0%| F|  |TAMS 0x0000000703a00000, 0x0000000703a00000| Untracked 
|  43|0x0000000703b00000, 0x0000000703b00000, 0x0000000703c00000|  0%| F|  |TAMS 0x0000000703b00000, 0x0000000703b00000| Untracked 
|  44|0x0000000703c00000, 0x0000000703c00000, 0x0000000703d00000|  0%| F|  |TAMS 0x0000000703c00000, 0x0000000703c00000| Untracked 
|  45|0x0000000703d00000, 0x0000000703d00000, 0x0000000703e00000|  0%| F|  |TAMS 0x0000000703d00000, 0x0000000703d00000| Untracked 
|  46|0x0000000703e00000, 0x0000000703e00000, 0x0000000703f00000|  0%| F|  |TAMS 0x0000000703e00000, 0x0000000703e00000| Untracked 
|  47|0x0000000703f00000, 0x0000000703f00000, 0x0000000704000000|  0%| F|  |TAMS 0x0000000703f00000, 0x0000000703f00000| Untracked 
|  48|0x0000000704000000, 0x0000000704000000, 0x0000000704100000|  0%| F|  |TAMS 0x0000000704000000, 0x0000000704000000| Untracked 
|  49|0x0000000704100000, 0x0000000704100000, 0x0000000704200000|  0%| F|  |TAMS 0x0000000704100000, 0x0000000704100000| Untracked 
|  50|0x0000000704200000, 0x0000000704200000, 0x0000000704300000|  0%| F|  |TAMS 0x0000000704200000, 0x0000000704200000| Untracked 
|  51|0x0000000704300000, 0x0000000704300000, 0x0000000704400000|  0%| F|  |TAMS 0x0000000704300000, 0x0000000704300000| Untracked 
|  52|0x0000000704400000, 0x0000000704400000, 0x0000000704500000|  0%| F|  |TAMS 0x0000000704400000, 0x0000000704400000| Untracked 
|  53|0x0000000704500000, 0x0000000704500000, 0x0000000704600000|  0%| F|  |TAMS 0x0000000704500000, 0x0000000704500000| Untracked 
|  54|0x0000000704600000, 0x0000000704600000, 0x0000000704700000|  0%| F|  |TAMS 0x0000000704600000, 0x0000000704600000| Untracked 
|  55|0x0000000704700000, 0x0000000704700000, 0x0000000704800000|  0%| F|  |TAMS 0x0000000704700000, 0x0000000704700000| Untracked 
|  56|0x0000000704800000, 0x0000000704800000, 0x0000000704900000|  0%| F|  |TAMS 0x0000000704800000, 0x0000000704800000| Untracked 
|  57|0x0000000704900000, 0x0000000704900000, 0x0000000704a00000|  0%| F|  |TAMS 0x0000000704900000, 0x0000000704900000| Untracked 
|  58|0x0000000704a00000, 0x0000000704a00000, 0x0000000704b00000|  0%| F|  |TAMS 0x0000000704a00000, 0x0000000704a00000| Untracked 
|  59|0x0000000704b00000, 0x0000000704b00000, 0x0000000704c00000|  0%| F|  |TAMS 0x0000000704b00000, 0x0000000704b00000| Untracked 
|  60|0x0000000704c00000, 0x0000000704c00000, 0x0000000704d00000|  0%| F|  |TAMS 0x0000000704c00000, 0x0000000704c00000| Untracked 
|  61|0x0000000704d00000, 0x0000000704d00000, 0x0000000704e00000|  0%| F|  |TAMS 0x0000000704d00000, 0x0000000704d00000| Untracked 
|  62|0x0000000704e00000, 0x0000000704e00000, 0x0000000704f00000|  0%| F|  |TAMS 0x0000000704e00000, 0x0000000704e00000| Untracked 
|  63|0x0000000704f00000, 0x0000000704f00000, 0x0000000705000000|  0%| F|  |TAMS 0x0000000704f00000, 0x0000000704f00000| Untracked 
|  64|0x0000000705000000, 0x0000000705000000, 0x0000000705100000|  0%| F|  |TAMS 0x0000000705000000, 0x0000000705000000| Untracked 
|  65|0x0000000705100000, 0x0000000705100000, 0x0000000705200000|  0%| F|  |TAMS 0x0000000705100000, 0x0000000705100000| Untracked 
|  66|0x0000000705200000, 0x0000000705200000, 0x0000000705300000|  0%| F|  |TAMS 0x0000000705200000, 0x0000000705200000| Untracked 
|  67|0x0000000705300000, 0x0000000705300000, 0x0000000705400000|  0%| F|  |TAMS 0x0000000705300000, 0x0000000705300000| Untracked 
|  68|0x0000000705400000, 0x0000000705400000, 0x0000000705500000|  0%| F|  |TAMS 0x0000000705400000, 0x0000000705400000| Untracked 
|  69|0x0000000705500000, 0x0000000705500000, 0x0000000705600000|  0%| F|  |TAMS 0x0000000705500000, 0x0000000705500000| Untracked 
|  70|0x0000000705600000, 0x0000000705600000, 0x0000000705700000|  0%| F|  |TAMS 0x0000000705600000, 0x0000000705600000| Untracked 
|  71|0x0000000705700000, 0x0000000705700000, 0x0000000705800000|  0%| F|  |TAMS 0x0000000705700000, 0x0000000705700000| Untracked 
|  72|0x0000000705800000, 0x0000000705800000, 0x0000000705900000|  0%| F|  |TAMS 0x0000000705800000, 0x0000000705800000| Untracked 
|  73|0x0000000705900000, 0x0000000705900000, 0x0000000705a00000|  0%| F|  |TAMS 0x0000000705900000, 0x0000000705900000| Untracked 
|  74|0x0000000705a00000, 0x0000000705a00000, 0x0000000705b00000|  0%| F|  |TAMS 0x0000000705a00000, 0x0000000705a00000| Untracked 
|  75|0x0000000705b00000, 0x0000000705b00000, 0x0000000705c00000|  0%| F|  |TAMS 0x0000000705b00000, 0x0000000705b00000| Untracked 
|  76|0x0000000705c00000, 0x0000000705c00000, 0x0000000705d00000|  0%| F|  |TAMS 0x0000000705c00000, 0x0000000705c00000| Untracked 
|  77|0x0000000705d00000, 0x0000000705d00000, 0x0000000705e00000|  0%| F|  |TAMS 0x0000000705d00000, 0x0000000705d00000| Untracked 
|  78|0x0000000705e00000, 0x0000000705e00000, 0x0000000705f00000|  0%| F|  |TAMS 0x0000000705e00000, 0x0000000705e00000| Untracked 
|  79|0x0000000705f00000, 0x0000000705f00000, 0x0000000706000000|  0%| F|  |TAMS 0x0000000705f00000, 0x0000000705f00000| Untracked 
|  80|0x0000000706000000, 0x0000000706000000, 0x0000000706100000|  0%| F|  |TAMS 0x0000000706000000, 0x0000000706000000| Untracked 
|  81|0x0000000706100000, 0x0000000706100000, 0x0000000706200000|  0%| F|  |TAMS 0x0000000706100000, 0x0000000706100000| Untracked 
|  82|0x0000000706200000, 0x0000000706200000, 0x0000000706300000|  0%| F|  |TAMS 0x0000000706200000, 0x0000000706200000| Untracked 
|  83|0x0000000706300000, 0x0000000706300000, 0x0000000706400000|  0%| F|  |TAMS 0x0000000706300000, 0x0000000706300000| Untracked 
|  84|0x0000000706400000, 0x0000000706400000, 0x0000000706500000|  0%| F|  |TAMS 0x0000000706400000, 0x0000000706400000| Untracked 
|  85|0x0000000706500000, 0x0000000706500000, 0x0000000706600000|  0%| F|  |TAMS 0x0000000706500000, 0x0000000706500000| Untracked 
|  86|0x0000000706600000, 0x0000000706600000, 0x0000000706700000|  0%| F|  |TAMS 0x0000000706600000, 0x0000000706600000| Untracked 
|  87|0x0000000706700000, 0x0000000706700000, 0x0000000706800000|  0%| F|  |TAMS 0x0000000706700000, 0x0000000706700000| Untracked 
|  88|0x0000000706800000, 0x0000000706800000, 0x0000000706900000|  0%| F|  |TAMS 0x0000000706800000, 0x0000000706800000| Untracked 
|  89|0x0000000706900000, 0x0000000706900000, 0x0000000706a00000|  0%| F|  |TAMS 0x0000000706900000, 0x0000000706900000| Untracked 
|  90|0x0000000706a00000, 0x0000000706a00000, 0x0000000706b00000|  0%| F|  |TAMS 0x0000000706a00000, 0x0000000706a00000| Untracked 
|  91|0x0000000706b00000, 0x0000000706b00000, 0x0000000706c00000|  0%| F|  |TAMS 0x0000000706b00000, 0x0000000706b00000| Untracked 
|  92|0x0000000706c00000, 0x0000000706c00000, 0x0000000706d00000|  0%| F|  |TAMS 0x0000000706c00000, 0x0000000706c00000| Untracked 
|  93|0x0000000706d00000, 0x0000000706d00000, 0x0000000706e00000|  0%| F|  |TAMS 0x0000000706d00000, 0x0000000706d00000| Untracked 
|  94|0x0000000706e00000, 0x0000000706e00000, 0x0000000706f00000|  0%| F|  |TAMS 0x0000000706e00000, 0x0000000706e00000| Untracked 
|  95|0x0000000706f00000, 0x0000000706f00000, 0x0000000707000000|  0%| F|  |TAMS 0x0000000706f00000, 0x0000000706f00000| Untracked 
|  96|0x0000000707000000, 0x0000000707000000, 0x0000000707100000|  0%| F|  |TAMS 0x0000000707000000, 0x0000000707000000| Untracked 
|  97|0x0000000707100000, 0x0000000707100000, 0x0000000707200000|  0%| F|  |TAMS 0x0000000707100000, 0x0000000707100000| Untracked 
|  98|0x0000000707200000, 0x0000000707200000, 0x0000000707300000|  0%| F|  |TAMS 0x0000000707200000, 0x0000000707200000| Untracked 
|  99|0x0000000707300000, 0x0000000707300000, 0x0000000707400000|  0%| F|  |TAMS 0x0000000707300000, 0x0000000707300000| Untracked 
| 100|0x0000000707400000, 0x0000000707400000, 0x0000000707500000|  0%| F|  |TAMS 0x0000000707400000, 0x0000000707400000| Untracked 
| 101|0x0000000707500000, 0x0000000707500000, 0x0000000707600000|  0%| F|  |TAMS 0x0000000707500000, 0x0000000707500000| Untracked 
| 102|0x0000000707600000, 0x0000000707600000, 0x0000000707700000|  0%| F|  |TAMS 0x0000000707600000, 0x0000000707600000| Untracked 
| 103|0x0000000707700000, 0x0000000707700000, 0x0000000707800000|  0%| F|  |TAMS 0x0000000707700000, 0x0000000707700000| Untracked 
| 104|0x0000000707800000, 0x0000000707800000, 0x0000000707900000|  0%| F|  |TAMS 0x0000000707800000, 0x0000000707800000| Untracked 
| 105|0x0000000707900000, 0x0000000707900000, 0x0000000707a00000|  0%| F|  |TAMS 0x0000000707900000, 0x0000000707900000| Untracked 
| 106|0x0000000707a00000, 0x0000000707a00000, 0x0000000707b00000|  0%| F|  |TAMS 0x0000000707a00000, 0x0000000707a00000| Untracked 
| 107|0x0000000707b00000, 0x0000000707b00000, 0x0000000707c00000|  0%| F|  |TAMS 0x0000000707b00000, 0x0000000707b00000| Untracked 
| 108|0x0000000707c00000, 0x0000000707c00000, 0x0000000707d00000|  0%| F|  |TAMS 0x0000000707c00000, 0x0000000707c00000| Untracked 
| 109|0x0000000707d00000, 0x0000000707d7abb0, 0x0000000707e00000| 47%| S|CS|TAMS 0x0000000707d00000, 0x0000000707d00000| Complete 
| 110|0x0000000707e00000, 0x0000000707f00000, 0x0000000707f00000|100%| S|CS|TAMS 0x0000000707e00000, 0x0000000707e00000| Complete 
| 111|0x0000000707f00000, 0x0000000708000000, 0x0000000708000000|100%| S|CS|TAMS 0x0000000707f00000, 0x0000000707f00000| Complete 
| 112|0x0000000708000000, 0x0000000708100000, 0x0000000708100000|100%| S|CS|TAMS 0x0000000708000000, 0x0000000708000000| Complete 
| 113|0x0000000708100000, 0x0000000708200000, 0x0000000708200000|100%| S|CS|TAMS 0x0000000708100000, 0x0000000708100000| Complete 
| 114|0x0000000708200000, 0x0000000708300000, 0x0000000708300000|100%| S|CS|TAMS 0x0000000708200000, 0x0000000708200000| Complete 
| 115|0x0000000708300000, 0x0000000708400000, 0x0000000708400000|100%| S|CS|TAMS 0x0000000708300000, 0x0000000708300000| Complete 
| 116|0x0000000708400000, 0x0000000708500000, 0x0000000708500000|100%| S|CS|TAMS 0x0000000708400000, 0x0000000708400000| Complete 
| 117|0x0000000708500000, 0x0000000708600000, 0x0000000708600000|100%| S|CS|TAMS 0x0000000708500000, 0x0000000708500000| Complete 
| 118|0x0000000708600000, 0x0000000708700000, 0x0000000708700000|100%| S|CS|TAMS 0x0000000708600000, 0x0000000708600000| Complete 
| 119|0x0000000708700000, 0x0000000708800000, 0x0000000708800000|100%| S|CS|TAMS 0x0000000708700000, 0x0000000708700000| Complete 
| 120|0x0000000708800000, 0x0000000708800000, 0x0000000708900000|  0%| F|  |TAMS 0x0000000708800000, 0x0000000708800000| Untracked 
| 121|0x0000000708900000, 0x0000000708900000, 0x0000000708a00000|  0%| F|  |TAMS 0x0000000708900000, 0x0000000708900000| Untracked 
| 122|0x0000000708a00000, 0x0000000708a00000, 0x0000000708b00000|  0%| F|  |TAMS 0x0000000708a00000, 0x0000000708a00000| Untracked 
| 123|0x0000000708b00000, 0x0000000708b00000, 0x0000000708c00000|  0%| F|  |TAMS 0x0000000708b00000, 0x0000000708b00000| Untracked 
| 124|0x0000000708c00000, 0x0000000708c00000, 0x0000000708d00000|  0%| F|  |TAMS 0x0000000708c00000, 0x0000000708c00000| Untracked 
| 125|0x0000000708d00000, 0x0000000708d00000, 0x0000000708e00000|  0%| F|  |TAMS 0x0000000708d00000, 0x0000000708d00000| Untracked 
| 126|0x0000000708e00000, 0x0000000708e00000, 0x0000000708f00000|  0%| F|  |TAMS 0x0000000708e00000, 0x0000000708e00000| Untracked 
| 127|0x0000000708f00000, 0x0000000708f00000, 0x0000000709000000|  0%| F|  |TAMS 0x0000000708f00000, 0x0000000708f00000| Untracked 
| 128|0x0000000709000000, 0x0000000709000000, 0x0000000709100000|  0%| F|  |TAMS 0x0000000709000000, 0x0000000709000000| Untracked 
| 129|0x0000000709100000, 0x0000000709100000, 0x0000000709200000|  0%| F|  |TAMS 0x0000000709100000, 0x0000000709100000| Untracked 
| 130|0x0000000709200000, 0x0000000709200000, 0x0000000709300000|  0%| F|  |TAMS 0x0000000709200000, 0x0000000709200000| Untracked 
| 131|0x0000000709300000, 0x0000000709300000, 0x0000000709400000|  0%| F|  |TAMS 0x0000000709300000, 0x0000000709300000| Untracked 
| 132|0x0000000709400000, 0x0000000709400000, 0x0000000709500000|  0%| F|  |TAMS 0x0000000709400000, 0x0000000709400000| Untracked 
| 133|0x0000000709500000, 0x0000000709500000, 0x0000000709600000|  0%| F|  |TAMS 0x0000000709500000, 0x0000000709500000| Untracked 
| 134|0x0000000709600000, 0x0000000709600000, 0x0000000709700000|  0%| F|  |TAMS 0x0000000709600000, 0x0000000709600000| Untracked 
| 135|0x0000000709700000, 0x0000000709700000, 0x0000000709800000|  0%| F|  |TAMS 0x0000000709700000, 0x0000000709700000| Untracked 
| 136|0x0000000709800000, 0x0000000709800000, 0x0000000709900000|  0%| F|  |TAMS 0x0000000709800000, 0x0000000709800000| Untracked 
| 137|0x0000000709900000, 0x0000000709900000, 0x0000000709a00000|  0%| F|  |TAMS 0x0000000709900000, 0x0000000709900000| Untracked 
| 138|0x0000000709a00000, 0x0000000709a00000, 0x0000000709b00000|  0%| F|  |TAMS 0x0000000709a00000, 0x0000000709a00000| Untracked 
| 139|0x0000000709b00000, 0x0000000709b00000, 0x0000000709c00000|  0%| F|  |TAMS 0x0000000709b00000, 0x0000000709b00000| Untracked 
| 140|0x0000000709c00000, 0x0000000709c00000, 0x0000000709d00000|  0%| F|  |TAMS 0x0000000709c00000, 0x0000000709c00000| Untracked 
| 141|0x0000000709d00000, 0x0000000709d00000, 0x0000000709e00000|  0%| F|  |TAMS 0x0000000709d00000, 0x0000000709d00000| Untracked 
| 142|0x0000000709e00000, 0x0000000709e00000, 0x0000000709f00000|  0%| F|  |TAMS 0x0000000709e00000, 0x0000000709e00000| Untracked 
| 143|0x0000000709f00000, 0x0000000709f00000, 0x000000070a000000|  0%| F|  |TAMS 0x0000000709f00000, 0x0000000709f00000| Untracked 
| 144|0x000000070a000000, 0x000000070a000000, 0x000000070a100000|  0%| F|  |TAMS 0x000000070a000000, 0x000000070a000000| Untracked 
| 145|0x000000070a100000, 0x000000070a100000, 0x000000070a200000|  0%| F|  |TAMS 0x000000070a100000, 0x000000070a100000| Untracked 
| 146|0x000000070a200000, 0x000000070a200000, 0x000000070a300000|  0%| F|  |TAMS 0x000000070a200000, 0x000000070a200000| Untracked 
| 147|0x000000070a300000, 0x000000070a300000, 0x000000070a400000|  0%| F|  |TAMS 0x000000070a300000, 0x000000070a300000| Untracked 
| 148|0x000000070a400000, 0x000000070a400000, 0x000000070a500000|  0%| F|  |TAMS 0x000000070a400000, 0x000000070a400000| Untracked 
| 149|0x000000070a500000, 0x000000070a500000, 0x000000070a600000|  0%| F|  |TAMS 0x000000070a500000, 0x000000070a500000| Untracked 
| 150|0x000000070a600000, 0x000000070a600000, 0x000000070a700000|  0%| F|  |TAMS 0x000000070a600000, 0x000000070a600000| Untracked 
| 151|0x000000070a700000, 0x000000070a700000, 0x000000070a800000|  0%| F|  |TAMS 0x000000070a700000, 0x000000070a700000| Untracked 
| 152|0x000000070a800000, 0x000000070a800000, 0x000000070a900000|  0%| F|  |TAMS 0x000000070a800000, 0x000000070a800000| Untracked 
| 153|0x000000070a900000, 0x000000070a900000, 0x000000070aa00000|  0%| F|  |TAMS 0x000000070a900000, 0x000000070a900000| Untracked 
| 154|0x000000070aa00000, 0x000000070aa00000, 0x000000070ab00000|  0%| F|  |TAMS 0x000000070aa00000, 0x000000070aa00000| Untracked 
| 155|0x000000070ab00000, 0x000000070ab00000, 0x000000070ac00000|  0%| F|  |TAMS 0x000000070ab00000, 0x000000070ab00000| Untracked 
| 156|0x000000070ac00000, 0x000000070ac00000, 0x000000070ad00000|  0%| F|  |TAMS 0x000000070ac00000, 0x000000070ac00000| Untracked 
| 157|0x000000070ad00000, 0x000000070ad00000, 0x000000070ae00000|  0%| F|  |TAMS 0x000000070ad00000, 0x000000070ad00000| Untracked 
| 158|0x000000070ae00000, 0x000000070ae00000, 0x000000070af00000|  0%| F|  |TAMS 0x000000070ae00000, 0x000000070ae00000| Untracked 
| 159|0x000000070af00000, 0x000000070af00000, 0x000000070b000000|  0%| F|  |TAMS 0x000000070af00000, 0x000000070af00000| Untracked 
| 160|0x000000070b000000, 0x000000070b000000, 0x000000070b100000|  0%| F|  |TAMS 0x000000070b000000, 0x000000070b000000| Untracked 
| 161|0x000000070b100000, 0x000000070b100000, 0x000000070b200000|  0%| F|  |TAMS 0x000000070b100000, 0x000000070b100000| Untracked 
| 162|0x000000070b200000, 0x000000070b200000, 0x000000070b300000|  0%| F|  |TAMS 0x000000070b200000, 0x000000070b200000| Untracked 
| 163|0x000000070b300000, 0x000000070b300000, 0x000000070b400000|  0%| F|  |TAMS 0x000000070b300000, 0x000000070b300000| Untracked 
| 164|0x000000070b400000, 0x000000070b400000, 0x000000070b500000|  0%| F|  |TAMS 0x000000070b400000, 0x000000070b400000| Untracked 
| 165|0x000000070b500000, 0x000000070b500000, 0x000000070b600000|  0%| F|  |TAMS 0x000000070b500000, 0x000000070b500000| Untracked 
| 166|0x000000070b600000, 0x000000070b600000, 0x000000070b700000|  0%| F|  |TAMS 0x000000070b600000, 0x000000070b600000| Untracked 
| 167|0x000000070b700000, 0x000000070b700000, 0x000000070b800000|  0%| F|  |TAMS 0x000000070b700000, 0x000000070b700000| Untracked 
| 168|0x000000070b800000, 0x000000070b800000, 0x000000070b900000|  0%| F|  |TAMS 0x000000070b800000, 0x000000070b800000| Untracked 
| 169|0x000000070b900000, 0x000000070b900000, 0x000000070ba00000|  0%| F|  |TAMS 0x000000070b900000, 0x000000070b900000| Untracked 
| 170|0x000000070ba00000, 0x000000070ba00000, 0x000000070bb00000|  0%| F|  |TAMS 0x000000070ba00000, 0x000000070ba00000| Untracked 
| 171|0x000000070bb00000, 0x000000070bb00000, 0x000000070bc00000|  0%| F|  |TAMS 0x000000070bb00000, 0x000000070bb00000| Untracked 
| 172|0x000000070bc00000, 0x000000070bc00000, 0x000000070bd00000|  0%| F|  |TAMS 0x000000070bc00000, 0x000000070bc00000| Untracked 
| 173|0x000000070bd00000, 0x000000070bd00000, 0x000000070be00000|  0%| F|  |TAMS 0x000000070bd00000, 0x000000070bd00000| Untracked 
| 174|0x000000070be00000, 0x000000070be00000, 0x000000070bf00000|  0%| F|  |TAMS 0x000000070be00000, 0x000000070be00000| Untracked 
| 175|0x000000070bf00000, 0x000000070bf00000, 0x000000070c000000|  0%| F|  |TAMS 0x000000070bf00000, 0x000000070bf00000| Untracked 
| 176|0x000000070c000000, 0x000000070c000000, 0x000000070c100000|  0%| F|  |TAMS 0x000000070c000000, 0x000000070c000000| Untracked 
| 177|0x000000070c100000, 0x000000070c100000, 0x000000070c200000|  0%| F|  |TAMS 0x000000070c100000, 0x000000070c100000| Untracked 
| 178|0x000000070c200000, 0x000000070c200000, 0x000000070c300000|  0%| F|  |TAMS 0x000000070c200000, 0x000000070c200000| Untracked 
| 179|0x000000070c300000, 0x000000070c300000, 0x000000070c400000|  0%| F|  |TAMS 0x000000070c300000, 0x000000070c300000| Untracked 
| 180|0x000000070c400000, 0x000000070c400000, 0x000000070c500000|  0%| F|  |TAMS 0x000000070c400000, 0x000000070c400000| Untracked 
| 181|0x000000070c500000, 0x000000070c500000, 0x000000070c600000|  0%| F|  |TAMS 0x000000070c500000, 0x000000070c500000| Untracked 
| 182|0x000000070c600000, 0x000000070c600000, 0x000000070c700000|  0%| F|  |TAMS 0x000000070c600000, 0x000000070c600000| Untracked 
| 183|0x000000070c700000, 0x000000070c700000, 0x000000070c800000|  0%| F|  |TAMS 0x000000070c700000, 0x000000070c700000| Untracked 
| 184|0x000000070c800000, 0x000000070c800000, 0x000000070c900000|  0%| F|  |TAMS 0x000000070c800000, 0x000000070c800000| Untracked 
| 185|0x000000070c900000, 0x000000070c900000, 0x000000070ca00000|  0%| F|  |TAMS 0x000000070c900000, 0x000000070c900000| Untracked 
| 186|0x000000070ca00000, 0x000000070ca00000, 0x000000070cb00000|  0%| F|  |TAMS 0x000000070ca00000, 0x000000070ca00000| Untracked 
| 187|0x000000070cb00000, 0x000000070cb00000, 0x000000070cc00000|  0%| F|  |TAMS 0x000000070cb00000, 0x000000070cb00000| Untracked 
| 188|0x000000070cc00000, 0x000000070cc00000, 0x000000070cd00000|  0%| F|  |TAMS 0x000000070cc00000, 0x000000070cc00000| Untracked 
| 189|0x000000070cd00000, 0x000000070cd00000, 0x000000070ce00000|  0%| F|  |TAMS 0x000000070cd00000, 0x000000070cd00000| Untracked 
| 190|0x000000070ce00000, 0x000000070ce00000, 0x000000070cf00000|  0%| F|  |TAMS 0x000000070ce00000, 0x000000070ce00000| Untracked 
| 191|0x000000070cf00000, 0x000000070cf00000, 0x000000070d000000|  0%| F|  |TAMS 0x000000070cf00000, 0x000000070cf00000| Untracked 
| 192|0x000000070d000000, 0x000000070d000000, 0x000000070d100000|  0%| F|  |TAMS 0x000000070d000000, 0x000000070d000000| Untracked 
| 193|0x000000070d100000, 0x000000070d100000, 0x000000070d200000|  0%| F|  |TAMS 0x000000070d100000, 0x000000070d100000| Untracked 
| 194|0x000000070d200000, 0x000000070d200000, 0x000000070d300000|  0%| F|  |TAMS 0x000000070d200000, 0x000000070d200000| Untracked 
| 195|0x000000070d300000, 0x000000070d300000, 0x000000070d400000|  0%| F|  |TAMS 0x000000070d300000, 0x000000070d300000| Untracked 
| 196|0x000000070d400000, 0x000000070d400000, 0x000000070d500000|  0%| F|  |TAMS 0x000000070d400000, 0x000000070d400000| Untracked 
| 197|0x000000070d500000, 0x000000070d500000, 0x000000070d600000|  0%| F|  |TAMS 0x000000070d500000, 0x000000070d500000| Untracked 
| 198|0x000000070d600000, 0x000000070d600000, 0x000000070d700000|  0%| F|  |TAMS 0x000000070d600000, 0x000000070d600000| Untracked 
| 199|0x000000070d700000, 0x000000070d700000, 0x000000070d800000|  0%| F|  |TAMS 0x000000070d700000, 0x000000070d700000| Untracked 
| 200|0x000000070d800000, 0x000000070d800000, 0x000000070d900000|  0%| F|  |TAMS 0x000000070d800000, 0x000000070d800000| Untracked 
| 201|0x000000070d900000, 0x000000070d900000, 0x000000070da00000|  0%| F|  |TAMS 0x000000070d900000, 0x000000070d900000| Untracked 
| 202|0x000000070da00000, 0x000000070da00000, 0x000000070db00000|  0%| F|  |TAMS 0x000000070da00000, 0x000000070da00000| Untracked 
| 203|0x000000070db00000, 0x000000070db00000, 0x000000070dc00000|  0%| F|  |TAMS 0x000000070db00000, 0x000000070db00000| Untracked 
| 204|0x000000070dc00000, 0x000000070dc00000, 0x000000070dd00000|  0%| F|  |TAMS 0x000000070dc00000, 0x000000070dc00000| Untracked 
| 205|0x000000070dd00000, 0x000000070dd00000, 0x000000070de00000|  0%| F|  |TAMS 0x000000070dd00000, 0x000000070dd00000| Untracked 
| 206|0x000000070de00000, 0x000000070de00000, 0x000000070df00000|  0%| F|  |TAMS 0x000000070de00000, 0x000000070de00000| Untracked 
| 207|0x000000070df00000, 0x000000070df00000, 0x000000070e000000|  0%| F|  |TAMS 0x000000070df00000, 0x000000070df00000| Untracked 
| 208|0x000000070e000000, 0x000000070e000000, 0x000000070e100000|  0%| F|  |TAMS 0x000000070e000000, 0x000000070e000000| Untracked 
| 209|0x000000070e100000, 0x000000070e100000, 0x000000070e200000|  0%| F|  |TAMS 0x000000070e100000, 0x000000070e100000| Untracked 
| 210|0x000000070e200000, 0x000000070e200000, 0x000000070e300000|  0%| F|  |TAMS 0x000000070e200000, 0x000000070e200000| Untracked 
| 211|0x000000070e300000, 0x000000070e300000, 0x000000070e400000|  0%| F|  |TAMS 0x000000070e300000, 0x000000070e300000| Untracked 
| 212|0x000000070e400000, 0x000000070e480800, 0x000000070e500000| 50%| E|  |TAMS 0x000000070e400000, 0x000000070e400000| Complete 
| 213|0x000000070e500000, 0x000000070e600000, 0x000000070e600000|100%| E|CS|TAMS 0x000000070e500000, 0x000000070e500000| Complete 
| 214|0x000000070e600000, 0x000000070e700000, 0x000000070e700000|100%| E|CS|TAMS 0x000000070e600000, 0x000000070e600000| Complete 
| 215|0x000000070e700000, 0x000000070e800000, 0x000000070e800000|100%| E|CS|TAMS 0x000000070e700000, 0x000000070e700000| Complete 
| 216|0x000000070e800000, 0x000000070e900000, 0x000000070e900000|100%| E|CS|TAMS 0x000000070e800000, 0x000000070e800000| Complete 
| 217|0x000000070e900000, 0x000000070ea00000, 0x000000070ea00000|100%| E|CS|TAMS 0x000000070e900000, 0x000000070e900000| Complete 
| 218|0x000000070ea00000, 0x000000070eb00000, 0x000000070eb00000|100%| E|CS|TAMS 0x000000070ea00000, 0x000000070ea00000| Complete 
| 219|0x000000070eb00000, 0x000000070ec00000, 0x000000070ec00000|100%| E|CS|TAMS 0x000000070eb00000, 0x000000070eb00000| Complete 
| 220|0x000000070ec00000, 0x000000070ed00000, 0x000000070ed00000|100%| E|CS|TAMS 0x000000070ec00000, 0x000000070ec00000| Complete 
| 221|0x000000070ed00000, 0x000000070ee00000, 0x000000070ee00000|100%| E|CS|TAMS 0x000000070ed00000, 0x000000070ed00000| Complete 
| 222|0x000000070ee00000, 0x000000070ef00000, 0x000000070ef00000|100%| E|CS|TAMS 0x000000070ee00000, 0x000000070ee00000| Complete 
| 223|0x000000070ef00000, 0x000000070f000000, 0x000000070f000000|100%| E|CS|TAMS 0x000000070ef00000, 0x000000070ef00000| Complete 
| 224|0x000000070f000000, 0x000000070f100000, 0x000000070f100000|100%| E|CS|TAMS 0x000000070f000000, 0x000000070f000000| Complete 
| 225|0x000000070f100000, 0x000000070f200000, 0x000000070f200000|100%| E|CS|TAMS 0x000000070f100000, 0x000000070f100000| Complete 
| 226|0x000000070f200000, 0x000000070f300000, 0x000000070f300000|100%| E|CS|TAMS 0x000000070f200000, 0x000000070f200000| Complete 
| 227|0x000000070f300000, 0x000000070f400000, 0x000000070f400000|100%| E|CS|TAMS 0x000000070f300000, 0x000000070f300000| Complete 
| 228|0x000000070f400000, 0x000000070f500000, 0x000000070f500000|100%| E|CS|TAMS 0x000000070f400000, 0x000000070f400000| Complete 
| 229|0x000000070f500000, 0x000000070f600000, 0x000000070f600000|100%| E|CS|TAMS 0x000000070f500000, 0x000000070f500000| Complete 
| 230|0x000000070f600000, 0x000000070f700000, 0x000000070f700000|100%| E|CS|TAMS 0x000000070f600000, 0x000000070f600000| Complete 
| 231|0x000000070f700000, 0x000000070f800000, 0x000000070f800000|100%| E|CS|TAMS 0x000000070f700000, 0x000000070f700000| Complete 
| 232|0x000000070f800000, 0x000000070f900000, 0x000000070f900000|100%| E|CS|TAMS 0x000000070f800000, 0x000000070f800000| Complete 
| 233|0x000000070f900000, 0x000000070fa00000, 0x000000070fa00000|100%| E|CS|TAMS 0x000000070f900000, 0x000000070f900000| Complete 
| 234|0x000000070fa00000, 0x000000070fb00000, 0x000000070fb00000|100%| E|CS|TAMS 0x000000070fa00000, 0x000000070fa00000| Complete 
| 235|0x000000070fb00000, 0x000000070fc00000, 0x000000070fc00000|100%| E|CS|TAMS 0x000000070fb00000, 0x000000070fb00000| Complete 
| 236|0x000000070fc00000, 0x000000070fd00000, 0x000000070fd00000|100%| E|CS|TAMS 0x000000070fc00000, 0x000000070fc00000| Complete 
| 237|0x000000070fd00000, 0x000000070fe00000, 0x000000070fe00000|100%| E|CS|TAMS 0x000000070fd00000, 0x000000070fd00000| Complete 
| 238|0x000000070fe00000, 0x000000070ff00000, 0x000000070ff00000|100%| E|CS|TAMS 0x000000070fe00000, 0x000000070fe00000| Complete 
| 239|0x000000070ff00000, 0x0000000710000000, 0x0000000710000000|100%| E|CS|TAMS 0x000000070ff00000, 0x000000070ff00000| Complete 
| 240|0x0000000710000000, 0x0000000710100000, 0x0000000710100000|100%| E|CS|TAMS 0x0000000710000000, 0x0000000710000000| Complete 
| 241|0x0000000710100000, 0x0000000710200000, 0x0000000710200000|100%| E|CS|TAMS 0x0000000710100000, 0x0000000710100000| Complete 
| 242|0x0000000710200000, 0x0000000710300000, 0x0000000710300000|100%| E|CS|TAMS 0x0000000710200000, 0x0000000710200000| Complete 
| 243|0x0000000710300000, 0x0000000710400000, 0x0000000710400000|100%| E|CS|TAMS 0x0000000710300000, 0x0000000710300000| Complete 
| 244|0x0000000710400000, 0x0000000710500000, 0x0000000710500000|100%| E|CS|TAMS 0x0000000710400000, 0x0000000710400000| Complete 
| 245|0x0000000710500000, 0x0000000710600000, 0x0000000710600000|100%| E|CS|TAMS 0x0000000710500000, 0x0000000710500000| Complete 
| 246|0x0000000710600000, 0x0000000710700000, 0x0000000710700000|100%| E|CS|TAMS 0x0000000710600000, 0x0000000710600000| Complete 
| 247|0x0000000710700000, 0x0000000710800000, 0x0000000710800000|100%| E|CS|TAMS 0x0000000710700000, 0x0000000710700000| Complete 
| 248|0x0000000710800000, 0x0000000710900000, 0x0000000710900000|100%| E|CS|TAMS 0x0000000710800000, 0x0000000710800000| Complete 
| 249|0x0000000710900000, 0x0000000710a00000, 0x0000000710a00000|100%| E|CS|TAMS 0x0000000710900000, 0x0000000710900000| Complete 
| 250|0x0000000710a00000, 0x0000000710b00000, 0x0000000710b00000|100%| E|CS|TAMS 0x0000000710a00000, 0x0000000710a00000| Complete 
| 251|0x0000000710b00000, 0x0000000710c00000, 0x0000000710c00000|100%| E|CS|TAMS 0x0000000710b00000, 0x0000000710b00000| Complete 
| 252|0x0000000710c00000, 0x0000000710d00000, 0x0000000710d00000|100%| E|CS|TAMS 0x0000000710c00000, 0x0000000710c00000| Complete 
| 253|0x0000000710d00000, 0x0000000710e00000, 0x0000000710e00000|100%| E|CS|TAMS 0x0000000710d00000, 0x0000000710d00000| Complete 
| 254|0x0000000710e00000, 0x0000000710f00000, 0x0000000710f00000|100%| E|CS|TAMS 0x0000000710e00000, 0x0000000710e00000| Complete 
| 255|0x0000000710f00000, 0x0000000711000000, 0x0000000711000000|100%| E|CS|TAMS 0x0000000710f00000, 0x0000000710f00000| Complete 

Card table byte_map: [0x0000027c403b0000,0x0000027c40bb0000] _byte_map_base: 0x0000027c3cba8000

Marking Bits (Prev, Next): (CMBitMap*) 0x0000027c2649f488, (CMBitMap*) 0x0000027c2649f4c0
 Prev Bits: [0x0000027c413b0000, 0x0000027c45370000)
 Next Bits: [0x0000027c45370000, 0x0000027c49330000)

Polling page: 0x0000027c26510000

Metaspace:

Usage:
  Non-class:     38.43 MB capacity,    37.62 MB ( 98%) used,   658.80 KB (  2%) free+waste,   172.13 KB ( <1%) overhead. 
      Class:      5.87 MB capacity,     5.32 MB ( 91%) used,   479.05 KB (  8%) free+waste,    81.81 KB (  1%) overhead. 
       Both:     44.30 MB capacity,    42.94 MB ( 97%) used,     1.11 MB (  3%) free+waste,   253.94 KB ( <1%) overhead. 

Virtual space:
  Non-class space:       40.00 MB reserved,      38.67 MB ( 97%) committed 
      Class space:        1.00 GB reserved,       5.88 MB ( <1%) committed 
             Both:        1.04 GB reserved,      44.55 MB (  4%) committed 

Chunk freelists:
   Non-Class:  54.00 KB
       Class:  3.00 KB
        Both:  57.00 KB

MaxMetaspaceSize: 17179869184.00 GB
CompressedClassSpaceSize: 1.00 GB
Initial GC threshold: 20.80 MB
Current GC threshold: 58.54 MB
CDS: off

CodeHeap 'non-profiled nmethods': size=120064Kb used=2768Kb max_used=2768Kb free=117295Kb
 bounds [0x0000027c37e30000, 0x0000027c380f0000, 0x0000027c3f370000]
CodeHeap 'profiled nmethods': size=120000Kb used=10076Kb max_used=10076Kb free=109923Kb
 bounds [0x0000027c30900000, 0x0000027c312e0000, 0x0000027c37e30000]
CodeHeap 'non-nmethods': size=5696Kb used=1288Kb max_used=1357Kb free=4407Kb
 bounds [0x0000027c30370000, 0x0000027c305e0000, 0x0000027c30900000]
 total_blobs=4644 nmethods=4167 adapters=397
 compilation: enabled
              stopped_count=0, restarted_count=0
 full_count=0

Compilation events (20 events):
Event: 3.797 Thread 0x0000027c4c5aa800 4182       3       java.util.ArrayList$ArrayListSpliterator::getFence (35 bytes)
Event: 3.797 Thread 0x0000027c4c5aa800 nmethod 4182 0x0000027c312d6290 code [0x0000027c312d6440, 0x0000027c312d6598]
Event: 4.024 Thread 0x0000027c4c73e000 nmethod 4100 0x0000027c380b7c90 code [0x0000027c380b8320, 0x0000027c380c0ce0]
Event: 4.025 Thread 0x0000027c4c73e000 4101       4       java.lang.invoke.MethodType$ConcurrentWeakInternSet::get (54 bytes)
Event: 4.061 Thread 0x0000027c4c73e000 nmethod 4101 0x0000027c380c3b10 code [0x0000027c380c3da0, 0x0000027c380c6420]
Event: 4.061 Thread 0x0000027c4c73e000 4093       4       jdk.internal.loader.BuiltinClassLoader::hasClassPath (13 bytes)
Event: 4.061 Thread 0x0000027c4c73e000 nmethod 4093 0x0000027c380c7390 code [0x0000027c380c7520, 0x0000027c380c7598]
Event: 4.061 Thread 0x0000027c4c73e000 4096       4       java.util.HashMap::containsKey (18 bytes)
Event: 4.064 Thread 0x0000027c4c73e000 nmethod 4096 0x0000027c380c7690 code [0x0000027c380c7840, 0x0000027c380c7bb8]
Event: 4.064 Thread 0x0000027c4c73e000 4120       4       jdk.internal.org.objectweb.asm.MethodWriter::visitCode (1 bytes)
Event: 4.064 Thread 0x0000027c4c73e000 nmethod 4120 0x0000027c380c7e90 code [0x0000027c380c8020, 0x0000027c380c8078]
Event: 4.134 Thread 0x0000027c4c5a2800 nmethod 4091 0x0000027c380c8190 code [0x0000027c380c8ac0, 0x0000027c380d5f60]
Event: 10.944 Thread 0x0000027c4c5aa800 4183       3       java.lang.CharacterData::of (120 bytes)
Event: 10.944 Thread 0x0000027c4c5aa800 nmethod 4183 0x0000027c312d6690 code [0x0000027c312d68a0, 0x0000027c312d6fb8]
Event: 10.945 Thread 0x0000027c4c5a2800 4184   !   4       java.net.URL::<init> (543 bytes)
Event: 11.046 Thread 0x0000027c4c5a2800 nmethod 4184 0x0000027c380db990 code [0x0000027c380dbd80, 0x0000027c380e0508]
Event: 11.047 Thread 0x0000027c4c5a2800 4186       4       java.lang.Character::toLowerCase (9 bytes)
Event: 11.048 Thread 0x0000027c4c5a2800 nmethod 4186 0x0000027c380e2890 code [0x0000027c380e2a40, 0x0000027c380e2b78]
Event: 11.048 Thread 0x0000027c4c5a2800 4185       4       java.lang.String::regionMatches (150 bytes)
Event: 11.060 Thread 0x0000027c4c5a2800 nmethod 4185 0x0000027c380e2d10 code [0x0000027c380e2f00, 0x0000027c380e3a38]

GC Heap History (10 events):
Event: 0.541 GC heap before
{Heap before GC invocations=0 (full 0):
 garbage-first heap   total 262144K, used 22528K [0x0000000701000000, 0x0000000800000000)
  region size 1024K, 22 young (22528K), 0 survivors (0K)
 Metaspace       used 11020K, capacity 11178K, committed 11392K, reserved 1058816K
  class space    used 984K, capacity 1041K, committed 1152K, reserved 1048576K
}
Event: 0.544 GC heap after
{Heap after GC invocations=1 (full 0):
 garbage-first heap   total 262144K, used 6648K [0x0000000701000000, 0x0000000800000000)
  region size 1024K, 3 young (3072K), 3 survivors (3072K)
 Metaspace       used 11020K, capacity 11178K, committed 11392K, reserved 1058816K
  class space    used 984K, capacity 1041K, committed 1152K, reserved 1048576K
}
Event: 1.362 GC heap before
{Heap before GC invocations=1 (full 0):
 garbage-first heap   total 262144K, used 97784K [0x0000000701000000, 0x0000000800000000)
  region size 1024K, 93 young (95232K), 3 survivors (3072K)
 Metaspace       used 20515K, capacity 21231K, committed 21296K, reserved 1069056K
  class space    used 2159K, capacity 2432K, committed 2432K, reserved 1048576K
}
Event: 1.368 GC heap after
{Heap after GC invocations=2 (full 0):
 garbage-first heap   total 262144K, used 9455K [0x0000000701000000, 0x0000000800000000)
  region size 1024K, 6 young (6144K), 6 survivors (6144K)
 Metaspace       used 20515K, capacity 21231K, committed 21296K, reserved 1069056K
  class space    used 2159K, capacity 2432K, committed 2432K, reserved 1048576K
}
Event: 1.894 GC heap before
{Heap before GC invocations=3 (full 0):
 garbage-first heap   total 262144K, used 100591K [0x0000000701000000, 0x0000000800000000)
  region size 1024K, 95 young (97280K), 6 survivors (6144K)
 Metaspace       used 28894K, capacity 29798K, committed 29872K, reserved 1075200K
  class space    used 3211K, capacity 3570K, committed 3584K, reserved 1048576K
}
Event: 1.899 GC heap after
{Heap after GC invocations=4 (full 0):
 garbage-first heap   total 262144K, used 11187K [0x0000000701000000, 0x0000000800000000)
  region size 1024K, 8 young (8192K), 8 survivors (8192K)
 Metaspace       used 28894K, capacity 29798K, committed 29872K, reserved 1075200K
  class space    used 3211K, capacity 3570K, committed 3584K, reserved 1048576K
}
Event: 2.402 GC heap before
{Heap before GC invocations=4 (full 0):
 garbage-first heap   total 262144K, used 103347K [0x0000000701000000, 0x0000000800000000)
  region size 1024K, 99 young (101376K), 8 survivors (8192K)
 Metaspace       used 34489K, capacity 35533K, committed 35708K, reserved 1081344K
  class space    used 3937K, capacity 4366K, committed 4480K, reserved 1048576K
}
Event: 2.410 GC heap after
{Heap after GC invocations=5 (full 0):
 garbage-first heap   total 262144K, used 13526K [0x0000000701000000, 0x0000000800000000)
  region size 1024K, 10 young (10240K), 10 survivors (10240K)
 Metaspace       used 34489K, capacity 35533K, committed 35708K, reserved 1081344K
  class space    used 3937K, capacity 4366K, committed 4480K, reserved 1048576K
}
Event: 3.432 GC heap before
{Heap before GC invocations=6 (full 0):
 garbage-first heap   total 262144K, used 142550K [0x0000000701000000, 0x0000000800000000)
  region size 1024K, 136 young (139264K), 10 survivors (10240K)
 Metaspace       used 42301K, capacity 43537K, committed 43568K, reserved 1087488K
  class space    used 5233K, capacity 5747K, committed 5760K, reserved 1048576K
}
Event: 3.442 GC heap after
{Heap after GC invocations=7 (full 0):
 garbage-first heap   total 262144K, used 17395K [0x0000000701000000, 0x0000000800000000)
  region size 1024K, 11 young (11264K), 11 survivors (11264K)
 Metaspace       used 42301K, capacity 43537K, committed 43568K, reserved 1087488K
  class space    used 5233K, capacity 5747K, committed 5760K, reserved 1048576K
}

Deoptimization events (20 events):
Event: 3.796 Thread 0x0000027c2643a800 DEOPT PACKING pc=0x0000027c30abe744 sp=0x000000bea75fca40
Event: 3.796 Thread 0x0000027c2643a800 DEOPT UNPACKING pc=0x0000027c303ba95e sp=0x000000bea75fbed8 mode 1
Event: 3.796 Thread 0x0000027c2643a800 DEOPT PACKING pc=0x0000027c30b1b3e4 sp=0x000000bea75fcb10
Event: 3.796 Thread 0x0000027c2643a800 DEOPT UNPACKING pc=0x0000027c303ba95e sp=0x000000bea75fbfc8 mode 1
Event: 3.797 Thread 0x0000027c2643a800 DEOPT PACKING pc=0x0000027c30b2c9d4 sp=0x000000bea75fd5b0
Event: 3.797 Thread 0x0000027c2643a800 DEOPT UNPACKING pc=0x0000027c303ba95e sp=0x000000bea75fcaa0 mode 1
Event: 3.801 Thread 0x0000027c2643a800 Uncommon trap: trap_request=0xffffff4d fr.pc=0x0000027c37e45be4 relative=0x0000000000000044
Event: 3.801 Thread 0x0000027c2643a800 Uncommon trap: reason=unstable_if action=reinterpret pc=0x0000027c37e45be4 method=java.lang.CharacterData.of(I)Ljava/lang/CharacterData; @ 4 c2
Event: 3.801 Thread 0x0000027c2643a800 DEOPT PACKING pc=0x0000027c37e45be4 sp=0x000000bea75fbd90
Event: 3.801 Thread 0x0000027c2643a800 DEOPT UNPACKING pc=0x0000027c303ba1af sp=0x000000bea75fbd28 mode 2
Event: 10.948 Thread 0x0000027c2643a800 DEOPT PACKING pc=0x0000027c30abe744 sp=0x000000bea75faca0
Event: 10.948 Thread 0x0000027c2643a800 DEOPT UNPACKING pc=0x0000027c303ba95e sp=0x000000bea75fa138 mode 1
Event: 10.948 Thread 0x0000027c2643a800 DEOPT PACKING pc=0x0000027c30b1b3e4 sp=0x000000bea75fad70
Event: 10.948 Thread 0x0000027c2643a800 DEOPT UNPACKING pc=0x0000027c303ba95e sp=0x000000bea75fa228 mode 1
Event: 10.948 Thread 0x0000027c2643a800 DEOPT PACKING pc=0x0000027c30f49764 sp=0x000000bea75fb810
Event: 10.948 Thread 0x0000027c2643a800 DEOPT UNPACKING pc=0x0000027c303ba95e sp=0x000000bea75face0 mode 1
Event: 10.950 Thread 0x0000027c2643a800 DEOPT PACKING pc=0x0000027c312b5ef3 sp=0x000000bea75fb630
Event: 10.950 Thread 0x0000027c2643a800 DEOPT UNPACKING pc=0x0000027c303ba95e sp=0x000000bea75fab58 mode 0
Event: 659.833 Thread 0x0000027c4c9d4000 DEOPT PACKING pc=0x0000027c311f32d9 sp=0x000000bea86fddb0
Event: 659.833 Thread 0x0000027c4c9d4000 DEOPT UNPACKING pc=0x0000027c303ba95e sp=0x000000bea86fd460 mode 0

Classes redefined (3 events):
Event: 218.497 Thread 0x0000027c4bc8d000 redefined class name=com.nphcswe.controller.EmployeeControllerTest, count=1
Event: 224.130 Thread 0x0000027c4bc8d000 redefined class name=com.nphcswe.controller.EmployeeControllerTest, count=2
Event: 402.984 Thread 0x0000027c4bc8d000 redefined class name=com.nphcswe.controller.EmployeeControllerTest, count=3

Internal exceptions (20 events):
Event: 3.738 Thread 0x0000027c2643a800 Exception <a 'java/lang/ClassNotFoundException'{0x000000070ec0ce50}: java/lang/ObjectCustomizer> (0x000000070ec0ce50) thrown at [./src/hotspot/share/classfile/systemDictionary.cpp, line 231]
Event: 3.738 Thread 0x0000027c2643a800 Exception <a 'java/lang/ClassNotFoundException'{0x000000070ec270a8}: org/springframework/test/web/servlet/MockMvcCustomizer> (0x000000070ec270a8) thrown at [./src/hotspot/share/classfile/systemDictionary.cpp, line 231]
Event: 3.742 Thread 0x0000027c2643a800 Exception <a 'java/lang/ClassNotFoundException'{0x000000070ece01f0}: java/lang/ObjectCustomizer> (0x000000070ece01f0) thrown at [./src/hotspot/share/classfile/systemDictionary.cpp, line 231]
Event: 3.743 Thread 0x0000027c2643a800 Exception <a 'java/lang/ClassNotFoundException'{0x000000070ecf7588}: javax/servlet/GenericServletCustomizer> (0x000000070ecf7588) thrown at [./src/hotspot/share/classfile/systemDictionary.cpp, line 231]
Event: 3.744 Thread 0x0000027c2643a800 Exception <a 'java/lang/ClassNotFoundException'{0x000000070eb13d18}: javax/servlet/http/HttpServletCustomizer> (0x000000070eb13d18) thrown at [./src/hotspot/share/classfile/systemDictionary.cpp, line 231]
Event: 3.745 Thread 0x0000027c2643a800 Exception <a 'java/lang/ClassNotFoundException'{0x000000070eb2e210}: org/springframework/web/servlet/HttpServletBeanCustomizer> (0x000000070eb2e210) thrown at [./src/hotspot/share/classfile/systemDictionary.cpp, line 231]
Event: 3.746 Thread 0x0000027c2643a800 Exception <a 'java/lang/ClassNotFoundException'{0x000000070eb4be00}: org/springframework/web/servlet/FrameworkServletCustomizer> (0x000000070eb4be00) thrown at [./src/hotspot/share/classfile/systemDictionary.cpp, line 231]
Event: 3.747 Thread 0x0000027c2643a800 Exception <a 'java/lang/ClassNotFoundException'{0x000000070eb7a468}: org/springframework/web/servlet/DispatcherServletCustomizer> (0x000000070eb7a468) thrown at [./src/hotspot/share/classfile/systemDictionary.cpp, line 231]
Event: 3.748 Thread 0x0000027c2643a800 Exception <a 'java/lang/ClassNotFoundException'{0x000000070eba20f8}: org/springframework/test/web/servlet/TestDispatcherServletCustomizer> (0x000000070eba20f8) thrown at [./src/hotspot/share/classfile/systemDictionary.cpp, line 231]
Event: 3.749 Thread 0x0000027c2643a800 Exception <a 'java/lang/ClassNotFoundException'{0x000000070ebf7918}: org/springframework/context/ApplicationContextAwareCustomizer> (0x000000070ebf7918) thrown at [./src/hotspot/share/classfile/systemDictionary.cpp, line 231]
Event: 3.750 Thread 0x0000027c2643a800 Exception <a 'java/lang/ClassNotFoundException'{0x000000070ea0ed70}: org/springframework/beans/factory/AwareCustomizer> (0x000000070ea0ed70) thrown at [./src/hotspot/share/classfile/systemDictionary.cpp, line 231]
Event: 3.751 Thread 0x0000027c2643a800 Exception <a 'java/lang/ClassNotFoundException'{0x000000070ea26060}: org/springframework/core/env/EnvironmentCapableCustomizer> (0x000000070ea26060) thrown at [./src/hotspot/share/classfile/systemDictionary.cpp, line 231]
Event: 3.751 Thread 0x0000027c2643a800 Exception <a 'java/lang/ClassNotFoundException'{0x000000070ea3df68}: org/springframework/context/EnvironmentAwareCustomizer> (0x000000070ea3df68) thrown at [./src/hotspot/share/classfile/systemDictionary.cpp, line 231]
Event: 3.752 Thread 0x0000027c2643a800 Exception <a 'java/lang/ClassNotFoundException'{0x000000070ea54968}: org/springframework/beans/factory/AwareCustomizer> (0x000000070ea54968) thrown at [./src/hotspot/share/classfile/systemDictionary.cpp, line 231]
Event: 3.753 Thread 0x0000027c2643a800 Exception <a 'java/lang/ClassNotFoundException'{0x000000070ea67820}: javax/servlet/ServletCustomizer> (0x000000070ea67820) thrown at [./src/hotspot/share/classfile/systemDictionary.cpp, line 231]
Event: 3.753 Thread 0x0000027c2643a800 Exception <a 'java/lang/ClassNotFoundException'{0x000000070ea7e490}: javax/servlet/ServletConfigCustomizer> (0x000000070ea7e490) thrown at [./src/hotspot/share/classfile/systemDictionary.cpp, line 231]
Event: 3.774 Thread 0x0000027c2643a800 Exception <a 'java/lang/ClassNotFoundException'{0x000000070e9eb4e8}: java/lang/ObjectCustomizer> (0x000000070e9eb4e8) thrown at [./src/hotspot/share/classfile/systemDictionary.cpp, line 231]
Event: 3.776 Thread 0x0000027c2643a800 Exception <a 'java/lang/ClassNotFoundException'{0x000000070e805640}: com/nphcswe/controller/EmployeeControllerTestCustomizer> (0x000000070e805640) thrown at [./src/hotspot/share/classfile/systemDictionary.cpp, line 231]
Event: 3.793 Thread 0x0000027c2643a800 Exception <a 'java/lang/NoSuchMethodError'{0x000000070e8ea548}: 'java.lang.Object java.lang.invoke.DirectMethodHandle$Holder.invokeSpecial(java.lang.Object, java.lang.Object, java.lang.Object, java.lang.Object, java.lang.Object, int)'> (0x000000070e8ea548) thrown at [./src/hotspot/share/interpreter/linkResolver.cpp, line 773]
Event: 3.793 Thread 0x0000027c2643a800 Exception <a 'java/lang/NoSuchMethodError'{0x000000070e8edc40}: 'java.lang.Object java.lang.invoke.Invokers$Holder.linkToTargetMethod(java.lang.Object, java.lang.Object, java.lang.Object, int, java.lang.Object)'> (0x000000070e8edc40) thrown at [./src/hotspot/share/interpreter/linkResolver.cpp, line 773]

Events (20 events):
Event: 430.460 Executing VM operation: GetFrameCount done
Event: 430.461 Executing VM operation: GetOwnedMonitorInfo
Event: 430.461 Executing VM operation: GetOwnedMonitorInfo done
Event: 430.461 Executing VM operation: GetCurrentContendedMonitor
Event: 430.461 Executing VM operation: GetCurrentContendedMonitor done
Event: 636.821 Executing VM operation: GetFrameCount
Event: 636.821 Executing VM operation: GetFrameCount done
Event: 636.821 Executing VM operation: GetOwnedMonitorInfo
Event: 636.821 Executing VM operation: GetOwnedMonitorInfo done
Event: 636.822 Executing VM operation: GetCurrentContendedMonitor
Event: 636.822 Executing VM operation: GetCurrentContendedMonitor done
Event: 659.888 Executing VM operation: GetFrameCount
Event: 659.888 Executing VM operation: GetFrameCount done
Event: 659.888 Executing VM operation: GetOwnedMonitorInfo
Event: 659.888 Executing VM operation: GetOwnedMonitorInfo done
Event: 659.888 Executing VM operation: GetCurrentContendedMonitor
Event: 659.888 Executing VM operation: GetCurrentContendedMonitor done
Event: 712.319 Executing VM operation: GetFrameLocation
Event: 712.319 Executing VM operation: GetFrameLocation done
Event: 712.320 Executing VM operation: GetOrSetLocal


Dynamic libraries:
0x00007ff6136d0000 - 0x00007ff6136dd000 	C:\Program Files\Amazon Corretto\jdk11.0.13_8\bin\javaw.exe
0x00007ffc2fd10000 - 0x00007ffc2ff05000 	C:\WINDOWS\SYSTEM32\ntdll.dll
0x00007ffc2e830000 - 0x00007ffc2e8ee000 	C:\WINDOWS\System32\KERNEL32.DLL
0x00007ffc2d7c0000 - 0x00007ffc2da88000 	C:\WINDOWS\System32\KERNELBASE.dll
0x00007ffc2d6c0000 - 0x00007ffc2d7c0000 	C:\WINDOWS\System32\ucrtbase.dll
0x00007ffc0f1d0000 - 0x00007ffc0f1e9000 	C:\Program Files\Amazon Corretto\jdk11.0.13_8\bin\VCRUNTIME140.dll
0x00007ffc10950000 - 0x00007ffc10967000 	C:\Program Files\Amazon Corretto\jdk11.0.13_8\bin\jli.dll
0x00007ffc2f580000 - 0x00007ffc2f720000 	C:\WINDOWS\System32\USER32.dll
0x00007ffc2db80000 - 0x00007ffc2dba2000 	C:\WINDOWS\System32\win32u.dll
0x00007ffc2f520000 - 0x00007ffc2f54b000 	C:\WINDOWS\System32\GDI32.dll
0x00007ffc2d420000 - 0x00007ffc2d52d000 	C:\WINDOWS\System32\gdi32full.dll
0x00007ffc2da90000 - 0x00007ffc2db2d000 	C:\WINDOWS\System32\msvcp_win.dll
0x00007ffc1cdf0000 - 0x00007ffc1d08a000 	C:\WINDOWS\WinSxS\amd64_microsoft.windows.common-controls_6595b64144ccf1df_6.0.19041.1110_none_60b5254171f9507e\COMCTL32.dll
0x00007ffc2e580000 - 0x00007ffc2e61e000 	C:\WINDOWS\System32\msvcrt.dll
0x00007ffc2f550000 - 0x00007ffc2f580000 	C:\WINDOWS\System32\IMM32.DLL
0x00007ffc0f130000 - 0x00007ffc0f1cb000 	C:\Program Files\Amazon Corretto\jdk11.0.13_8\bin\msvcp140.dll
0x00007ffbd3c40000 - 0x00007ffbd47bf000 	C:\Program Files\Amazon Corretto\jdk11.0.13_8\bin\server\jvm.dll
0x00007ffc2e470000 - 0x00007ffc2e51e000 	C:\WINDOWS\System32\ADVAPI32.dll
0x00007ffc2e3d0000 - 0x00007ffc2e46c000 	C:\WINDOWS\System32\sechost.dll
0x00007ffc2dd60000 - 0x00007ffc2de85000 	C:\WINDOWS\System32\RPCRT4.dll
0x00007ffc2f740000 - 0x00007ffc2f748000 	C:\WINDOWS\System32\PSAPI.DLL
0x00007ffc129b0000 - 0x00007ffc129b9000 	C:\WINDOWS\SYSTEM32\WSOCK32.dll
0x00007ffc14ab0000 - 0x00007ffc14ad7000 	C:\WINDOWS\SYSTEM32\WINMM.dll
0x00007ffc2fab0000 - 0x00007ffc2fb1b000 	C:\WINDOWS\System32\WS2_32.dll
0x00007ffc26460000 - 0x00007ffc2646a000 	C:\WINDOWS\SYSTEM32\VERSION.dll
0x00007ffc2bcb0000 - 0x00007ffc2bcc2000 	C:\WINDOWS\SYSTEM32\kernel.appcore.dll
0x00007ffc11f90000 - 0x00007ffc11fa0000 	C:\Program Files\Amazon Corretto\jdk11.0.13_8\bin\verify.dll
0x00007ffc2b8f0000 - 0x00007ffc2bad4000 	C:\WINDOWS\SYSTEM32\DBGHELP.DLL
0x00007ffc25d10000 - 0x00007ffc25d3c000 	C:\WINDOWS\SYSTEM32\dbgcore.DLL
0x00007ffc2dc60000 - 0x00007ffc2dce2000 	C:\WINDOWS\System32\bcryptPrimitives.dll
0x00007ffc068a0000 - 0x00007ffc068c8000 	C:\Program Files\Amazon Corretto\jdk11.0.13_8\bin\java.dll
0x00007ffc11430000 - 0x00007ffc1143a000 	C:\Program Files\Amazon Corretto\jdk11.0.13_8\bin\jimage.dll
0x00007ffc19580000 - 0x00007ffc195b8000 	C:\Program Files\Amazon Corretto\jdk11.0.13_8\bin\jdwp.dll
0x00007ffc27550000 - 0x00007ffc2755e000 	C:\Program Files\Amazon Corretto\jdk11.0.13_8\bin\instrument.dll
0x00007ffc06610000 - 0x00007ffc06627000 	C:\Program Files\Amazon Corretto\jdk11.0.13_8\bin\zip.dll
0x00007ffc2eae0000 - 0x00007ffc2f224000 	C:\WINDOWS\System32\SHELL32.dll
0x00007ffc2b150000 - 0x00007ffc2b8e4000 	C:\WINDOWS\SYSTEM32\windows.storage.dll
0x00007ffc2f750000 - 0x00007ffc2faa5000 	C:\WINDOWS\System32\combase.dll
0x00007ffc2cd90000 - 0x00007ffc2cdbe000 	C:\WINDOWS\SYSTEM32\Wldp.dll
0x00007ffc2e6e0000 - 0x00007ffc2e78d000 	C:\WINDOWS\System32\SHCORE.dll
0x00007ffc2e520000 - 0x00007ffc2e575000 	C:\WINDOWS\System32\shlwapi.dll
0x00007ffc2d360000 - 0x00007ffc2d37f000 	C:\WINDOWS\SYSTEM32\profapi.dll
0x00007ffc27520000 - 0x00007ffc2752a000 	C:\Program Files\Amazon Corretto\jdk11.0.13_8\bin\dt_socket.dll
0x00007ffc2cb70000 - 0x00007ffc2cbda000 	C:\WINDOWS\System32\mswsock.dll
0x00007ffc2c870000 - 0x00007ffc2c93b000 	C:\WINDOWS\SYSTEM32\DNSAPI.dll
0x00007ffc2c830000 - 0x00007ffc2c86b000 	C:\WINDOWS\SYSTEM32\IPHLPAPI.DLL
0x00007ffc2e6d0000 - 0x00007ffc2e6d8000 	C:\WINDOWS\System32\NSI.dll
0x00007ffc26c00000 - 0x00007ffc26c7f000 	C:\WINDOWS\System32\fwpuclnt.dll
0x00007ffc2d690000 - 0x00007ffc2d6b7000 	C:\WINDOWS\System32\bcrypt.dll
0x00007ffc27ac0000 - 0x00007ffc27aca000 	C:\Windows\System32\rasadhlp.dll
0x00007ffc050c0000 - 0x00007ffc050d9000 	C:\Program Files\Amazon Corretto\jdk11.0.13_8\bin\net.dll
0x00007ffc26f40000 - 0x00007ffc2704c000 	C:\WINDOWS\SYSTEM32\WINHTTP.dll
0x00007ffc05040000 - 0x00007ffc05052000 	C:\Program Files\Amazon Corretto\jdk11.0.13_8\bin\nio.dll
0x00007ffc27e40000 - 0x00007ffc27e49000 	C:\Program Files\Amazon Corretto\jdk11.0.13_8\bin\management.dll
0x00007ffc0fbe0000 - 0x00007ffc0fbeb000 	C:\Program Files\Amazon Corretto\jdk11.0.13_8\bin\management_ext.dll
0x00007ffc1ac50000 - 0x00007ffc1ac67000 	C:\WINDOWS\system32\napinsp.dll
0x00007ffc1ac30000 - 0x00007ffc1ac4b000 	C:\WINDOWS\system32\pnrpnsp.dll
0x00007ffc28590000 - 0x00007ffc285a5000 	C:\WINDOWS\system32\wshbth.dll
0x00007ffc27430000 - 0x00007ffc2744d000 	C:\WINDOWS\system32\NLAapi.dll
0x00007ffc1ac10000 - 0x00007ffc1ac22000 	C:\WINDOWS\System32\winrnr.dll

dbghelp: loaded successfully - version: 4.0.5 - missing functions: none
symbol engine: initialized successfully - sym options: 0x614 - pdb path: .;C:\Program Files\Amazon Corretto\jdk11.0.13_8\bin;C:\WINDOWS\SYSTEM32;C:\WINDOWS\WinSxS\amd64_microsoft.windows.common-controls_6595b64144ccf1df_6.0.19041.1110_none_60b5254171f9507e;C:\Program Files\Amazon Corretto\jdk11.0.13_8\bin\server

VM Arguments:
jvm_args: -agentlib:jdwp=transport=dt_socket,suspend=y,address=localhost:53421 -ea -javaagent:C:\Users\leong\eclipse\java-2021-12\eclipse\configuration\org.eclipse.osgi\221\0\.cp\lib\javaagent-shaded.jar -Dfile.encoding=UTF-8 
java_command: org.eclipse.jdt.internal.junit.runner.RemoteTestRunner -version 3 -port 53420 -testLoaderClass org.eclipse.jdt.internal.junit5.runner.JUnit5TestLoader -loaderpluginname org.eclipse.jdt.junit5.runtime -test com.nphcswe.controller.EmployeeControllerTest:getEmployeeSuccess -uniqueId [engine:junit-jupiter]/[class:com.nphcswe.controller.EmployeeControllerTest]/[method:getEmployeeSuccess()]
java_class_path (initial): C:\Users\leong\eclipse-workspace\yh.nphcswe\target\test-classes;C:\Users\leong\eclipse-workspace\yh.nphcswe\target\classes;C:\Users\leong\.m2\repository\org\springframework\boot\spring-boot-starter-data-jpa\2.6.3\spring-boot-starter-data-jpa-2.6.3.jar;C:\Users\leong\.m2\repository\org\springframework\boot\spring-boot-starter-aop\2.6.3\spring-boot-starter-aop-2.6.3.jar;C:\Users\leong\.m2\repository\org\springframework\spring-aop\5.3.15\spring-aop-5.3.15.jar;C:\Users\leong\.m2\repository\org\aspectj\aspectjweaver\1.9.7\aspectjweaver-1.9.7.jar;C:\Users\leong\.m2\repository\org\springframework\boot\spring-boot-starter-jdbc\2.6.3\spring-boot-starter-jdbc-2.6.3.jar;C:\Users\leong\.m2\repository\com\zaxxer\HikariCP\4.0.3\HikariCP-4.0.3.jar;C:\Users\leong\.m2\repository\org\springframework\spring-jdbc\5.3.15\spring-jdbc-5.3.15.jar;C:\Users\leong\.m2\repository\jakarta\transaction\jakarta.transaction-api\1.3.3\jakarta.transaction-api-1.3.3.jar;C:\Users\leong\.m2\repository\jakarta\persistence\jakarta.persistence-api\2.2.3\jakarta.persistence-api-2.2.3.jar;C:\Users\leong\.m2\repository\org\hibernate\hibernate-core\5.6.4.Final\hibernate-core-5.6.4.Final.jar;C:\Users\leong\.m2\repository\net\bytebuddy\byte-buddy\1.11.22\byte-buddy-1.11.22.jar;C:\Users\leong\.m2\repository\antlr\antlr\2.7.7\antlr-2.7.7.jar;C:\Users\leong\.m2\repository\org\jboss\jandex\2.4.2.Final\jandex-2.4.2.Final.jar;C:\Users\leong\.m2\repository\com\fasterxml\classmate\1.5.1\classmate-1.5.1.jar;C:\Users\leong\.m2\repository\org\hibernate\common\hibernate-commons-annotations\5.1.2.Final\hibernate-commons-annotations-5.1.2.Final.jar;C:\Users\leong\.m2\repository\org\springframework\data\spring-data-jpa\2.6.1\spring-data-jpa-2.6.1.jar;C:\Users\leong\.m2\repository\org\springframework\data\spring-data-commons\2.6.1\spring-data-commons-2.6.1.jar;C:\Users\leong\.m2\repository\org\springframework\spring-orm\5.3.15\spring-orm-5.3.15.jar;C:\Users\leong\.m2\repository\org\springframework\s
Launcher Type: SUN_STANDARD

[Global flags]
     intx CICompilerCount                          = 3                                         {product} {ergonomic}
     uint ConcGCThreads                            = 2                                         {product} {ergonomic}
     uint G1ConcRefinementThreads                  = 6                                         {product} {ergonomic}
   size_t G1HeapRegionSize                         = 1048576                                   {product} {ergonomic}
    uintx GCDrainStackTargetSize                   = 64                                        {product} {ergonomic}
   size_t InitialHeapSize                          = 268435456                                 {product} {ergonomic}
   size_t MarkStackSize                            = 4194304                                   {product} {ergonomic}
   size_t MaxHeapSize                              = 4278190080                                {product} {ergonomic}
   size_t MaxNewSize                               = 2566914048                                {product} {ergonomic}
   size_t MinHeapDeltaBytes                        = 1048576                                   {product} {ergonomic}
    uintx NonNMethodCodeHeapSize                   = 5830732                                {pd product} {ergonomic}
    uintx NonProfiledCodeHeapSize                  = 122913754                              {pd product} {ergonomic}
    uintx ProfiledCodeHeapSize                     = 122913754                              {pd product} {ergonomic}
    uintx ReservedCodeCacheSize                    = 251658240                              {pd product} {ergonomic}
     bool SegmentedCodeCache                       = true                                      {product} {ergonomic}
     bool UseCompressedClassPointers               = true                                 {lp64_product} {ergonomic}
     bool UseCompressedOops                        = true                                 {lp64_product} {ergonomic}
     bool UseG1GC                                  = true                                      {product} {ergonomic}
     bool UseLargePagesIndividualAllocation        = false                                  {pd product} {ergonomic}

Logging:
Log output configuration:
 #0: stdout all=warning uptime,level,tags
 #1: stderr all=off uptime,level,tags

Environment Variables:
JAVA_HOME=C:\Program Files\Amazon Corretto\jdk11.0.13_8
PATH=C:/Program Files/Amazon Corretto/jdk11.0.13_8/bin/server;C:/Program Files/Amazon Corretto/jdk11.0.13_8/bin;C:\Program Files\Amazon Corretto\jdk11.0.13_8\bin;C:\Program Files (x86)\Razer Chroma SDK\bin;C:\Program Files\Razer Chroma SDK\bin;C:\Program Files (x86)\Razer\ChromaBroadcast\bin;C:\Program Files\Razer\ChromaBroadcast\bin;C:\Windows\system32;C:\Windows;C:\Windows\System32\Wbem;C:\Windows\System32\WindowsPowerShell\v1.0\;C:\Windows\System32\OpenSSH\;C:\Program Files (x86)\NVIDIA Corporation\PhysX\Common;C:\Windows\system32\config\systemprofile\AppData\Local\Microsoft\WindowsApps;;C:\WINDOWS\system32;C:\WINDOWS;C:\WINDOWS\System32\Wbem;C:\WINDOWS\System32\WindowsPowerShell\v1.0\;C:\WINDOWS\System32\OpenSSH\;C:\Program Files\Docker\Docker\resources\bin;C:\ProgramData\DockerDesktop\version-bin;C:\Program Files\MySQL\MySQL Shell 8.0\bin\;C:\Users\leong\AppData\Local\Microsoft\WindowsApps;C:\Users\leong\AppData\Local\GitHubDesktop\bin;C:\Users\leong\Desktop;
USERNAME=leong
OS=Windows_NT
PROCESSOR_IDENTIFIER=Intel64 Family 6 Model 158 Stepping 10, GenuineIntel



---------------  S Y S T E M  ---------------

OS: Windows 10 , 64 bit Build 19041 (10.0.19041.1503)
OS uptime: 8 days 11:57 hours
Hyper-V role detected

CPU:total 6 (initial active 6) (6 cores per cpu, 1 threads per core) family 6 model 158 stepping 10 microcode 0xb4, cmov, cx8, fxsr, mmx, sse, sse2, sse3, ssse3, sse4.1, sse4.2, popcnt, avx, avx2, aes, clmul, erms, 3dnowpref, lzcnt, tsc, tscinvbit, bmi1, bmi2, adx, fma

Memory: 4k page, system-wide physical 16317M (3394M free)
TotalPageFile size 26557M (AvailPageFile size 6311M)
current process WorkingSet (physical memory assigned to process): 258M, peak: 336M
current process commit charge ("private bytes"): 408M, peak: 477M

vm_info: OpenJDK 64-Bit Server VM (11.0.13+8-LTS) for windows-amd64 JRE (11.0.13+8-LTS), built on Oct 13 2021 21:32:06 by "Administrator" with unknown MS VC++:1916

END.
